[2023-06-27T15:42:49.377+0000] {taskinstance.py:1090} INFO - Dependencies all met for dep_context=non-requeueable deps ti=<TaskInstance: get_pnadc_data_new.get_mongodb_data manual__2023-06-27T11:42:42-04:00 [queued]>
[2023-06-27T15:42:49.388+0000] {taskinstance.py:1090} INFO - Dependencies all met for dep_context=requeueable deps ti=<TaskInstance: get_pnadc_data_new.get_mongodb_data manual__2023-06-27T11:42:42-04:00 [queued]>
[2023-06-27T15:42:49.388+0000] {taskinstance.py:1288} INFO - 
--------------------------------------------------------------------------------
[2023-06-27T15:42:49.388+0000] {taskinstance.py:1289} INFO - Starting attempt 1 of 1
[2023-06-27T15:42:49.388+0000] {taskinstance.py:1290} INFO - 
--------------------------------------------------------------------------------
[2023-06-27T15:42:49.425+0000] {taskinstance.py:1309} INFO - Executing <Task(PythonOperator): get_mongodb_data> on 2023-06-27 15:42:42+00:00
[2023-06-27T15:42:49.430+0000] {standard_task_runner.py:55} INFO - Started process 5232 to run task
[2023-06-27T15:42:49.434+0000] {standard_task_runner.py:82} INFO - Running: ['***', 'tasks', 'run', 'get_pnadc_data_new', 'get_mongodb_data', 'manual__2023-06-27T11:42:42-04:00', '--job-id', '60', '--raw', '--subdir', 'DAGS_FOLDER/get_pnadc_data_new.py', '--cfg-path', '/tmp/tmp3p5rm671']
[2023-06-27T15:42:49.436+0000] {standard_task_runner.py:83} INFO - Job 60: Subtask get_mongodb_data
[2023-06-27T15:42:49.522+0000] {task_command.py:389} INFO - Running <TaskInstance: get_pnadc_data_new.get_mongodb_data manual__2023-06-27T11:42:42-04:00 [running]> on host fef15d81d3ea
[2023-06-27T15:42:49.671+0000] {taskinstance.py:1518} INFO - Exporting the following env vars:
AIRFLOW_CTX_DAG_OWNER=***
AIRFLOW_CTX_DAG_ID=get_pnadc_data_new
AIRFLOW_CTX_TASK_ID=get_mongodb_data
AIRFLOW_CTX_EXECUTION_DATE=2023-06-27T15:42:42+00:00
AIRFLOW_CTX_TRY_NUMBER=1
AIRFLOW_CTX_DAG_RUN_ID=manual__2023-06-27T11:42:42-04:00
[2023-06-27T15:42:49.685+0000] {base.py:73} INFO - Using connection ID 'mongodb_conn' for task execution.
[2023-06-27T15:42:52.666+0000] {logging_mixin.py:137} INFO - finished writing data
[2023-06-27T15:42:52.667+0000] {python.py:177} INFO - Done. Returned value was: None
[2023-06-27T15:42:52.679+0000] {taskinstance.py:1332} INFO - Marking task as SUCCESS. dag_id=get_pnadc_data_new, task_id=get_mongodb_data, execution_date=20230627T154242, start_date=20230627T154249, end_date=20230627T154252
[2023-06-27T15:42:52.750+0000] {local_task_job.py:212} INFO - Task exited with return code 0
[2023-06-27T15:42:52.795+0000] {taskinstance.py:2596} INFO - 1 downstream tasks scheduled from follow-on schedule check
