[2023-06-27T15:20:52.627+0000] {taskinstance.py:1090} INFO - Dependencies all met for dep_context=non-requeueable deps ti=<TaskInstance: get_pnadc_data_new.get_mongodb_data manual__2023-06-27T11:20:47-04:00 [queued]>
[2023-06-27T15:20:52.640+0000] {taskinstance.py:1090} INFO - Dependencies all met for dep_context=requeueable deps ti=<TaskInstance: get_pnadc_data_new.get_mongodb_data manual__2023-06-27T11:20:47-04:00 [queued]>
[2023-06-27T15:20:52.641+0000] {taskinstance.py:1288} INFO - 
--------------------------------------------------------------------------------
[2023-06-27T15:20:52.641+0000] {taskinstance.py:1289} INFO - Starting attempt 1 of 1
[2023-06-27T15:20:52.641+0000] {taskinstance.py:1290} INFO - 
--------------------------------------------------------------------------------
[2023-06-27T15:20:52.694+0000] {taskinstance.py:1309} INFO - Executing <Task(PythonOperator): get_mongodb_data> on 2023-06-27 15:20:47+00:00
[2023-06-27T15:20:52.714+0000] {standard_task_runner.py:55} INFO - Started process 3501 to run task
[2023-06-27T15:20:52.722+0000] {standard_task_runner.py:82} INFO - Running: ['***', 'tasks', 'run', 'get_pnadc_data_new', 'get_mongodb_data', 'manual__2023-06-27T11:20:47-04:00', '--job-id', '37', '--raw', '--subdir', 'DAGS_FOLDER/get_pnadc_data_new.py', '--cfg-path', '/tmp/tmpkhp6udc_']
[2023-06-27T15:20:52.726+0000] {standard_task_runner.py:83} INFO - Job 37: Subtask get_mongodb_data
[2023-06-27T15:20:52.859+0000] {task_command.py:389} INFO - Running <TaskInstance: get_pnadc_data_new.get_mongodb_data manual__2023-06-27T11:20:47-04:00 [running]> on host fef15d81d3ea
[2023-06-27T15:20:53.106+0000] {taskinstance.py:1518} INFO - Exporting the following env vars:
AIRFLOW_CTX_DAG_OWNER=***
AIRFLOW_CTX_DAG_ID=get_pnadc_data_new
AIRFLOW_CTX_TASK_ID=get_mongodb_data
AIRFLOW_CTX_EXECUTION_DATE=2023-06-27T15:20:47+00:00
AIRFLOW_CTX_TRY_NUMBER=1
AIRFLOW_CTX_DAG_RUN_ID=manual__2023-06-27T11:20:47-04:00
[2023-06-27T15:20:53.137+0000] {base.py:73} INFO - Using connection ID 'mongodb_conn' for task execution.
[2023-06-27T15:20:55.506+0000] {logging_mixin.py:137} INFO - finished writing data
[2023-06-27T15:20:55.508+0000] {python.py:177} INFO - Done. Returned value was: None
[2023-06-27T15:20:55.538+0000] {taskinstance.py:1332} INFO - Marking task as SUCCESS. dag_id=get_pnadc_data_new, task_id=get_mongodb_data, execution_date=20230627T152047, start_date=20230627T152052, end_date=20230627T152055
[2023-06-27T15:20:55.638+0000] {local_task_job.py:212} INFO - Task exited with return code 0
[2023-06-27T15:20:55.703+0000] {taskinstance.py:2596} INFO - 1 downstream tasks scheduled from follow-on schedule check
