[2023-06-27T07:52:59.094+0000] {taskinstance.py:1090} INFO - Dependencies all met for dep_context=non-requeueable deps ti=<TaskInstance: get_pnadc_data_new.get_mongodb_data manual__2023-06-27T07:52:53.961901+00:00 [queued]>
[2023-06-27T07:52:59.113+0000] {taskinstance.py:1090} INFO - Dependencies all met for dep_context=requeueable deps ti=<TaskInstance: get_pnadc_data_new.get_mongodb_data manual__2023-06-27T07:52:53.961901+00:00 [queued]>
[2023-06-27T07:52:59.113+0000] {taskinstance.py:1288} INFO - 
--------------------------------------------------------------------------------
[2023-06-27T07:52:59.114+0000] {taskinstance.py:1289} INFO - Starting attempt 1 of 1
[2023-06-27T07:52:59.114+0000] {taskinstance.py:1290} INFO - 
--------------------------------------------------------------------------------
[2023-06-27T07:52:59.160+0000] {taskinstance.py:1309} INFO - Executing <Task(PythonOperator): get_mongodb_data> on 2023-06-27 07:52:53.961901+00:00
[2023-06-27T07:52:59.168+0000] {standard_task_runner.py:55} INFO - Started process 4942 to run task
[2023-06-27T07:52:59.171+0000] {standard_task_runner.py:82} INFO - Running: ['***', 'tasks', 'run', 'get_pnadc_data_new', 'get_mongodb_data', 'manual__2023-06-27T07:52:53.961901+00:00', '--job-id', '11', '--raw', '--subdir', 'DAGS_FOLDER/get_pnadc_data_new.py', '--cfg-path', '/tmp/tmpvulr5b06']
[2023-06-27T07:52:59.173+0000] {standard_task_runner.py:83} INFO - Job 11: Subtask get_mongodb_data
[2023-06-27T07:52:59.324+0000] {task_command.py:389} INFO - Running <TaskInstance: get_pnadc_data_new.get_mongodb_data manual__2023-06-27T07:52:53.961901+00:00 [running]> on host 33a038a7552c
[2023-06-27T07:52:59.519+0000] {taskinstance.py:1518} INFO - Exporting the following env vars:
AIRFLOW_CTX_DAG_OWNER=***
AIRFLOW_CTX_DAG_ID=get_pnadc_data_new
AIRFLOW_CTX_TASK_ID=get_mongodb_data
AIRFLOW_CTX_EXECUTION_DATE=2023-06-27T07:52:53.961901+00:00
AIRFLOW_CTX_TRY_NUMBER=1
AIRFLOW_CTX_DAG_RUN_ID=manual__2023-06-27T07:52:53.961901+00:00
[2023-06-27T07:52:59.534+0000] {base.py:73} INFO - Using connection ID 'mongodb_conn' for task execution.
