[2023-06-27T19:26:49.491+0000] {taskinstance.py:1090} INFO - Dependencies all met for dep_context=non-requeueable deps ti=<TaskInstance: get_pnadc_data_new.cleans.clean_data_rename_cols manual__2023-06-27T15:26:19-04:00 [queued]>
[2023-06-27T19:26:49.501+0000] {taskinstance.py:1090} INFO - Dependencies all met for dep_context=requeueable deps ti=<TaskInstance: get_pnadc_data_new.cleans.clean_data_rename_cols manual__2023-06-27T15:26:19-04:00 [queued]>
[2023-06-27T19:26:49.501+0000] {taskinstance.py:1288} INFO - 
--------------------------------------------------------------------------------
[2023-06-27T19:26:49.501+0000] {taskinstance.py:1289} INFO - Starting attempt 1 of 1
[2023-06-27T19:26:49.501+0000] {taskinstance.py:1290} INFO - 
--------------------------------------------------------------------------------
[2023-06-27T19:26:49.542+0000] {taskinstance.py:1309} INFO - Executing <Task(PythonOperator): cleans.clean_data_rename_cols> on 2023-06-27 19:26:19+00:00
[2023-06-27T19:26:49.561+0000] {standard_task_runner.py:55} INFO - Started process 20404 to run task
[2023-06-27T19:26:49.568+0000] {standard_task_runner.py:82} INFO - Running: ['***', 'tasks', 'run', 'get_pnadc_data_new', 'cleans.clean_data_rename_cols', 'manual__2023-06-27T15:26:19-04:00', '--job-id', '95', '--raw', '--subdir', 'DAGS_FOLDER/get_pnadc_data_new.py', '--cfg-path', '/tmp/tmp325nhyua']
[2023-06-27T19:26:49.570+0000] {standard_task_runner.py:83} INFO - Job 95: Subtask cleans.clean_data_rename_cols
[2023-06-27T19:26:49.670+0000] {task_command.py:389} INFO - Running <TaskInstance: get_pnadc_data_new.cleans.clean_data_rename_cols manual__2023-06-27T15:26:19-04:00 [running]> on host fef15d81d3ea
[2023-06-27T19:26:49.807+0000] {taskinstance.py:1518} INFO - Exporting the following env vars:
AIRFLOW_CTX_DAG_OWNER=***
AIRFLOW_CTX_DAG_ID=get_pnadc_data_new
AIRFLOW_CTX_TASK_ID=cleans.clean_data_rename_cols
AIRFLOW_CTX_EXECUTION_DATE=2023-06-27T19:26:19+00:00
AIRFLOW_CTX_TRY_NUMBER=1
AIRFLOW_CTX_DAG_RUN_ID=manual__2023-06-27T15:26:19-04:00
[2023-06-27T19:26:49.871+0000] {python.py:177} INFO - Done. Returned value was: None
[2023-06-27T19:26:49.882+0000] {taskinstance.py:1332} INFO - Marking task as SUCCESS. dag_id=get_pnadc_data_new, task_id=cleans.clean_data_rename_cols, execution_date=20230627T192619, start_date=20230627T192649, end_date=20230627T192649
[2023-06-27T19:26:49.980+0000] {local_task_job.py:212} INFO - Task exited with return code 0
[2023-06-27T19:26:50.021+0000] {taskinstance.py:2596} INFO - 1 downstream tasks scheduled from follow-on schedule check
