[2023-06-29T19:09:46.665+0000] {taskinstance.py:1090} INFO - Dependencies all met for dep_context=non-requeueable deps ti=<TaskInstance: get_igbe_data.transfer_rds_cities_data_to_s3 manual__2023-06-29T15:08:38-04:00 [queued]>
[2023-06-29T19:09:46.675+0000] {taskinstance.py:1090} INFO - Dependencies all met for dep_context=requeueable deps ti=<TaskInstance: get_igbe_data.transfer_rds_cities_data_to_s3 manual__2023-06-29T15:08:38-04:00 [queued]>
[2023-06-29T19:09:46.676+0000] {taskinstance.py:1288} INFO - 
--------------------------------------------------------------------------------
[2023-06-29T19:09:46.676+0000] {taskinstance.py:1289} INFO - Starting attempt 1 of 1
[2023-06-29T19:09:46.676+0000] {taskinstance.py:1290} INFO - 
--------------------------------------------------------------------------------
[2023-06-29T19:09:46.750+0000] {taskinstance.py:1309} INFO - Executing <Task(PythonOperator): transfer_rds_cities_data_to_s3> on 2023-06-29 19:08:38+00:00
[2023-06-29T19:09:46.756+0000] {standard_task_runner.py:55} INFO - Started process 5002 to run task
[2023-06-29T19:09:46.759+0000] {standard_task_runner.py:82} INFO - Running: ['***', 'tasks', 'run', 'get_igbe_data', 'transfer_rds_cities_data_to_s3', 'manual__2023-06-29T15:08:38-04:00', '--job-id', '380', '--raw', '--subdir', 'DAGS_FOLDER/get_ibge_data.py', '--cfg-path', '/tmp/tmpoxm72n5g']
[2023-06-29T19:09:46.760+0000] {standard_task_runner.py:83} INFO - Job 380: Subtask transfer_rds_cities_data_to_s3
[2023-06-29T19:09:46.917+0000] {task_command.py:389} INFO - Running <TaskInstance: get_igbe_data.transfer_rds_cities_data_to_s3 manual__2023-06-29T15:08:38-04:00 [running]> on host 41bc33bbab58
[2023-06-29T19:09:47.364+0000] {taskinstance.py:1518} INFO - Exporting the following env vars:
AIRFLOW_CTX_DAG_OWNER=***
AIRFLOW_CTX_DAG_ID=get_igbe_data
AIRFLOW_CTX_TASK_ID=transfer_rds_cities_data_to_s3
AIRFLOW_CTX_EXECUTION_DATE=2023-06-29T19:08:38+00:00
AIRFLOW_CTX_TRY_NUMBER=1
AIRFLOW_CTX_DAG_RUN_ID=manual__2023-06-29T15:08:38-04:00
[2023-06-29T19:09:47.388+0000] {base.py:73} INFO - Using connection ID 'aws_conn' for task execution.
[2023-06-29T19:09:47.389+0000] {connection_wrapper.py:337} INFO - AWS Connection (conn_id='aws_conn', conn_type='aws') credentials retrieved from login and password.
[2023-06-29T19:09:48.793+0000] {base.py:73} INFO - Using connection ID 'postgres_conn' for task execution.
[2023-06-29T19:09:57.723+0000] {python.py:177} INFO - Done. Returned value was: None
[2023-06-29T19:09:57.761+0000] {taskinstance.py:1332} INFO - Marking task as SUCCESS. dag_id=get_igbe_data, task_id=transfer_rds_cities_data_to_s3, execution_date=20230629T190838, start_date=20230629T190946, end_date=20230629T190957
[2023-06-29T19:09:57.881+0000] {local_task_job.py:212} INFO - Task exited with return code 0
[2023-06-29T19:09:57.907+0000] {taskinstance.py:2596} INFO - 1 downstream tasks scheduled from follow-on schedule check
