[2023-06-28T01:46:27.052+0000] {taskinstance.py:1090} INFO - Dependencies all met for dep_context=non-requeueable deps ti=<TaskInstance: get_pnadc_data_new.upload_raw_data_to_s3 manual__2023-06-27T21:46:07-04:00 [queued]>
[2023-06-28T01:46:27.065+0000] {taskinstance.py:1090} INFO - Dependencies all met for dep_context=requeueable deps ti=<TaskInstance: get_pnadc_data_new.upload_raw_data_to_s3 manual__2023-06-27T21:46:07-04:00 [queued]>
[2023-06-28T01:46:27.065+0000] {taskinstance.py:1288} INFO - 
--------------------------------------------------------------------------------
[2023-06-28T01:46:27.065+0000] {taskinstance.py:1289} INFO - Starting attempt 1 of 1
[2023-06-28T01:46:27.066+0000] {taskinstance.py:1290} INFO - 
--------------------------------------------------------------------------------
[2023-06-28T01:46:27.114+0000] {taskinstance.py:1309} INFO - Executing <Task(LocalFilesystemToS3Operator): upload_raw_data_to_s3> on 2023-06-28 01:46:07+00:00
[2023-06-28T01:46:27.120+0000] {standard_task_runner.py:55} INFO - Started process 13463 to run task
[2023-06-28T01:46:27.125+0000] {standard_task_runner.py:82} INFO - Running: ['***', 'tasks', 'run', 'get_pnadc_data_new', 'upload_raw_data_to_s3', 'manual__2023-06-27T21:46:07-04:00', '--job-id', '188', '--raw', '--subdir', 'DAGS_FOLDER/get_pnadc_data_new.py', '--cfg-path', '/tmp/tmplib1jm5u']
[2023-06-28T01:46:27.127+0000] {standard_task_runner.py:83} INFO - Job 188: Subtask upload_raw_data_to_s3
[2023-06-28T01:46:27.217+0000] {task_command.py:389} INFO - Running <TaskInstance: get_pnadc_data_new.upload_raw_data_to_s3 manual__2023-06-27T21:46:07-04:00 [running]> on host 8b415078c232
[2023-06-28T01:46:27.588+0000] {taskinstance.py:1518} INFO - Exporting the following env vars:
AIRFLOW_CTX_DAG_OWNER=***
AIRFLOW_CTX_DAG_ID=get_pnadc_data_new
AIRFLOW_CTX_TASK_ID=upload_raw_data_to_s3
AIRFLOW_CTX_EXECUTION_DATE=2023-06-28T01:46:07+00:00
AIRFLOW_CTX_TRY_NUMBER=1
AIRFLOW_CTX_DAG_RUN_ID=manual__2023-06-27T21:46:07-04:00
[2023-06-28T01:46:27.604+0000] {base.py:73} INFO - Using connection ID 'aws_conn' for task execution.
[2023-06-28T01:46:27.605+0000] {connection_wrapper.py:337} INFO - AWS Connection (conn_id='aws_conn', conn_type='aws') credentials retrieved from login and password.
[2023-06-28T01:46:35.132+0000] {taskinstance.py:1332} INFO - Marking task as SUCCESS. dag_id=get_pnadc_data_new, task_id=upload_raw_data_to_s3, execution_date=20230628T014607, start_date=20230628T014627, end_date=20230628T014635
[2023-06-28T01:46:35.355+0000] {local_task_job.py:212} INFO - Task exited with return code 0
[2023-06-28T01:46:35.392+0000] {taskinstance.py:2596} INFO - 1 downstream tasks scheduled from follow-on schedule check
