[2023-06-29T19:00:49.697+0000] {taskinstance.py:1090} INFO - Dependencies all met for dep_context=non-requeueable deps ti=<TaskInstance: get_igbe_data.clean_data manual__2023-06-29T15:00:17-04:00 [queued]>
[2023-06-29T19:00:49.708+0000] {taskinstance.py:1090} INFO - Dependencies all met for dep_context=requeueable deps ti=<TaskInstance: get_igbe_data.clean_data manual__2023-06-29T15:00:17-04:00 [queued]>
[2023-06-29T19:00:49.708+0000] {taskinstance.py:1288} INFO - 
--------------------------------------------------------------------------------
[2023-06-29T19:00:49.708+0000] {taskinstance.py:1289} INFO - Starting attempt 1 of 1
[2023-06-29T19:00:49.708+0000] {taskinstance.py:1290} INFO - 
--------------------------------------------------------------------------------
[2023-06-29T19:00:49.748+0000] {taskinstance.py:1309} INFO - Executing <Task(PythonOperator): clean_data> on 2023-06-29 19:00:17+00:00
[2023-06-29T19:00:49.757+0000] {standard_task_runner.py:55} INFO - Started process 4293 to run task
[2023-06-29T19:00:49.760+0000] {standard_task_runner.py:82} INFO - Running: ['***', 'tasks', 'run', 'get_igbe_data', 'clean_data', 'manual__2023-06-29T15:00:17-04:00', '--job-id', '368', '--raw', '--subdir', 'DAGS_FOLDER/get_ibge_data.py', '--cfg-path', '/tmp/tmphuyx4krn']
[2023-06-29T19:00:49.762+0000] {standard_task_runner.py:83} INFO - Job 368: Subtask clean_data
[2023-06-29T19:00:49.904+0000] {task_command.py:389} INFO - Running <TaskInstance: get_igbe_data.clean_data manual__2023-06-29T15:00:17-04:00 [running]> on host 41bc33bbab58
[2023-06-29T19:00:50.276+0000] {taskinstance.py:1518} INFO - Exporting the following env vars:
AIRFLOW_CTX_DAG_OWNER=***
AIRFLOW_CTX_DAG_ID=get_igbe_data
AIRFLOW_CTX_TASK_ID=clean_data
AIRFLOW_CTX_EXECUTION_DATE=2023-06-29T19:00:17+00:00
AIRFLOW_CTX_TRY_NUMBER=1
AIRFLOW_CTX_DAG_RUN_ID=manual__2023-06-29T15:00:17-04:00
[2023-06-29T19:00:50.797+0000] {python.py:177} INFO - Done. Returned value was: None
[2023-06-29T19:00:50.809+0000] {taskinstance.py:1332} INFO - Marking task as SUCCESS. dag_id=get_igbe_data, task_id=clean_data, execution_date=20230629T190017, start_date=20230629T190049, end_date=20230629T190050
[2023-06-29T19:00:50.939+0000] {local_task_job.py:212} INFO - Task exited with return code 0
[2023-06-29T19:00:50.970+0000] {taskinstance.py:2596} INFO - 1 downstream tasks scheduled from follow-on schedule check
