[2023-06-26T21:24:02.187+0000] {taskinstance.py:1165} INFO - Dependencies all met for <TaskInstance: get_pnadc_data_new.upload_raw_data_to_s3 manual__2023-06-26T21:23:23.148432+00:00 [queued]>
[2023-06-26T21:24:02.225+0000] {taskinstance.py:1165} INFO - Dependencies all met for <TaskInstance: get_pnadc_data_new.upload_raw_data_to_s3 manual__2023-06-26T21:23:23.148432+00:00 [queued]>
[2023-06-26T21:24:02.225+0000] {taskinstance.py:1362} INFO - 
--------------------------------------------------------------------------------
[2023-06-26T21:24:02.225+0000] {taskinstance.py:1363} INFO - Starting attempt 1 of 1
[2023-06-26T21:24:02.225+0000] {taskinstance.py:1364} INFO - 
--------------------------------------------------------------------------------
[2023-06-26T21:24:02.293+0000] {taskinstance.py:1383} INFO - Executing <Task(LocalFilesystemToS3Operator): upload_raw_data_to_s3> on 2023-06-26 21:23:23.148432+00:00
[2023-06-26T21:24:02.305+0000] {standard_task_runner.py:55} INFO - Started process 1266 to run task
[2023-06-26T21:24:02.311+0000] {standard_task_runner.py:82} INFO - Running: ['***', 'tasks', 'run', 'get_pnadc_data_new', 'upload_raw_data_to_s3', 'manual__2023-06-26T21:23:23.148432+00:00', '--job-id', '44', '--raw', '--subdir', 'DAGS_FOLDER/get_pnadc_data_new.py', '--cfg-path', '/tmp/tmpcdza7urr']
[2023-06-26T21:24:02.313+0000] {standard_task_runner.py:83} INFO - Job 44: Subtask upload_raw_data_to_s3
[2023-06-26T21:24:02.416+0000] {task_command.py:376} INFO - Running <TaskInstance: get_pnadc_data_new.upload_raw_data_to_s3 manual__2023-06-26T21:23:23.148432+00:00 [running]> on host f5a823219759
[2023-06-26T21:24:02.589+0000] {taskinstance.py:1592} INFO - Exporting the following env vars:
AIRFLOW_CTX_DAG_OWNER=***
AIRFLOW_CTX_DAG_ID=get_pnadc_data_new
AIRFLOW_CTX_TASK_ID=upload_raw_data_to_s3
AIRFLOW_CTX_EXECUTION_DATE=2023-06-26T21:23:23.148432+00:00
AIRFLOW_CTX_TRY_NUMBER=1
AIRFLOW_CTX_DAG_RUN_ID=manual__2023-06-26T21:23:23.148432+00:00
[2023-06-26T21:24:02.608+0000] {base.py:71} INFO - Using connection ID 'aws_conn' for task execution.
[2023-06-26T21:24:02.609+0000] {connection_wrapper.py:303} INFO - AWS Connection (conn_id='aws_conn', conn_type='aws') credentials retrieved from login and password.
[2023-06-26T21:24:32.022+0000] {taskinstance.py:1406} INFO - Marking task as SUCCESS. dag_id=get_pnadc_data_new, task_id=upload_raw_data_to_s3, execution_date=20230626T212323, start_date=20230626T212402, end_date=20230626T212432
[2023-06-26T21:24:32.121+0000] {local_task_job.py:164} INFO - Task exited with return code 0
[2023-06-26T21:24:32.195+0000] {local_task_job.py:273} INFO - 1 downstream tasks scheduled from follow-on schedule check
