[2023-06-27T22:12:55.411+0000] {taskinstance.py:1090} INFO - Dependencies all met for dep_context=non-requeueable deps ti=<TaskInstance: get_pnadc_data_new.upload_raw_data_to_s3 manual__2023-06-27T18:12:45-04:00 [queued]>
[2023-06-27T22:12:55.430+0000] {taskinstance.py:1090} INFO - Dependencies all met for dep_context=requeueable deps ti=<TaskInstance: get_pnadc_data_new.upload_raw_data_to_s3 manual__2023-06-27T18:12:45-04:00 [queued]>
[2023-06-27T22:12:55.431+0000] {taskinstance.py:1288} INFO - 
--------------------------------------------------------------------------------
[2023-06-27T22:12:55.431+0000] {taskinstance.py:1289} INFO - Starting attempt 1 of 1
[2023-06-27T22:12:55.431+0000] {taskinstance.py:1290} INFO - 
--------------------------------------------------------------------------------
[2023-06-27T22:12:55.493+0000] {taskinstance.py:1309} INFO - Executing <Task(LocalFilesystemToS3Operator): upload_raw_data_to_s3> on 2023-06-27 22:12:45+00:00
[2023-06-27T22:12:55.501+0000] {standard_task_runner.py:55} INFO - Started process 32771 to run task
[2023-06-27T22:12:55.505+0000] {standard_task_runner.py:82} INFO - Running: ['***', 'tasks', 'run', 'get_pnadc_data_new', 'upload_raw_data_to_s3', 'manual__2023-06-27T18:12:45-04:00', '--job-id', '168', '--raw', '--subdir', 'DAGS_FOLDER/get_pnadc_data_new.py', '--cfg-path', '/tmp/tmp6e5a4wlp']
[2023-06-27T22:12:55.507+0000] {standard_task_runner.py:83} INFO - Job 168: Subtask upload_raw_data_to_s3
[2023-06-27T22:12:55.601+0000] {task_command.py:389} INFO - Running <TaskInstance: get_pnadc_data_new.upload_raw_data_to_s3 manual__2023-06-27T18:12:45-04:00 [running]> on host fef15d81d3ea
[2023-06-27T22:12:55.955+0000] {taskinstance.py:1518} INFO - Exporting the following env vars:
AIRFLOW_CTX_DAG_OWNER=***
AIRFLOW_CTX_DAG_ID=get_pnadc_data_new
AIRFLOW_CTX_TASK_ID=upload_raw_data_to_s3
AIRFLOW_CTX_EXECUTION_DATE=2023-06-27T22:12:45+00:00
AIRFLOW_CTX_TRY_NUMBER=1
AIRFLOW_CTX_DAG_RUN_ID=manual__2023-06-27T18:12:45-04:00
[2023-06-27T22:12:55.969+0000] {base.py:73} INFO - Using connection ID 'aws_conn' for task execution.
[2023-06-27T22:12:55.970+0000] {connection_wrapper.py:337} INFO - AWS Connection (conn_id='aws_conn', conn_type='aws') credentials retrieved from login and password.
[2023-06-27T22:12:58.188+0000] {taskinstance.py:1332} INFO - Marking task as SUCCESS. dag_id=get_pnadc_data_new, task_id=upload_raw_data_to_s3, execution_date=20230627T221245, start_date=20230627T221255, end_date=20230627T221258
[2023-06-27T22:12:58.294+0000] {local_task_job.py:212} INFO - Task exited with return code 0
[2023-06-27T22:12:58.369+0000] {taskinstance.py:2596} INFO - 1 downstream tasks scheduled from follow-on schedule check
