[2023-06-29T00:38:46.212+0000] {taskinstance.py:1090} INFO - Dependencies all met for dep_context=non-requeueable deps ti=<TaskInstance: get_pnadc_data_new.get_mongodb_data manual__2023-06-28T20:38:34-04:00 [queued]>
[2023-06-29T00:38:46.265+0000] {taskinstance.py:1090} INFO - Dependencies all met for dep_context=requeueable deps ti=<TaskInstance: get_pnadc_data_new.get_mongodb_data manual__2023-06-28T20:38:34-04:00 [queued]>
[2023-06-29T00:38:46.265+0000] {taskinstance.py:1288} INFO - 
--------------------------------------------------------------------------------
[2023-06-29T00:38:46.265+0000] {taskinstance.py:1289} INFO - Starting attempt 1 of 1
[2023-06-29T00:38:46.265+0000] {taskinstance.py:1290} INFO - 
--------------------------------------------------------------------------------
[2023-06-29T00:38:46.312+0000] {taskinstance.py:1309} INFO - Executing <Task(PythonOperator): get_mongodb_data> on 2023-06-29 00:38:34+00:00
[2023-06-29T00:38:46.318+0000] {standard_task_runner.py:55} INFO - Started process 16606 to run task
[2023-06-29T00:38:46.321+0000] {standard_task_runner.py:82} INFO - Running: ['***', 'tasks', 'run', 'get_pnadc_data_new', 'get_mongodb_data', 'manual__2023-06-28T20:38:34-04:00', '--job-id', '323', '--raw', '--subdir', 'DAGS_FOLDER/get_pnadc_data_new.py', '--cfg-path', '/tmp/tmpt1ax07z0']
[2023-06-29T00:38:46.323+0000] {standard_task_runner.py:83} INFO - Job 323: Subtask get_mongodb_data
[2023-06-29T00:38:46.429+0000] {task_command.py:389} INFO - Running <TaskInstance: get_pnadc_data_new.get_mongodb_data manual__2023-06-28T20:38:34-04:00 [running]> on host d9b032dfc97f
[2023-06-29T00:38:46.946+0000] {taskinstance.py:1518} INFO - Exporting the following env vars:
AIRFLOW_CTX_DAG_OWNER=***
AIRFLOW_CTX_DAG_ID=get_pnadc_data_new
AIRFLOW_CTX_TASK_ID=get_mongodb_data
AIRFLOW_CTX_EXECUTION_DATE=2023-06-29T00:38:34+00:00
AIRFLOW_CTX_TRY_NUMBER=1
AIRFLOW_CTX_DAG_RUN_ID=manual__2023-06-28T20:38:34-04:00
[2023-06-29T00:38:46.976+0000] {base.py:73} INFO - Using connection ID 'mongodb_conn' for task execution.
[2023-06-29T00:50:13.537+0000] {local_task_job.py:277} WARNING - State of this instance has been externally set to failed. Terminating instance.
[2023-06-29T00:50:13.540+0000] {process_utils.py:133} INFO - Sending Signals.SIGTERM to group 16606. PIDs of all processes in the group: [16606]
[2023-06-29T00:50:13.541+0000] {process_utils.py:84} INFO - Sending the signal Signals.SIGTERM to group 16606
[2023-06-29T00:50:13.541+0000] {taskinstance.py:1488} ERROR - Received SIGTERM. Terminating subprocesses.
[2023-06-29T00:50:15.301+0000] {process_utils.py:79} INFO - Process psutil.Process(pid=16606, status='terminated', exitcode=0, started='00:38:46') (16606) terminated with exit code 0
