[2023-06-29T21:56:59.687+0000] {taskinstance.py:1090} INFO - Dependencies all met for dep_context=non-requeueable deps ti=<TaskInstance: get_igbe_data.clean_data manual__2023-06-29T17:56:08-04:00 [queued]>
[2023-06-29T21:56:59.699+0000] {taskinstance.py:1090} INFO - Dependencies all met for dep_context=requeueable deps ti=<TaskInstance: get_igbe_data.clean_data manual__2023-06-29T17:56:08-04:00 [queued]>
[2023-06-29T21:56:59.699+0000] {taskinstance.py:1288} INFO - 
--------------------------------------------------------------------------------
[2023-06-29T21:56:59.700+0000] {taskinstance.py:1289} INFO - Starting attempt 1 of 1
[2023-06-29T21:56:59.700+0000] {taskinstance.py:1290} INFO - 
--------------------------------------------------------------------------------
[2023-06-29T21:56:59.764+0000] {taskinstance.py:1309} INFO - Executing <Task(PythonOperator): clean_data> on 2023-06-29 21:56:08+00:00
[2023-06-29T21:56:59.784+0000] {standard_task_runner.py:55} INFO - Started process 10348 to run task
[2023-06-29T21:56:59.790+0000] {standard_task_runner.py:82} INFO - Running: ['***', 'tasks', 'run', 'get_igbe_data', 'clean_data', 'manual__2023-06-29T17:56:08-04:00', '--job-id', '81', '--raw', '--subdir', 'DAGS_FOLDER/get_ibge_data.py', '--cfg-path', '/tmp/tmp8qnr7g3h']
[2023-06-29T21:56:59.794+0000] {standard_task_runner.py:83} INFO - Job 81: Subtask clean_data
[2023-06-29T21:56:59.934+0000] {task_command.py:389} INFO - Running <TaskInstance: get_igbe_data.clean_data manual__2023-06-29T17:56:08-04:00 [running]> on host b4b1b6c8b5f0
[2023-06-29T21:57:00.397+0000] {taskinstance.py:1518} INFO - Exporting the following env vars:
AIRFLOW_CTX_DAG_OWNER=***
AIRFLOW_CTX_DAG_ID=get_igbe_data
AIRFLOW_CTX_TASK_ID=clean_data
AIRFLOW_CTX_EXECUTION_DATE=2023-06-29T21:56:08+00:00
AIRFLOW_CTX_TRY_NUMBER=1
AIRFLOW_CTX_DAG_RUN_ID=manual__2023-06-29T17:56:08-04:00
[2023-06-29T21:57:01.200+0000] {python.py:177} INFO - Done. Returned value was: None
[2023-06-29T21:57:01.210+0000] {taskinstance.py:1332} INFO - Marking task as SUCCESS. dag_id=get_igbe_data, task_id=clean_data, execution_date=20230629T215608, start_date=20230629T215659, end_date=20230629T215701
[2023-06-29T21:57:01.452+0000] {local_task_job.py:212} INFO - Task exited with return code 0
[2023-06-29T21:57:01.486+0000] {taskinstance.py:2596} INFO - 1 downstream tasks scheduled from follow-on schedule check
