[2023-06-29T20:39:33.052+0000] {taskinstance.py:1090} INFO - Dependencies all met for dep_context=non-requeueable deps ti=<TaskInstance: get_pnadc_data.cleans.clean_data_rename_cols manual__2023-06-29T16:37:50-04:00 [queued]>
[2023-06-29T20:39:33.064+0000] {taskinstance.py:1090} INFO - Dependencies all met for dep_context=requeueable deps ti=<TaskInstance: get_pnadc_data.cleans.clean_data_rename_cols manual__2023-06-29T16:37:50-04:00 [queued]>
[2023-06-29T20:39:33.064+0000] {taskinstance.py:1288} INFO - 
--------------------------------------------------------------------------------
[2023-06-29T20:39:33.064+0000] {taskinstance.py:1289} INFO - Starting attempt 1 of 1
[2023-06-29T20:39:33.064+0000] {taskinstance.py:1290} INFO - 
--------------------------------------------------------------------------------
[2023-06-29T20:39:33.100+0000] {taskinstance.py:1309} INFO - Executing <Task(PythonOperator): cleans.clean_data_rename_cols> on 2023-06-29 20:37:50+00:00
[2023-06-29T20:39:33.106+0000] {standard_task_runner.py:55} INFO - Started process 4449 to run task
[2023-06-29T20:39:33.110+0000] {standard_task_runner.py:82} INFO - Running: ['***', 'tasks', 'run', 'get_pnadc_data', 'cleans.clean_data_rename_cols', 'manual__2023-06-29T16:37:50-04:00', '--job-id', '47', '--raw', '--subdir', 'DAGS_FOLDER/get_pnadc_data.py', '--cfg-path', '/tmp/tmpqn7irmbx']
[2023-06-29T20:39:33.112+0000] {standard_task_runner.py:83} INFO - Job 47: Subtask cleans.clean_data_rename_cols
[2023-06-29T20:39:33.209+0000] {task_command.py:389} INFO - Running <TaskInstance: get_pnadc_data.cleans.clean_data_rename_cols manual__2023-06-29T16:37:50-04:00 [running]> on host b4b1b6c8b5f0
[2023-06-29T20:39:33.534+0000] {taskinstance.py:1518} INFO - Exporting the following env vars:
AIRFLOW_CTX_DAG_OWNER=***
AIRFLOW_CTX_DAG_ID=get_pnadc_data
AIRFLOW_CTX_TASK_ID=cleans.clean_data_rename_cols
AIRFLOW_CTX_EXECUTION_DATE=2023-06-29T20:37:50+00:00
AIRFLOW_CTX_TRY_NUMBER=1
AIRFLOW_CTX_DAG_RUN_ID=manual__2023-06-29T16:37:50-04:00
[2023-06-29T20:39:41.527+0000] {python.py:177} INFO - Done. Returned value was: None
[2023-06-29T20:39:41.539+0000] {taskinstance.py:1332} INFO - Marking task as SUCCESS. dag_id=get_pnadc_data, task_id=cleans.clean_data_rename_cols, execution_date=20230629T203750, start_date=20230629T203933, end_date=20230629T203941
[2023-06-29T20:39:41.741+0000] {local_task_job.py:212} INFO - Task exited with return code 0
[2023-06-29T20:39:41.780+0000] {taskinstance.py:2596} INFO - 1 downstream tasks scheduled from follow-on schedule check
