[2023-06-29T21:07:24.469+0000] {taskinstance.py:1090} INFO - Dependencies all met for dep_context=non-requeueable deps ti=<TaskInstance: get_igbe_data.upload_clean_data_to_s3 manual__2023-06-29T17:06:32-04:00 [queued]>
[2023-06-29T21:07:24.479+0000] {taskinstance.py:1090} INFO - Dependencies all met for dep_context=requeueable deps ti=<TaskInstance: get_igbe_data.upload_clean_data_to_s3 manual__2023-06-29T17:06:32-04:00 [queued]>
[2023-06-29T21:07:24.479+0000] {taskinstance.py:1288} INFO - 
--------------------------------------------------------------------------------
[2023-06-29T21:07:24.479+0000] {taskinstance.py:1289} INFO - Starting attempt 1 of 1
[2023-06-29T21:07:24.479+0000] {taskinstance.py:1290} INFO - 
--------------------------------------------------------------------------------
[2023-06-29T21:07:24.516+0000] {taskinstance.py:1309} INFO - Executing <Task(LocalFilesystemToS3Operator): upload_clean_data_to_s3> on 2023-06-29 21:06:32+00:00
[2023-06-29T21:07:24.522+0000] {standard_task_runner.py:55} INFO - Started process 6576 to run task
[2023-06-29T21:07:24.525+0000] {standard_task_runner.py:82} INFO - Running: ['***', 'tasks', 'run', 'get_igbe_data', 'upload_clean_data_to_s3', 'manual__2023-06-29T17:06:32-04:00', '--job-id', '63', '--raw', '--subdir', 'DAGS_FOLDER/get_ibge_data.py', '--cfg-path', '/tmp/tmpefx7mcx6']
[2023-06-29T21:07:24.526+0000] {standard_task_runner.py:83} INFO - Job 63: Subtask upload_clean_data_to_s3
[2023-06-29T21:07:24.614+0000] {task_command.py:389} INFO - Running <TaskInstance: get_igbe_data.upload_clean_data_to_s3 manual__2023-06-29T17:06:32-04:00 [running]> on host b4b1b6c8b5f0
[2023-06-29T21:07:25.034+0000] {taskinstance.py:1518} INFO - Exporting the following env vars:
AIRFLOW_CTX_DAG_OWNER=***
AIRFLOW_CTX_DAG_ID=get_igbe_data
AIRFLOW_CTX_TASK_ID=upload_clean_data_to_s3
AIRFLOW_CTX_EXECUTION_DATE=2023-06-29T21:06:32+00:00
AIRFLOW_CTX_TRY_NUMBER=1
AIRFLOW_CTX_DAG_RUN_ID=manual__2023-06-29T17:06:32-04:00
[2023-06-29T21:07:25.043+0000] {base.py:73} INFO - Using connection ID 'aws_conn' for task execution.
[2023-06-29T21:07:25.044+0000] {connection_wrapper.py:337} INFO - AWS Connection (conn_id='aws_conn', conn_type='aws') credentials retrieved from login and password.
[2023-06-29T21:07:32.033+0000] {taskinstance.py:1332} INFO - Marking task as SUCCESS. dag_id=get_igbe_data, task_id=upload_clean_data_to_s3, execution_date=20230629T210632, start_date=20230629T210724, end_date=20230629T210732
[2023-06-29T21:07:32.149+0000] {local_task_job.py:212} INFO - Task exited with return code 0
[2023-06-29T21:07:32.190+0000] {taskinstance.py:2596} INFO - 1 downstream tasks scheduled from follow-on schedule check
