[2023-06-28T04:20:53.401+0000] {taskinstance.py:1090} INFO - Dependencies all met for dep_context=non-requeueable deps ti=<TaskInstance: get_pnadc_data_new.get_s3_raw_data manual__2023-06-28T00:20:37-04:00 [queued]>
[2023-06-28T04:20:53.418+0000] {taskinstance.py:1090} INFO - Dependencies all met for dep_context=requeueable deps ti=<TaskInstance: get_pnadc_data_new.get_s3_raw_data manual__2023-06-28T00:20:37-04:00 [queued]>
[2023-06-28T04:20:53.418+0000] {taskinstance.py:1288} INFO - 
--------------------------------------------------------------------------------
[2023-06-28T04:20:53.418+0000] {taskinstance.py:1289} INFO - Starting attempt 1 of 1
[2023-06-28T04:20:53.418+0000] {taskinstance.py:1290} INFO - 
--------------------------------------------------------------------------------
[2023-06-28T04:20:53.481+0000] {taskinstance.py:1309} INFO - Executing <Task(PythonOperator): get_s3_raw_data> on 2023-06-28 04:20:37+00:00
[2023-06-28T04:20:53.494+0000] {standard_task_runner.py:55} INFO - Started process 24214 to run task
[2023-06-28T04:20:53.498+0000] {standard_task_runner.py:82} INFO - Running: ['***', 'tasks', 'run', 'get_pnadc_data_new', 'get_s3_raw_data', 'manual__2023-06-28T00:20:37-04:00', '--job-id', '212', '--raw', '--subdir', 'DAGS_FOLDER/get_pnadc_data_new.py', '--cfg-path', '/tmp/tmpgefa1ii1']
[2023-06-28T04:20:53.500+0000] {standard_task_runner.py:83} INFO - Job 212: Subtask get_s3_raw_data
[2023-06-28T04:20:53.655+0000] {task_command.py:389} INFO - Running <TaskInstance: get_pnadc_data_new.get_s3_raw_data manual__2023-06-28T00:20:37-04:00 [running]> on host 8b415078c232
[2023-06-28T04:20:54.181+0000] {taskinstance.py:1518} INFO - Exporting the following env vars:
AIRFLOW_CTX_DAG_OWNER=***
AIRFLOW_CTX_DAG_ID=get_pnadc_data_new
AIRFLOW_CTX_TASK_ID=get_s3_raw_data
AIRFLOW_CTX_EXECUTION_DATE=2023-06-28T04:20:37+00:00
AIRFLOW_CTX_TRY_NUMBER=1
AIRFLOW_CTX_DAG_RUN_ID=manual__2023-06-28T00:20:37-04:00
[2023-06-28T04:20:54.197+0000] {base.py:73} INFO - Using connection ID 'aws_conn' for task execution.
[2023-06-28T04:20:54.198+0000] {connection_wrapper.py:337} INFO - AWS Connection (conn_id='aws_conn', conn_type='aws') credentials retrieved from login and password.
[2023-06-28T04:20:56.366+0000] {python.py:177} INFO - Done. Returned value was: None
[2023-06-28T04:20:56.391+0000] {taskinstance.py:1332} INFO - Marking task as SUCCESS. dag_id=get_pnadc_data_new, task_id=get_s3_raw_data, execution_date=20230628T042037, start_date=20230628T042053, end_date=20230628T042056
[2023-06-28T04:20:56.489+0000] {local_task_job.py:212} INFO - Task exited with return code 0
[2023-06-28T04:20:56.574+0000] {taskinstance.py:2596} INFO - 1 downstream tasks scheduled from follow-on schedule check
