[2023-06-28T21:19:29.749+0000] {taskinstance.py:1090} INFO - Dependencies all met for dep_context=non-requeueable deps ti=<TaskInstance: get_pnadc_data_new.cleans.clean_data_rename_cols manual__2023-06-28T17:19:09-04:00 [queued]>
[2023-06-28T21:19:29.761+0000] {taskinstance.py:1090} INFO - Dependencies all met for dep_context=requeueable deps ti=<TaskInstance: get_pnadc_data_new.cleans.clean_data_rename_cols manual__2023-06-28T17:19:09-04:00 [queued]>
[2023-06-28T21:19:29.761+0000] {taskinstance.py:1288} INFO - 
--------------------------------------------------------------------------------
[2023-06-28T21:19:29.761+0000] {taskinstance.py:1289} INFO - Starting attempt 1 of 1
[2023-06-28T21:19:29.761+0000] {taskinstance.py:1290} INFO - 
--------------------------------------------------------------------------------
[2023-06-28T21:19:29.798+0000] {taskinstance.py:1309} INFO - Executing <Task(PythonOperator): cleans.clean_data_rename_cols> on 2023-06-28 21:19:09+00:00
[2023-06-28T21:19:29.804+0000] {standard_task_runner.py:55} INFO - Started process 1840 to run task
[2023-06-28T21:19:29.808+0000] {standard_task_runner.py:82} INFO - Running: ['***', 'tasks', 'run', 'get_pnadc_data_new', 'cleans.clean_data_rename_cols', 'manual__2023-06-28T17:19:09-04:00', '--job-id', '278', '--raw', '--subdir', 'DAGS_FOLDER/get_pnadc_data_new.py', '--cfg-path', '/tmp/tmpcn1l4ir0']
[2023-06-28T21:19:29.810+0000] {standard_task_runner.py:83} INFO - Job 278: Subtask cleans.clean_data_rename_cols
[2023-06-28T21:19:29.936+0000] {task_command.py:389} INFO - Running <TaskInstance: get_pnadc_data_new.cleans.clean_data_rename_cols manual__2023-06-28T17:19:09-04:00 [running]> on host d9b032dfc97f
[2023-06-28T21:19:30.324+0000] {taskinstance.py:1518} INFO - Exporting the following env vars:
AIRFLOW_CTX_DAG_OWNER=***
AIRFLOW_CTX_DAG_ID=get_pnadc_data_new
AIRFLOW_CTX_TASK_ID=cleans.clean_data_rename_cols
AIRFLOW_CTX_EXECUTION_DATE=2023-06-28T21:19:09+00:00
AIRFLOW_CTX_TRY_NUMBER=1
AIRFLOW_CTX_DAG_RUN_ID=manual__2023-06-28T17:19:09-04:00
[2023-06-28T21:19:30.351+0000] {python.py:177} INFO - Done. Returned value was: None
[2023-06-28T21:19:30.363+0000] {taskinstance.py:1332} INFO - Marking task as SUCCESS. dag_id=get_pnadc_data_new, task_id=cleans.clean_data_rename_cols, execution_date=20230628T211909, start_date=20230628T211929, end_date=20230628T211930
[2023-06-28T21:19:30.464+0000] {local_task_job.py:212} INFO - Task exited with return code 0
[2023-06-28T21:19:30.514+0000] {taskinstance.py:2596} INFO - 1 downstream tasks scheduled from follow-on schedule check
