[2023-06-29T20:20:21.444+0000] {taskinstance.py:1090} INFO - Dependencies all met for dep_context=non-requeueable deps ti=<TaskInstance: get_pnadc_data.upload_clean_data_to_s3 manual__2023-06-29T16:19:51-04:00 [queued]>
[2023-06-29T20:20:21.460+0000] {taskinstance.py:1090} INFO - Dependencies all met for dep_context=requeueable deps ti=<TaskInstance: get_pnadc_data.upload_clean_data_to_s3 manual__2023-06-29T16:19:51-04:00 [queued]>
[2023-06-29T20:20:21.460+0000] {taskinstance.py:1288} INFO - 
--------------------------------------------------------------------------------
[2023-06-29T20:20:21.460+0000] {taskinstance.py:1289} INFO - Starting attempt 1 of 1
[2023-06-29T20:20:21.460+0000] {taskinstance.py:1290} INFO - 
--------------------------------------------------------------------------------
[2023-06-29T20:20:21.594+0000] {taskinstance.py:1309} INFO - Executing <Task(LocalFilesystemToS3Operator): upload_clean_data_to_s3> on 2023-06-29 20:19:51+00:00
[2023-06-29T20:20:21.601+0000] {standard_task_runner.py:55} INFO - Started process 2943 to run task
[2023-06-29T20:20:21.604+0000] {standard_task_runner.py:82} INFO - Running: ['***', 'tasks', 'run', 'get_pnadc_data', 'upload_clean_data_to_s3', 'manual__2023-06-29T16:19:51-04:00', '--job-id', '38', '--raw', '--subdir', 'DAGS_FOLDER/get_pnadc_data.py', '--cfg-path', '/tmp/tmpwht0rv95']
[2023-06-29T20:20:21.606+0000] {standard_task_runner.py:83} INFO - Job 38: Subtask upload_clean_data_to_s3
[2023-06-29T20:20:21.691+0000] {task_command.py:389} INFO - Running <TaskInstance: get_pnadc_data.upload_clean_data_to_s3 manual__2023-06-29T16:19:51-04:00 [running]> on host b4b1b6c8b5f0
[2023-06-29T20:20:22.098+0000] {taskinstance.py:1518} INFO - Exporting the following env vars:
AIRFLOW_CTX_DAG_OWNER=***
AIRFLOW_CTX_DAG_ID=get_pnadc_data
AIRFLOW_CTX_TASK_ID=upload_clean_data_to_s3
AIRFLOW_CTX_EXECUTION_DATE=2023-06-29T20:19:51+00:00
AIRFLOW_CTX_TRY_NUMBER=1
AIRFLOW_CTX_DAG_RUN_ID=manual__2023-06-29T16:19:51-04:00
[2023-06-29T20:20:22.112+0000] {base.py:73} INFO - Using connection ID 'aws_conn' for task execution.
[2023-06-29T20:20:22.112+0000] {connection_wrapper.py:337} INFO - AWS Connection (conn_id='aws_conn', conn_type='aws') credentials retrieved from login and password.
[2023-06-29T20:20:26.552+0000] {taskinstance.py:1332} INFO - Marking task as SUCCESS. dag_id=get_pnadc_data, task_id=upload_clean_data_to_s3, execution_date=20230629T201951, start_date=20230629T202021, end_date=20230629T202026
[2023-06-29T20:20:26.750+0000] {local_task_job.py:212} INFO - Task exited with return code 0
[2023-06-29T20:20:26.803+0000] {taskinstance.py:2596} INFO - 1 downstream tasks scheduled from follow-on schedule check
