[2023-06-27T15:20:07.190+0000] {taskinstance.py:1090} INFO - Dependencies all met for dep_context=non-requeueable deps ti=<TaskInstance: get_pnadc_data_new.get_mongodb_data manual__2023-06-27T11:20:00-04:00 [queued]>
[2023-06-27T15:20:07.203+0000] {taskinstance.py:1090} INFO - Dependencies all met for dep_context=requeueable deps ti=<TaskInstance: get_pnadc_data_new.get_mongodb_data manual__2023-06-27T11:20:00-04:00 [queued]>
[2023-06-27T15:20:07.203+0000] {taskinstance.py:1288} INFO - 
--------------------------------------------------------------------------------
[2023-06-27T15:20:07.203+0000] {taskinstance.py:1289} INFO - Starting attempt 1 of 1
[2023-06-27T15:20:07.203+0000] {taskinstance.py:1290} INFO - 
--------------------------------------------------------------------------------
[2023-06-27T15:20:07.244+0000] {taskinstance.py:1309} INFO - Executing <Task(PythonOperator): get_mongodb_data> on 2023-06-27 15:20:00+00:00
[2023-06-27T15:20:07.251+0000] {standard_task_runner.py:55} INFO - Started process 3419 to run task
[2023-06-27T15:20:07.255+0000] {standard_task_runner.py:82} INFO - Running: ['***', 'tasks', 'run', 'get_pnadc_data_new', 'get_mongodb_data', 'manual__2023-06-27T11:20:00-04:00', '--job-id', '30', '--raw', '--subdir', 'DAGS_FOLDER/get_pnadc_data_new.py', '--cfg-path', '/tmp/tmpk9sw1kqc']
[2023-06-27T15:20:07.257+0000] {standard_task_runner.py:83} INFO - Job 30: Subtask get_mongodb_data
[2023-06-27T15:20:07.359+0000] {task_command.py:389} INFO - Running <TaskInstance: get_pnadc_data_new.get_mongodb_data manual__2023-06-27T11:20:00-04:00 [running]> on host fef15d81d3ea
[2023-06-27T15:20:07.664+0000] {taskinstance.py:1518} INFO - Exporting the following env vars:
AIRFLOW_CTX_DAG_OWNER=***
AIRFLOW_CTX_DAG_ID=get_pnadc_data_new
AIRFLOW_CTX_TASK_ID=get_mongodb_data
AIRFLOW_CTX_EXECUTION_DATE=2023-06-27T15:20:00+00:00
AIRFLOW_CTX_TRY_NUMBER=1
AIRFLOW_CTX_DAG_RUN_ID=manual__2023-06-27T11:20:00-04:00
[2023-06-27T15:20:07.680+0000] {base.py:73} INFO - Using connection ID 'mongodb_conn' for task execution.
[2023-06-27T15:20:10.824+0000] {logging_mixin.py:137} INFO - finished writing data
[2023-06-27T15:20:10.827+0000] {python.py:177} INFO - Done. Returned value was: None
[2023-06-27T15:20:10.838+0000] {taskinstance.py:1332} INFO - Marking task as SUCCESS. dag_id=get_pnadc_data_new, task_id=get_mongodb_data, execution_date=20230627T152000, start_date=20230627T152007, end_date=20230627T152010
[2023-06-27T15:20:10.950+0000] {local_task_job.py:212} INFO - Task exited with return code 0
[2023-06-27T15:20:11.024+0000] {taskinstance.py:2596} INFO - 1 downstream tasks scheduled from follow-on schedule check
