[2023-06-28T04:28:49.112+0000] {taskinstance.py:1090} INFO - Dependencies all met for dep_context=non-requeueable deps ti=<TaskInstance: get_pnadc_data_new.cleans.clean_data_rename_cols manual__2023-06-28T00:27:39-04:00 [queued]>
[2023-06-28T04:28:49.125+0000] {taskinstance.py:1090} INFO - Dependencies all met for dep_context=requeueable deps ti=<TaskInstance: get_pnadc_data_new.cleans.clean_data_rename_cols manual__2023-06-28T00:27:39-04:00 [queued]>
[2023-06-28T04:28:49.126+0000] {taskinstance.py:1288} INFO - 
--------------------------------------------------------------------------------
[2023-06-28T04:28:49.126+0000] {taskinstance.py:1289} INFO - Starting attempt 1 of 1
[2023-06-28T04:28:49.126+0000] {taskinstance.py:1290} INFO - 
--------------------------------------------------------------------------------
[2023-06-28T04:28:49.170+0000] {taskinstance.py:1309} INFO - Executing <Task(PythonOperator): cleans.clean_data_rename_cols> on 2023-06-28 04:27:39+00:00
[2023-06-28T04:28:49.178+0000] {standard_task_runner.py:55} INFO - Started process 24799 to run task
[2023-06-28T04:28:49.183+0000] {standard_task_runner.py:82} INFO - Running: ['***', 'tasks', 'run', 'get_pnadc_data_new', 'cleans.clean_data_rename_cols', 'manual__2023-06-28T00:27:39-04:00', '--job-id', '220', '--raw', '--subdir', 'DAGS_FOLDER/get_pnadc_data_new.py', '--cfg-path', '/tmp/tmp5sw4oz2m']
[2023-06-28T04:28:49.184+0000] {standard_task_runner.py:83} INFO - Job 220: Subtask cleans.clean_data_rename_cols
[2023-06-28T04:28:49.422+0000] {task_command.py:389} INFO - Running <TaskInstance: get_pnadc_data_new.cleans.clean_data_rename_cols manual__2023-06-28T00:27:39-04:00 [running]> on host 8b415078c232
[2023-06-28T04:28:49.847+0000] {taskinstance.py:1518} INFO - Exporting the following env vars:
AIRFLOW_CTX_DAG_OWNER=***
AIRFLOW_CTX_DAG_ID=get_pnadc_data_new
AIRFLOW_CTX_TASK_ID=cleans.clean_data_rename_cols
AIRFLOW_CTX_EXECUTION_DATE=2023-06-28T04:27:39+00:00
AIRFLOW_CTX_TRY_NUMBER=1
AIRFLOW_CTX_DAG_RUN_ID=manual__2023-06-28T00:27:39-04:00
[2023-06-28T04:28:49.972+0000] {python.py:177} INFO - Done. Returned value was: None
[2023-06-28T04:28:49.985+0000] {taskinstance.py:1332} INFO - Marking task as SUCCESS. dag_id=get_pnadc_data_new, task_id=cleans.clean_data_rename_cols, execution_date=20230628T042739, start_date=20230628T042849, end_date=20230628T042849
[2023-06-28T04:28:50.079+0000] {local_task_job.py:212} INFO - Task exited with return code 0
[2023-06-28T04:28:50.117+0000] {taskinstance.py:2596} INFO - 1 downstream tasks scheduled from follow-on schedule check
