[2023-06-27T18:52:22.958+0000] {taskinstance.py:1090} INFO - Dependencies all met for dep_context=non-requeueable deps ti=<TaskInstance: get_pnadc_data_new.cleans.clean_data_rename_cols manual__2023-06-27T14:51:26-04:00 [queued]>
[2023-06-27T18:52:22.971+0000] {taskinstance.py:1090} INFO - Dependencies all met for dep_context=requeueable deps ti=<TaskInstance: get_pnadc_data_new.cleans.clean_data_rename_cols manual__2023-06-27T14:51:26-04:00 [queued]>
[2023-06-27T18:52:22.971+0000] {taskinstance.py:1288} INFO - 
--------------------------------------------------------------------------------
[2023-06-27T18:52:22.971+0000] {taskinstance.py:1289} INFO - Starting attempt 1 of 1
[2023-06-27T18:52:22.971+0000] {taskinstance.py:1290} INFO - 
--------------------------------------------------------------------------------
[2023-06-27T18:52:23.016+0000] {taskinstance.py:1309} INFO - Executing <Task(PythonOperator): cleans.clean_data_rename_cols> on 2023-06-27 18:51:26+00:00
[2023-06-27T18:52:23.027+0000] {standard_task_runner.py:55} INFO - Started process 17847 to run task
[2023-06-27T18:52:23.032+0000] {standard_task_runner.py:82} INFO - Running: ['***', 'tasks', 'run', 'get_pnadc_data_new', 'cleans.clean_data_rename_cols', 'manual__2023-06-27T14:51:26-04:00', '--job-id', '79', '--raw', '--subdir', 'DAGS_FOLDER/get_pnadc_data_new.py', '--cfg-path', '/tmp/tmpv9qnwr2f']
[2023-06-27T18:52:23.034+0000] {standard_task_runner.py:83} INFO - Job 79: Subtask cleans.clean_data_rename_cols
[2023-06-27T18:52:23.215+0000] {task_command.py:389} INFO - Running <TaskInstance: get_pnadc_data_new.cleans.clean_data_rename_cols manual__2023-06-27T14:51:26-04:00 [running]> on host fef15d81d3ea
[2023-06-27T18:52:23.416+0000] {taskinstance.py:1518} INFO - Exporting the following env vars:
AIRFLOW_CTX_DAG_OWNER=***
AIRFLOW_CTX_DAG_ID=get_pnadc_data_new
AIRFLOW_CTX_TASK_ID=cleans.clean_data_rename_cols
AIRFLOW_CTX_EXECUTION_DATE=2023-06-27T18:51:26+00:00
AIRFLOW_CTX_TRY_NUMBER=1
AIRFLOW_CTX_DAG_RUN_ID=manual__2023-06-27T14:51:26-04:00
[2023-06-27T18:52:23.851+0000] {python.py:177} INFO - Done. Returned value was: None
[2023-06-27T18:52:23.867+0000] {taskinstance.py:1332} INFO - Marking task as SUCCESS. dag_id=get_pnadc_data_new, task_id=cleans.clean_data_rename_cols, execution_date=20230627T185126, start_date=20230627T185222, end_date=20230627T185223
[2023-06-27T18:52:24.049+0000] {local_task_job.py:212} INFO - Task exited with return code 0
[2023-06-27T18:52:24.134+0000] {taskinstance.py:2596} INFO - 1 downstream tasks scheduled from follow-on schedule check
