[2023-06-29T20:50:38.605+0000] {taskinstance.py:1090} INFO - Dependencies all met for dep_context=non-requeueable deps ti=<TaskInstance: get_pnadc_data.transfer_s3_to_redshift manual__2023-06-29T16:42:38-04:00 [queued]>
[2023-06-29T20:50:38.616+0000] {taskinstance.py:1090} INFO - Dependencies all met for dep_context=requeueable deps ti=<TaskInstance: get_pnadc_data.transfer_s3_to_redshift manual__2023-06-29T16:42:38-04:00 [queued]>
[2023-06-29T20:50:38.616+0000] {taskinstance.py:1288} INFO - 
--------------------------------------------------------------------------------
[2023-06-29T20:50:38.616+0000] {taskinstance.py:1289} INFO - Starting attempt 1 of 1
[2023-06-29T20:50:38.616+0000] {taskinstance.py:1290} INFO - 
--------------------------------------------------------------------------------
[2023-06-29T20:50:38.652+0000] {taskinstance.py:1309} INFO - Executing <Task(S3ToRedshiftOperator): transfer_s3_to_redshift> on 2023-06-29 20:42:38+00:00
[2023-06-29T20:50:38.662+0000] {standard_task_runner.py:55} INFO - Started process 5328 to run task
[2023-06-29T20:50:38.667+0000] {standard_task_runner.py:82} INFO - Running: ['***', 'tasks', 'run', 'get_pnadc_data', 'transfer_s3_to_redshift', 'manual__2023-06-29T16:42:38-04:00', '--job-id', '58', '--raw', '--subdir', 'DAGS_FOLDER/get_pnadc_data.py', '--cfg-path', '/tmp/tmpf8i0dzk6']
[2023-06-29T20:50:38.670+0000] {standard_task_runner.py:83} INFO - Job 58: Subtask transfer_s3_to_redshift
[2023-06-29T20:50:38.758+0000] {task_command.py:389} INFO - Running <TaskInstance: get_pnadc_data.transfer_s3_to_redshift manual__2023-06-29T16:42:38-04:00 [running]> on host b4b1b6c8b5f0
[2023-06-29T20:50:39.118+0000] {taskinstance.py:1518} INFO - Exporting the following env vars:
AIRFLOW_CTX_DAG_OWNER=***
AIRFLOW_CTX_DAG_ID=get_pnadc_data
AIRFLOW_CTX_TASK_ID=transfer_s3_to_redshift
AIRFLOW_CTX_EXECUTION_DATE=2023-06-29T20:42:38+00:00
AIRFLOW_CTX_TRY_NUMBER=1
AIRFLOW_CTX_DAG_RUN_ID=manual__2023-06-29T16:42:38-04:00
[2023-06-29T20:50:39.137+0000] {base.py:73} INFO - Using connection ID 'aws_conn' for task execution.
[2023-06-29T20:50:39.148+0000] {base.py:73} INFO - Using connection ID 'aws_conn' for task execution.
[2023-06-29T20:50:39.148+0000] {connection_wrapper.py:337} INFO - AWS Connection (conn_id='aws_conn', conn_type='aws') credentials retrieved from login and password.
[2023-06-29T20:50:39.166+0000] {s3_to_redshift.py:164} INFO - Executing COPY command...
[2023-06-29T20:50:39.176+0000] {base.py:73} INFO - Using connection ID 'redshift_conn' for task execution.
[2023-06-29T20:50:41.457+0000] {sql.py:375} INFO - Running statement: 
                    COPY public.filtered_people_info_mulheres_adultas 
                    FROM 's3://ibgebucket-data-pnadc/pnadc_data_2023/filter/filter_processed_data_pnadc_2023_06_29.csv'
                    credentials
                    'aws_access_key_id=AKIARUML2T4G3H7J744G;aws_secret_access_key=***'
                    DELIMITER ','
			NULL AS ''
			IGNOREHEADER 1;
        , parameters: None
[2023-06-29T20:50:45.347+0000] {s3_to_redshift.py:166} INFO - COPY command complete...
[2023-06-29T20:50:45.357+0000] {taskinstance.py:1332} INFO - Marking task as SUCCESS. dag_id=get_pnadc_data, task_id=transfer_s3_to_redshift, execution_date=20230629T204238, start_date=20230629T205038, end_date=20230629T205045
[2023-06-29T20:50:45.459+0000] {local_task_job.py:212} INFO - Task exited with return code 0
[2023-06-29T20:50:45.476+0000] {taskinstance.py:2596} INFO - 0 downstream tasks scheduled from follow-on schedule check
