[2023-06-27T19:14:50.319+0000] {taskinstance.py:1090} INFO - Dependencies all met for dep_context=non-requeueable deps ti=<TaskInstance: get_pnadc_data_new.transfer_s3_to_rds manual__2023-06-27T15:12:36-04:00 [queued]>
[2023-06-27T19:14:50.335+0000] {taskinstance.py:1090} INFO - Dependencies all met for dep_context=requeueable deps ti=<TaskInstance: get_pnadc_data_new.transfer_s3_to_rds manual__2023-06-27T15:12:36-04:00 [queued]>
[2023-06-27T19:14:50.335+0000] {taskinstance.py:1288} INFO - 
--------------------------------------------------------------------------------
[2023-06-27T19:14:50.335+0000] {taskinstance.py:1289} INFO - Starting attempt 1 of 1
[2023-06-27T19:14:50.336+0000] {taskinstance.py:1290} INFO - 
--------------------------------------------------------------------------------
[2023-06-27T19:14:50.391+0000] {taskinstance.py:1309} INFO - Executing <Task(S3ToSqlOperator): transfer_s3_to_rds> on 2023-06-27 19:12:36+00:00
[2023-06-27T19:14:50.399+0000] {standard_task_runner.py:55} INFO - Started process 19480 to run task
[2023-06-27T19:14:50.402+0000] {standard_task_runner.py:82} INFO - Running: ['***', 'tasks', 'run', 'get_pnadc_data_new', 'transfer_s3_to_rds', 'manual__2023-06-27T15:12:36-04:00', '--job-id', '90', '--raw', '--subdir', 'DAGS_FOLDER/get_pnadc_data_new.py', '--cfg-path', '/tmp/tmpdp8kck4r']
[2023-06-27T19:14:50.404+0000] {standard_task_runner.py:83} INFO - Job 90: Subtask transfer_s3_to_rds
[2023-06-27T19:14:50.516+0000] {task_command.py:389} INFO - Running <TaskInstance: get_pnadc_data_new.transfer_s3_to_rds manual__2023-06-27T15:12:36-04:00 [running]> on host fef15d81d3ea
[2023-06-27T19:14:50.707+0000] {taskinstance.py:1518} INFO - Exporting the following env vars:
AIRFLOW_CTX_DAG_OWNER=***
AIRFLOW_CTX_DAG_ID=get_pnadc_data_new
AIRFLOW_CTX_TASK_ID=transfer_s3_to_rds
AIRFLOW_CTX_EXECUTION_DATE=2023-06-27T19:12:36+00:00
AIRFLOW_CTX_TRY_NUMBER=1
AIRFLOW_CTX_DAG_RUN_ID=manual__2023-06-27T15:12:36-04:00
[2023-06-27T19:14:50.708+0000] {s3_to_sql.py:101} INFO - Loading testfiles/processed/processed_data_pnadc_2023_06_27.csv to SQL table people_info...
[2023-06-27T19:14:50.717+0000] {base.py:73} INFO - Using connection ID 'aws_conn' for task execution.
[2023-06-27T19:14:50.718+0000] {connection_wrapper.py:337} INFO - AWS Connection (conn_id='aws_conn', conn_type='aws') credentials retrieved from login and password.
[2023-06-27T19:14:52.508+0000] {base.py:73} INFO - Using connection ID 'postgres_conn' for task execution.
[2023-06-27T19:14:52.821+0000] {base.py:73} INFO - Using connection ID 'postgres_conn' for task execution.
[2023-06-27T19:16:00.098+0000] {sql.py:473} INFO - Done loading. Loaded a total of 100 rows into people_info
[2023-06-27T19:16:00.137+0000] {taskinstance.py:1332} INFO - Marking task as SUCCESS. dag_id=get_pnadc_data_new, task_id=transfer_s3_to_rds, execution_date=20230627T191236, start_date=20230627T191450, end_date=20230627T191600
[2023-06-27T19:16:00.339+0000] {local_task_job.py:212} INFO - Task exited with return code 0
[2023-06-27T19:16:00.374+0000] {taskinstance.py:2596} INFO - 1 downstream tasks scheduled from follow-on schedule check
