[2023-06-28T21:13:02.652+0000] {taskinstance.py:1090} INFO - Dependencies all met for dep_context=non-requeueable deps ti=<TaskInstance: get_pnadc_data_new.get_s3_raw_data manual__2023-06-28T17:12:42-04:00 [queued]>
[2023-06-28T21:13:02.663+0000] {taskinstance.py:1090} INFO - Dependencies all met for dep_context=requeueable deps ti=<TaskInstance: get_pnadc_data_new.get_s3_raw_data manual__2023-06-28T17:12:42-04:00 [queued]>
[2023-06-28T21:13:02.663+0000] {taskinstance.py:1288} INFO - 
--------------------------------------------------------------------------------
[2023-06-28T21:13:02.663+0000] {taskinstance.py:1289} INFO - Starting attempt 1 of 1
[2023-06-28T21:13:02.663+0000] {taskinstance.py:1290} INFO - 
--------------------------------------------------------------------------------
[2023-06-28T21:13:02.706+0000] {taskinstance.py:1309} INFO - Executing <Task(PythonOperator): get_s3_raw_data> on 2023-06-28 21:12:42+00:00
[2023-06-28T21:13:02.713+0000] {standard_task_runner.py:55} INFO - Started process 1310 to run task
[2023-06-28T21:13:02.718+0000] {standard_task_runner.py:82} INFO - Running: ['***', 'tasks', 'run', 'get_pnadc_data_new', 'get_s3_raw_data', 'manual__2023-06-28T17:12:42-04:00', '--job-id', '268', '--raw', '--subdir', 'DAGS_FOLDER/get_pnadc_data_new.py', '--cfg-path', '/tmp/tmpqpq6sj5_']
[2023-06-28T21:13:02.720+0000] {standard_task_runner.py:83} INFO - Job 268: Subtask get_s3_raw_data
[2023-06-28T21:13:02.808+0000] {task_command.py:389} INFO - Running <TaskInstance: get_pnadc_data_new.get_s3_raw_data manual__2023-06-28T17:12:42-04:00 [running]> on host d9b032dfc97f
[2023-06-28T21:13:03.441+0000] {taskinstance.py:1518} INFO - Exporting the following env vars:
AIRFLOW_CTX_DAG_OWNER=***
AIRFLOW_CTX_DAG_ID=get_pnadc_data_new
AIRFLOW_CTX_TASK_ID=get_s3_raw_data
AIRFLOW_CTX_EXECUTION_DATE=2023-06-28T21:12:42+00:00
AIRFLOW_CTX_TRY_NUMBER=1
AIRFLOW_CTX_DAG_RUN_ID=manual__2023-06-28T17:12:42-04:00
[2023-06-28T21:13:03.457+0000] {base.py:73} INFO - Using connection ID 'aws_conn' for task execution.
[2023-06-28T21:13:03.457+0000] {connection_wrapper.py:337} INFO - AWS Connection (conn_id='aws_conn', conn_type='aws') credentials retrieved from login and password.
[2023-06-28T21:13:05.545+0000] {python.py:177} INFO - Done. Returned value was: None
[2023-06-28T21:13:05.554+0000] {taskinstance.py:1332} INFO - Marking task as SUCCESS. dag_id=get_pnadc_data_new, task_id=get_s3_raw_data, execution_date=20230628T211242, start_date=20230628T211302, end_date=20230628T211305
[2023-06-28T21:13:05.626+0000] {local_task_job.py:212} INFO - Task exited with return code 0
[2023-06-28T21:13:05.662+0000] {taskinstance.py:2596} INFO - 1 downstream tasks scheduled from follow-on schedule check
