[2023-06-29T19:00:43.472+0000] {taskinstance.py:1090} INFO - Dependencies all met for dep_context=non-requeueable deps ti=<TaskInstance: get_igbe_data.upload_to_s3 manual__2023-06-29T15:00:17-04:00 [queued]>
[2023-06-29T19:00:43.483+0000] {taskinstance.py:1090} INFO - Dependencies all met for dep_context=requeueable deps ti=<TaskInstance: get_igbe_data.upload_to_s3 manual__2023-06-29T15:00:17-04:00 [queued]>
[2023-06-29T19:00:43.484+0000] {taskinstance.py:1288} INFO - 
--------------------------------------------------------------------------------
[2023-06-29T19:00:43.484+0000] {taskinstance.py:1289} INFO - Starting attempt 1 of 1
[2023-06-29T19:00:43.484+0000] {taskinstance.py:1290} INFO - 
--------------------------------------------------------------------------------
[2023-06-29T19:00:43.528+0000] {taskinstance.py:1309} INFO - Executing <Task(LocalFilesystemToS3Operator): upload_to_s3> on 2023-06-29 19:00:17+00:00
[2023-06-29T19:00:43.535+0000] {standard_task_runner.py:55} INFO - Started process 4288 to run task
[2023-06-29T19:00:43.538+0000] {standard_task_runner.py:82} INFO - Running: ['***', 'tasks', 'run', 'get_igbe_data', 'upload_to_s3', 'manual__2023-06-29T15:00:17-04:00', '--job-id', '367', '--raw', '--subdir', 'DAGS_FOLDER/get_ibge_data.py', '--cfg-path', '/tmp/tmp63ef_ynz']
[2023-06-29T19:00:43.540+0000] {standard_task_runner.py:83} INFO - Job 367: Subtask upload_to_s3
[2023-06-29T19:00:43.633+0000] {task_command.py:389} INFO - Running <TaskInstance: get_igbe_data.upload_to_s3 manual__2023-06-29T15:00:17-04:00 [running]> on host 41bc33bbab58
[2023-06-29T19:00:44.021+0000] {taskinstance.py:1518} INFO - Exporting the following env vars:
AIRFLOW_CTX_DAG_OWNER=***
AIRFLOW_CTX_DAG_ID=get_igbe_data
AIRFLOW_CTX_TASK_ID=upload_to_s3
AIRFLOW_CTX_EXECUTION_DATE=2023-06-29T19:00:17+00:00
AIRFLOW_CTX_TRY_NUMBER=1
AIRFLOW_CTX_DAG_RUN_ID=manual__2023-06-29T15:00:17-04:00
[2023-06-29T19:00:44.035+0000] {base.py:73} INFO - Using connection ID 'aws_conn' for task execution.
[2023-06-29T19:00:44.035+0000] {connection_wrapper.py:337} INFO - AWS Connection (conn_id='aws_conn', conn_type='aws') credentials retrieved from login and password.
[2023-06-29T19:00:48.154+0000] {taskinstance.py:1332} INFO - Marking task as SUCCESS. dag_id=get_igbe_data, task_id=upload_to_s3, execution_date=20230629T190017, start_date=20230629T190043, end_date=20230629T190048
[2023-06-29T19:00:48.224+0000] {local_task_job.py:212} INFO - Task exited with return code 0
[2023-06-29T19:00:48.265+0000] {taskinstance.py:2596} INFO - 1 downstream tasks scheduled from follow-on schedule check
