[2023-06-27T15:31:13.053+0000] {taskinstance.py:1090} INFO - Dependencies all met for dep_context=non-requeueable deps ti=<TaskInstance: get_pnadc_data_new.cleans.clean_data_mod_rows manual__2023-06-27T11:30:43-04:00 [queued]>
[2023-06-27T15:31:13.068+0000] {taskinstance.py:1090} INFO - Dependencies all met for dep_context=requeueable deps ti=<TaskInstance: get_pnadc_data_new.cleans.clean_data_mod_rows manual__2023-06-27T11:30:43-04:00 [queued]>
[2023-06-27T15:31:13.068+0000] {taskinstance.py:1288} INFO - 
--------------------------------------------------------------------------------
[2023-06-27T15:31:13.068+0000] {taskinstance.py:1289} INFO - Starting attempt 1 of 1
[2023-06-27T15:31:13.068+0000] {taskinstance.py:1290} INFO - 
--------------------------------------------------------------------------------
[2023-06-27T15:31:13.105+0000] {taskinstance.py:1309} INFO - Executing <Task(PythonOperator): cleans.clean_data_mod_rows> on 2023-06-27 15:30:43+00:00
[2023-06-27T15:31:13.112+0000] {standard_task_runner.py:55} INFO - Started process 4357 to run task
[2023-06-27T15:31:13.116+0000] {standard_task_runner.py:82} INFO - Running: ['***', 'tasks', 'run', 'get_pnadc_data_new', 'cleans.clean_data_mod_rows', 'manual__2023-06-27T11:30:43-04:00', '--job-id', '57', '--raw', '--subdir', 'DAGS_FOLDER/get_pnadc_data_new.py', '--cfg-path', '/tmp/tmplwtjz17m']
[2023-06-27T15:31:13.118+0000] {standard_task_runner.py:83} INFO - Job 57: Subtask cleans.clean_data_mod_rows
[2023-06-27T15:31:13.241+0000] {task_command.py:389} INFO - Running <TaskInstance: get_pnadc_data_new.cleans.clean_data_mod_rows manual__2023-06-27T11:30:43-04:00 [running]> on host fef15d81d3ea
[2023-06-27T15:31:13.444+0000] {taskinstance.py:1518} INFO - Exporting the following env vars:
AIRFLOW_CTX_DAG_OWNER=***
AIRFLOW_CTX_DAG_ID=get_pnadc_data_new
AIRFLOW_CTX_TASK_ID=cleans.clean_data_mod_rows
AIRFLOW_CTX_EXECUTION_DATE=2023-06-27T15:30:43+00:00
AIRFLOW_CTX_TRY_NUMBER=1
AIRFLOW_CTX_DAG_RUN_ID=manual__2023-06-27T11:30:43-04:00
[2023-06-27T15:31:13.468+0000] {python.py:177} INFO - Done. Returned value was: None
[2023-06-27T15:31:13.484+0000] {taskinstance.py:1332} INFO - Marking task as SUCCESS. dag_id=get_pnadc_data_new, task_id=cleans.clean_data_mod_rows, execution_date=20230627T153043, start_date=20230627T153113, end_date=20230627T153113
[2023-06-27T15:31:13.569+0000] {local_task_job.py:212} INFO - Task exited with return code 0
[2023-06-27T15:31:13.613+0000] {taskinstance.py:2596} INFO - 0 downstream tasks scheduled from follow-on schedule check
