[2023-06-29T21:07:55.942+0000] {taskinstance.py:1090} INFO - Dependencies all met for dep_context=non-requeueable deps ti=<TaskInstance: get_igbe_data.transfer_rds_states_data_to_s3 manual__2023-06-29T17:06:32-04:00 [queued]>
[2023-06-29T21:07:55.963+0000] {taskinstance.py:1090} INFO - Dependencies all met for dep_context=requeueable deps ti=<TaskInstance: get_igbe_data.transfer_rds_states_data_to_s3 manual__2023-06-29T17:06:32-04:00 [queued]>
[2023-06-29T21:07:55.963+0000] {taskinstance.py:1288} INFO - 
--------------------------------------------------------------------------------
[2023-06-29T21:07:55.963+0000] {taskinstance.py:1289} INFO - Starting attempt 1 of 1
[2023-06-29T21:07:55.964+0000] {taskinstance.py:1290} INFO - 
--------------------------------------------------------------------------------
[2023-06-29T21:07:56.064+0000] {taskinstance.py:1309} INFO - Executing <Task(PythonOperator): transfer_rds_states_data_to_s3> on 2023-06-29 21:06:32+00:00
[2023-06-29T21:07:56.076+0000] {standard_task_runner.py:55} INFO - Started process 6629 to run task
[2023-06-29T21:07:56.079+0000] {standard_task_runner.py:82} INFO - Running: ['***', 'tasks', 'run', 'get_igbe_data', 'transfer_rds_states_data_to_s3', 'manual__2023-06-29T17:06:32-04:00', '--job-id', '65', '--raw', '--subdir', 'DAGS_FOLDER/get_ibge_data.py', '--cfg-path', '/tmp/tmpgfen3j7w']
[2023-06-29T21:07:56.082+0000] {standard_task_runner.py:83} INFO - Job 65: Subtask transfer_rds_states_data_to_s3
[2023-06-29T21:07:56.196+0000] {task_command.py:389} INFO - Running <TaskInstance: get_igbe_data.transfer_rds_states_data_to_s3 manual__2023-06-29T17:06:32-04:00 [running]> on host b4b1b6c8b5f0
[2023-06-29T21:07:56.783+0000] {taskinstance.py:1518} INFO - Exporting the following env vars:
AIRFLOW_CTX_DAG_OWNER=***
AIRFLOW_CTX_DAG_ID=get_igbe_data
AIRFLOW_CTX_TASK_ID=transfer_rds_states_data_to_s3
AIRFLOW_CTX_EXECUTION_DATE=2023-06-29T21:06:32+00:00
AIRFLOW_CTX_TRY_NUMBER=1
AIRFLOW_CTX_DAG_RUN_ID=manual__2023-06-29T17:06:32-04:00
[2023-06-29T21:07:56.807+0000] {base.py:73} INFO - Using connection ID 'aws_conn' for task execution.
[2023-06-29T21:07:56.808+0000] {connection_wrapper.py:337} INFO - AWS Connection (conn_id='aws_conn', conn_type='aws') credentials retrieved from login and password.
[2023-06-29T21:07:57.851+0000] {base.py:73} INFO - Using connection ID 'postgres_conn' for task execution.
[2023-06-29T21:08:09.467+0000] {python.py:177} INFO - Done. Returned value was: None
[2023-06-29T21:08:09.498+0000] {taskinstance.py:1332} INFO - Marking task as SUCCESS. dag_id=get_igbe_data, task_id=transfer_rds_states_data_to_s3, execution_date=20230629T210632, start_date=20230629T210755, end_date=20230629T210809
[2023-06-29T21:08:09.591+0000] {local_task_job.py:212} INFO - Task exited with return code 0
[2023-06-29T21:08:09.612+0000] {taskinstance.py:2596} INFO - 1 downstream tasks scheduled from follow-on schedule check
