[2023-06-29T21:11:03.295+0000] {taskinstance.py:1090} INFO - Dependencies all met for dep_context=non-requeueable deps ti=<TaskInstance: get_pnadc_data.cleans.clean_data_mod_rows manual__2023-06-29T17:09:14-04:00 [queued]>
[2023-06-29T21:11:03.305+0000] {taskinstance.py:1090} INFO - Dependencies all met for dep_context=requeueable deps ti=<TaskInstance: get_pnadc_data.cleans.clean_data_mod_rows manual__2023-06-29T17:09:14-04:00 [queued]>
[2023-06-29T21:11:03.305+0000] {taskinstance.py:1288} INFO - 
--------------------------------------------------------------------------------
[2023-06-29T21:11:03.305+0000] {taskinstance.py:1289} INFO - Starting attempt 1 of 1
[2023-06-29T21:11:03.305+0000] {taskinstance.py:1290} INFO - 
--------------------------------------------------------------------------------
[2023-06-29T21:11:03.350+0000] {taskinstance.py:1309} INFO - Executing <Task(PythonOperator): cleans.clean_data_mod_rows> on 2023-06-29 21:09:14+00:00
[2023-06-29T21:11:03.357+0000] {standard_task_runner.py:55} INFO - Started process 6900 to run task
[2023-06-29T21:11:03.361+0000] {standard_task_runner.py:82} INFO - Running: ['***', 'tasks', 'run', 'get_pnadc_data', 'cleans.clean_data_mod_rows', 'manual__2023-06-29T17:09:14-04:00', '--job-id', '73', '--raw', '--subdir', 'DAGS_FOLDER/get_pnadc_data.py', '--cfg-path', '/tmp/tmpmmfri6dl']
[2023-06-29T21:11:03.363+0000] {standard_task_runner.py:83} INFO - Job 73: Subtask cleans.clean_data_mod_rows
[2023-06-29T21:11:03.495+0000] {task_command.py:389} INFO - Running <TaskInstance: get_pnadc_data.cleans.clean_data_mod_rows manual__2023-06-29T17:09:14-04:00 [running]> on host b4b1b6c8b5f0
[2023-06-29T21:11:03.897+0000] {taskinstance.py:1518} INFO - Exporting the following env vars:
AIRFLOW_CTX_DAG_OWNER=***
AIRFLOW_CTX_DAG_ID=get_pnadc_data
AIRFLOW_CTX_TASK_ID=cleans.clean_data_mod_rows
AIRFLOW_CTX_EXECUTION_DATE=2023-06-29T21:09:14+00:00
AIRFLOW_CTX_TRY_NUMBER=1
AIRFLOW_CTX_DAG_RUN_ID=manual__2023-06-29T17:09:14-04:00
[2023-06-29T21:11:15.097+0000] {python.py:177} INFO - Done. Returned value was: None
[2023-06-29T21:11:15.106+0000] {taskinstance.py:1332} INFO - Marking task as SUCCESS. dag_id=get_pnadc_data, task_id=cleans.clean_data_mod_rows, execution_date=20230629T210914, start_date=20230629T211103, end_date=20230629T211115
[2023-06-29T21:11:15.280+0000] {local_task_job.py:212} INFO - Task exited with return code 0
[2023-06-29T21:11:15.315+0000] {taskinstance.py:2596} INFO - 1 downstream tasks scheduled from follow-on schedule check
