[2023-06-29T19:57:36.968+0000] {taskinstance.py:1090} INFO - Dependencies all met for dep_context=non-requeueable deps ti=<TaskInstance: get_igbe_data.transfer_s3_to_redshift_states manual__2023-06-29T15:56:14-04:00 [queued]>
[2023-06-29T19:57:37.106+0000] {taskinstance.py:1090} INFO - Dependencies all met for dep_context=requeueable deps ti=<TaskInstance: get_igbe_data.transfer_s3_to_redshift_states manual__2023-06-29T15:56:14-04:00 [queued]>
[2023-06-29T19:57:37.106+0000] {taskinstance.py:1288} INFO - 
--------------------------------------------------------------------------------
[2023-06-29T19:57:37.106+0000] {taskinstance.py:1289} INFO - Starting attempt 1 of 1
[2023-06-29T19:57:37.107+0000] {taskinstance.py:1290} INFO - 
--------------------------------------------------------------------------------
[2023-06-29T19:57:37.175+0000] {taskinstance.py:1309} INFO - Executing <Task(S3ToRedshiftOperator): transfer_s3_to_redshift_states> on 2023-06-29 19:56:14+00:00
[2023-06-29T19:57:37.196+0000] {standard_task_runner.py:55} INFO - Started process 1189 to run task
[2023-06-29T19:57:37.212+0000] {standard_task_runner.py:82} INFO - Running: ['***', 'tasks', 'run', 'get_igbe_data', 'transfer_s3_to_redshift_states', 'manual__2023-06-29T15:56:14-04:00', '--job-id', '13', '--raw', '--subdir', 'DAGS_FOLDER/get_ibge_data.py', '--cfg-path', '/tmp/tmpx4_wui6n']
[2023-06-29T19:57:37.214+0000] {standard_task_runner.py:83} INFO - Job 13: Subtask transfer_s3_to_redshift_states
[2023-06-29T19:57:37.642+0000] {task_command.py:389} INFO - Running <TaskInstance: get_igbe_data.transfer_s3_to_redshift_states manual__2023-06-29T15:56:14-04:00 [running]> on host b4b1b6c8b5f0
[2023-06-29T19:57:37.866+0000] {taskinstance.py:1518} INFO - Exporting the following env vars:
AIRFLOW_CTX_DAG_OWNER=***
AIRFLOW_CTX_DAG_ID=get_igbe_data
AIRFLOW_CTX_TASK_ID=transfer_s3_to_redshift_states
AIRFLOW_CTX_EXECUTION_DATE=2023-06-29T19:56:14+00:00
AIRFLOW_CTX_TRY_NUMBER=1
AIRFLOW_CTX_DAG_RUN_ID=manual__2023-06-29T15:56:14-04:00
[2023-06-29T19:57:37.877+0000] {base.py:73} INFO - Using connection ID 'aws_conn' for task execution.
[2023-06-29T19:57:37.885+0000] {base.py:73} INFO - Using connection ID 'aws_conn' for task execution.
[2023-06-29T19:57:37.886+0000] {connection_wrapper.py:337} INFO - AWS Connection (conn_id='aws_conn', conn_type='aws') credentials retrieved from login and password.
[2023-06-29T19:57:37.904+0000] {s3_to_redshift.py:164} INFO - Executing COPY command...
[2023-06-29T19:57:37.911+0000] {base.py:73} INFO - Using connection ID 'redshift_conn' for task execution.
[2023-06-29T19:57:40.328+0000] {sql.py:375} INFO - Running statement: 
                    COPY public.ibge_data_states 
                    FROM 's3://ibgebucket-data-pnadc/ibge/filter/filter_geoloc_data_igbe_processed_states_2023_06_29.csv'
                    credentials
                    'aws_access_key_id=AKIARUML2T4G3H7J744G;aws_secret_access_key=***'
                    DELIMITER ','
			NULL AS ''
			IGNOREHEADER 1;
        , parameters: None
[2023-06-29T19:57:51.108+0000] {s3_to_redshift.py:166} INFO - COPY command complete...
[2023-06-29T19:57:51.122+0000] {taskinstance.py:1332} INFO - Marking task as SUCCESS. dag_id=get_igbe_data, task_id=transfer_s3_to_redshift_states, execution_date=20230629T195614, start_date=20230629T195737, end_date=20230629T195751
[2023-06-29T19:57:51.238+0000] {local_task_job.py:212} INFO - Task exited with return code 0
[2023-06-29T19:57:51.459+0000] {taskinstance.py:2596} INFO - 0 downstream tasks scheduled from follow-on schedule check
