[2023-06-28T21:32:34.163+0000] {taskinstance.py:1090} INFO - Dependencies all met for dep_context=non-requeueable deps ti=<TaskInstance: get_pnadc_data_new.get_mongodb_data manual__2023-06-28T17:32:27-04:00 [queued]>
[2023-06-28T21:32:34.174+0000] {taskinstance.py:1090} INFO - Dependencies all met for dep_context=requeueable deps ti=<TaskInstance: get_pnadc_data_new.get_mongodb_data manual__2023-06-28T17:32:27-04:00 [queued]>
[2023-06-28T21:32:34.174+0000] {taskinstance.py:1288} INFO - 
--------------------------------------------------------------------------------
[2023-06-28T21:32:34.174+0000] {taskinstance.py:1289} INFO - Starting attempt 1 of 1
[2023-06-28T21:32:34.174+0000] {taskinstance.py:1290} INFO - 
--------------------------------------------------------------------------------
[2023-06-28T21:32:34.217+0000] {taskinstance.py:1309} INFO - Executing <Task(PythonOperator): get_mongodb_data> on 2023-06-28 21:32:27+00:00
[2023-06-28T21:32:34.224+0000] {standard_task_runner.py:55} INFO - Started process 2866 to run task
[2023-06-28T21:32:34.227+0000] {standard_task_runner.py:82} INFO - Running: ['***', 'tasks', 'run', 'get_pnadc_data_new', 'get_mongodb_data', 'manual__2023-06-28T17:32:27-04:00', '--job-id', '293', '--raw', '--subdir', 'DAGS_FOLDER/get_pnadc_data_new.py', '--cfg-path', '/tmp/tmpms93945t']
[2023-06-28T21:32:34.229+0000] {standard_task_runner.py:83} INFO - Job 293: Subtask get_mongodb_data
[2023-06-28T21:32:34.357+0000] {task_command.py:389} INFO - Running <TaskInstance: get_pnadc_data_new.get_mongodb_data manual__2023-06-28T17:32:27-04:00 [running]> on host d9b032dfc97f
[2023-06-28T21:32:34.846+0000] {taskinstance.py:1518} INFO - Exporting the following env vars:
AIRFLOW_CTX_DAG_OWNER=***
AIRFLOW_CTX_DAG_ID=get_pnadc_data_new
AIRFLOW_CTX_TASK_ID=get_mongodb_data
AIRFLOW_CTX_EXECUTION_DATE=2023-06-28T21:32:27+00:00
AIRFLOW_CTX_TRY_NUMBER=1
AIRFLOW_CTX_DAG_RUN_ID=manual__2023-06-28T17:32:27-04:00
[2023-06-28T21:32:34.855+0000] {base.py:73} INFO - Using connection ID 'mongodb_conn' for task execution.
[2023-06-28T21:46:55.924+0000] {python.py:177} INFO - Done. Returned value was: None
[2023-06-28T21:46:56.756+0000] {taskinstance.py:1332} INFO - Marking task as SUCCESS. dag_id=get_pnadc_data_new, task_id=get_mongodb_data, execution_date=20230628T213227, start_date=20230628T213234, end_date=20230628T214656
[2023-06-28T21:46:56.900+0000] {local_task_job.py:212} INFO - Task exited with return code 0
[2023-06-28T21:46:57.118+0000] {taskinstance.py:2596} INFO - 1 downstream tasks scheduled from follow-on schedule check
