[2023-06-29T19:00:58.728+0000] {taskinstance.py:1090} INFO - Dependencies all met for dep_context=non-requeueable deps ti=<TaskInstance: get_igbe_data.transfer_s3_to_rds manual__2023-06-29T15:00:17-04:00 [queued]>
[2023-06-29T19:00:58.755+0000] {taskinstance.py:1090} INFO - Dependencies all met for dep_context=requeueable deps ti=<TaskInstance: get_igbe_data.transfer_s3_to_rds manual__2023-06-29T15:00:17-04:00 [queued]>
[2023-06-29T19:00:58.755+0000] {taskinstance.py:1288} INFO - 
--------------------------------------------------------------------------------
[2023-06-29T19:00:58.755+0000] {taskinstance.py:1289} INFO - Starting attempt 1 of 1
[2023-06-29T19:00:58.756+0000] {taskinstance.py:1290} INFO - 
--------------------------------------------------------------------------------
[2023-06-29T19:00:58.809+0000] {taskinstance.py:1309} INFO - Executing <Task(PythonOperator): transfer_s3_to_rds> on 2023-06-29 19:00:17+00:00
[2023-06-29T19:00:58.819+0000] {standard_task_runner.py:55} INFO - Started process 4317 to run task
[2023-06-29T19:00:58.824+0000] {standard_task_runner.py:82} INFO - Running: ['***', 'tasks', 'run', 'get_igbe_data', 'transfer_s3_to_rds', 'manual__2023-06-29T15:00:17-04:00', '--job-id', '370', '--raw', '--subdir', 'DAGS_FOLDER/get_ibge_data.py', '--cfg-path', '/tmp/tmpz02zrtj6']
[2023-06-29T19:00:58.827+0000] {standard_task_runner.py:83} INFO - Job 370: Subtask transfer_s3_to_rds
[2023-06-29T19:00:58.921+0000] {task_command.py:389} INFO - Running <TaskInstance: get_igbe_data.transfer_s3_to_rds manual__2023-06-29T15:00:17-04:00 [running]> on host 41bc33bbab58
[2023-06-29T19:00:59.263+0000] {taskinstance.py:1518} INFO - Exporting the following env vars:
AIRFLOW_CTX_DAG_OWNER=***
AIRFLOW_CTX_DAG_ID=get_igbe_data
AIRFLOW_CTX_TASK_ID=transfer_s3_to_rds
AIRFLOW_CTX_EXECUTION_DATE=2023-06-29T19:00:17+00:00
AIRFLOW_CTX_TRY_NUMBER=1
AIRFLOW_CTX_DAG_RUN_ID=manual__2023-06-29T15:00:17-04:00
[2023-06-29T19:00:59.274+0000] {base.py:73} INFO - Using connection ID 'aws_conn' for task execution.
[2023-06-29T19:00:59.275+0000] {connection_wrapper.py:337} INFO - AWS Connection (conn_id='aws_conn', conn_type='aws') credentials retrieved from login and password.
[2023-06-29T19:01:02.658+0000] {base.py:73} INFO - Using connection ID 'postgres_conn' for task execution.
[2023-06-29T19:01:20.005+0000] {logging_mixin.py:137} INFO - End to add rows! 10670 rows added.
[2023-06-29T19:01:20.006+0000] {python.py:177} INFO - Done. Returned value was: None
[2023-06-29T19:01:20.017+0000] {taskinstance.py:1332} INFO - Marking task as SUCCESS. dag_id=get_igbe_data, task_id=transfer_s3_to_rds, execution_date=20230629T190017, start_date=20230629T190058, end_date=20230629T190120
[2023-06-29T19:01:20.134+0000] {local_task_job.py:212} INFO - Task exited with return code 0
[2023-06-29T19:01:20.244+0000] {taskinstance.py:2596} INFO - 0 downstream tasks scheduled from follow-on schedule check
