[2023-06-26T22:05:16.734+0000] {taskinstance.py:1165} INFO - Dependencies all met for <TaskInstance: get_pnadc_data_new.cleans.clean_data_mod_rows manual__2023-06-26T18:03:35-04:00 [queued]>
[2023-06-26T22:05:16.747+0000] {taskinstance.py:1165} INFO - Dependencies all met for <TaskInstance: get_pnadc_data_new.cleans.clean_data_mod_rows manual__2023-06-26T18:03:35-04:00 [queued]>
[2023-06-26T22:05:16.748+0000] {taskinstance.py:1362} INFO - 
--------------------------------------------------------------------------------
[2023-06-26T22:05:16.748+0000] {taskinstance.py:1363} INFO - Starting attempt 1 of 1
[2023-06-26T22:05:16.748+0000] {taskinstance.py:1364} INFO - 
--------------------------------------------------------------------------------
[2023-06-26T22:05:16.819+0000] {taskinstance.py:1383} INFO - Executing <Task(PythonOperator): cleans.clean_data_mod_rows> on 2023-06-26 22:03:35+00:00
[2023-06-26T22:05:16.835+0000] {standard_task_runner.py:55} INFO - Started process 3259 to run task
[2023-06-26T22:05:16.844+0000] {standard_task_runner.py:82} INFO - Running: ['***', 'tasks', 'run', 'get_pnadc_data_new', 'cleans.clean_data_mod_rows', 'manual__2023-06-26T18:03:35-04:00', '--job-id', '58', '--raw', '--subdir', 'DAGS_FOLDER/get_pnadc_data_new.py', '--cfg-path', '/tmp/tmpigaks393']
[2023-06-26T22:05:16.848+0000] {standard_task_runner.py:83} INFO - Job 58: Subtask cleans.clean_data_mod_rows
[2023-06-26T22:05:16.971+0000] {task_command.py:376} INFO - Running <TaskInstance: get_pnadc_data_new.cleans.clean_data_mod_rows manual__2023-06-26T18:03:35-04:00 [running]> on host f5a823219759
[2023-06-26T22:05:17.149+0000] {taskinstance.py:1592} INFO - Exporting the following env vars:
AIRFLOW_CTX_DAG_OWNER=***
AIRFLOW_CTX_DAG_ID=get_pnadc_data_new
AIRFLOW_CTX_TASK_ID=cleans.clean_data_mod_rows
AIRFLOW_CTX_EXECUTION_DATE=2023-06-26T22:03:35+00:00
AIRFLOW_CTX_TRY_NUMBER=1
AIRFLOW_CTX_DAG_RUN_ID=manual__2023-06-26T18:03:35-04:00
[2023-06-26T22:05:25.216+0000] {python.py:177} INFO - Done. Returned value was: None
[2023-06-26T22:05:25.224+0000] {taskinstance.py:1406} INFO - Marking task as SUCCESS. dag_id=get_pnadc_data_new, task_id=cleans.clean_data_mod_rows, execution_date=20230626T220335, start_date=20230626T220516, end_date=20230626T220525
[2023-06-26T22:05:25.305+0000] {local_task_job.py:164} INFO - Task exited with return code 0
[2023-06-26T22:05:25.356+0000] {local_task_job.py:273} INFO - 1 downstream tasks scheduled from follow-on schedule check
