[2023-06-29T01:15:59.514+0000] {taskinstance.py:1090} INFO - Dependencies all met for dep_context=non-requeueable deps ti=<TaskInstance: get_pnadc_data_new.transfer_rds_data_to_s3 manual__2023-06-28T00:20:37-04:00 [queued]>
[2023-06-29T01:16:00.238+0000] {taskinstance.py:1090} INFO - Dependencies all met for dep_context=requeueable deps ti=<TaskInstance: get_pnadc_data_new.transfer_rds_data_to_s3 manual__2023-06-28T00:20:37-04:00 [queued]>
[2023-06-29T01:16:00.238+0000] {taskinstance.py:1288} INFO - 
--------------------------------------------------------------------------------
[2023-06-29T01:16:00.239+0000] {taskinstance.py:1289} INFO - Starting attempt 1 of 1
[2023-06-29T01:16:00.239+0000] {taskinstance.py:1290} INFO - 
--------------------------------------------------------------------------------
[2023-06-29T01:16:00.511+0000] {taskinstance.py:1309} INFO - Executing <Task(PythonOperator): transfer_rds_data_to_s3> on 2023-06-28 04:20:37+00:00
[2023-06-29T01:16:00.554+0000] {standard_task_runner.py:55} INFO - Started process 19485 to run task
[2023-06-29T01:16:00.580+0000] {standard_task_runner.py:82} INFO - Running: ['***', 'tasks', 'run', 'get_pnadc_data_new', 'transfer_rds_data_to_s3', 'manual__2023-06-28T00:20:37-04:00', '--job-id', '345', '--raw', '--subdir', 'DAGS_FOLDER/get_pnadc_data_new.py', '--cfg-path', '/tmp/tmp0orzdjra']
[2023-06-29T01:16:00.595+0000] {standard_task_runner.py:83} INFO - Job 345: Subtask transfer_rds_data_to_s3
[2023-06-29T01:16:01.769+0000] {task_command.py:389} INFO - Running <TaskInstance: get_pnadc_data_new.transfer_rds_data_to_s3 manual__2023-06-28T00:20:37-04:00 [running]> on host d9b032dfc97f
[2023-06-29T01:16:22.673+0000] {taskinstance.py:1518} INFO - Exporting the following env vars:
AIRFLOW_CTX_DAG_OWNER=***
AIRFLOW_CTX_DAG_ID=get_pnadc_data_new
AIRFLOW_CTX_TASK_ID=transfer_rds_data_to_s3
AIRFLOW_CTX_EXECUTION_DATE=2023-06-28T04:20:37+00:00
AIRFLOW_CTX_TRY_NUMBER=1
AIRFLOW_CTX_DAG_RUN_ID=manual__2023-06-28T00:20:37-04:00
[2023-06-29T01:16:23.091+0000] {base.py:73} INFO - Using connection ID 'aws_conn' for task execution.
[2023-06-29T01:16:23.092+0000] {connection_wrapper.py:337} INFO - AWS Connection (conn_id='aws_conn', conn_type='aws') credentials retrieved from login and password.
[2023-06-29T01:18:57.970+0000] {base.py:73} INFO - Using connection ID 'postgres_conn' for task execution.
[2023-06-29T01:19:25.850+0000] {python.py:177} INFO - Done. Returned value was: None
[2023-06-29T01:19:29.689+0000] {taskinstance.py:1332} INFO - Marking task as SUCCESS. dag_id=get_pnadc_data_new, task_id=transfer_rds_data_to_s3, execution_date=20230628T042037, start_date=20230629T011600, end_date=20230629T011929
[2023-06-29T01:19:34.843+0000] {local_task_job.py:212} INFO - Task exited with return code 0
[2023-06-29T01:19:35.699+0000] {taskinstance.py:2596} INFO - 1 downstream tasks scheduled from follow-on schedule check
