[2023-06-29T21:56:42.740+0000] {taskinstance.py:1090} INFO - Dependencies all met for dep_context=non-requeueable deps ti=<TaskInstance: get_igbe_data.get_ibge_data manual__2023-06-29T17:56:08-04:00 [queued]>
[2023-06-29T21:56:42.752+0000] {taskinstance.py:1090} INFO - Dependencies all met for dep_context=requeueable deps ti=<TaskInstance: get_igbe_data.get_ibge_data manual__2023-06-29T17:56:08-04:00 [queued]>
[2023-06-29T21:56:42.752+0000] {taskinstance.py:1288} INFO - 
--------------------------------------------------------------------------------
[2023-06-29T21:56:42.752+0000] {taskinstance.py:1289} INFO - Starting attempt 1 of 1
[2023-06-29T21:56:42.752+0000] {taskinstance.py:1290} INFO - 
--------------------------------------------------------------------------------
[2023-06-29T21:56:42.814+0000] {taskinstance.py:1309} INFO - Executing <Task(PythonOperator): get_ibge_data> on 2023-06-29 21:56:08+00:00
[2023-06-29T21:56:42.830+0000] {standard_task_runner.py:55} INFO - Started process 10324 to run task
[2023-06-29T21:56:42.836+0000] {standard_task_runner.py:82} INFO - Running: ['***', 'tasks', 'run', 'get_igbe_data', 'get_ibge_data', 'manual__2023-06-29T17:56:08-04:00', '--job-id', '79', '--raw', '--subdir', 'DAGS_FOLDER/get_ibge_data.py', '--cfg-path', '/tmp/tmp9p7vcl1a']
[2023-06-29T21:56:42.839+0000] {standard_task_runner.py:83} INFO - Job 79: Subtask get_ibge_data
[2023-06-29T21:56:42.962+0000] {task_command.py:389} INFO - Running <TaskInstance: get_igbe_data.get_ibge_data manual__2023-06-29T17:56:08-04:00 [running]> on host b4b1b6c8b5f0
[2023-06-29T21:56:43.396+0000] {taskinstance.py:1518} INFO - Exporting the following env vars:
AIRFLOW_CTX_DAG_OWNER=***
AIRFLOW_CTX_DAG_ID=get_igbe_data
AIRFLOW_CTX_TASK_ID=get_ibge_data
AIRFLOW_CTX_EXECUTION_DATE=2023-06-29T21:56:08+00:00
AIRFLOW_CTX_TRY_NUMBER=1
AIRFLOW_CTX_DAG_RUN_ID=manual__2023-06-29T17:56:08-04:00
[2023-06-29T21:56:44.098+0000] {python.py:177} INFO - Done. Returned value was: None
[2023-06-29T21:56:44.108+0000] {taskinstance.py:1332} INFO - Marking task as SUCCESS. dag_id=get_igbe_data, task_id=get_ibge_data, execution_date=20230629T215608, start_date=20230629T215642, end_date=20230629T215644
[2023-06-29T21:56:44.298+0000] {local_task_job.py:212} INFO - Task exited with return code 0
[2023-06-29T21:56:44.431+0000] {taskinstance.py:2596} INFO - 1 downstream tasks scheduled from follow-on schedule check
