[2023-06-27T22:57:52.421+0000] {taskinstance.py:1090} INFO - Dependencies all met for dep_context=non-requeueable deps ti=<TaskInstance: get_pnadc_data_new.get_s3_raw_data manual__2023-06-27T18:42:48-04:00 [queued]>
[2023-06-27T22:57:52.432+0000] {taskinstance.py:1090} INFO - Dependencies all met for dep_context=requeueable deps ti=<TaskInstance: get_pnadc_data_new.get_s3_raw_data manual__2023-06-27T18:42:48-04:00 [queued]>
[2023-06-27T22:57:52.432+0000] {taskinstance.py:1288} INFO - 
--------------------------------------------------------------------------------
[2023-06-27T22:57:52.432+0000] {taskinstance.py:1289} INFO - Starting attempt 1 of 1
[2023-06-27T22:57:52.432+0000] {taskinstance.py:1290} INFO - 
--------------------------------------------------------------------------------
[2023-06-27T22:57:52.513+0000] {taskinstance.py:1309} INFO - Executing <Task(PythonOperator): get_s3_raw_data> on 2023-06-27 22:42:48+00:00
[2023-06-27T22:57:52.530+0000] {standard_task_runner.py:55} INFO - Started process 1767 to run task
[2023-06-27T22:57:52.539+0000] {standard_task_runner.py:82} INFO - Running: ['***', 'tasks', 'run', 'get_pnadc_data_new', 'get_s3_raw_data', 'manual__2023-06-27T18:42:48-04:00', '--job-id', '182', '--raw', '--subdir', 'DAGS_FOLDER/get_pnadc_data_new.py', '--cfg-path', '/tmp/tmpr34dfael']
[2023-06-27T22:57:52.543+0000] {standard_task_runner.py:83} INFO - Job 182: Subtask get_s3_raw_data
[2023-06-27T22:57:52.700+0000] {task_command.py:389} INFO - Running <TaskInstance: get_pnadc_data_new.get_s3_raw_data manual__2023-06-27T18:42:48-04:00 [running]> on host 8b415078c232
[2023-06-27T22:57:53.045+0000] {taskinstance.py:1518} INFO - Exporting the following env vars:
AIRFLOW_CTX_DAG_OWNER=***
AIRFLOW_CTX_DAG_ID=get_pnadc_data_new
AIRFLOW_CTX_TASK_ID=get_s3_raw_data
AIRFLOW_CTX_EXECUTION_DATE=2023-06-27T22:42:48+00:00
AIRFLOW_CTX_TRY_NUMBER=1
AIRFLOW_CTX_DAG_RUN_ID=manual__2023-06-27T18:42:48-04:00
[2023-06-27T22:57:53.060+0000] {base.py:73} INFO - Using connection ID 'aws_conn' for task execution.
[2023-06-27T22:57:53.061+0000] {connection_wrapper.py:337} INFO - AWS Connection (conn_id='aws_conn', conn_type='aws') credentials retrieved from login and password.
[2023-06-27T22:58:05.650+0000] {python.py:177} INFO - Done. Returned value was: None
[2023-06-27T22:58:05.666+0000] {taskinstance.py:1332} INFO - Marking task as SUCCESS. dag_id=get_pnadc_data_new, task_id=get_s3_raw_data, execution_date=20230627T224248, start_date=20230627T225752, end_date=20230627T225805
[2023-06-27T22:58:05.781+0000] {local_task_job.py:212} INFO - Task exited with return code 0
[2023-06-27T22:58:05.818+0000] {taskinstance.py:2596} INFO - 1 downstream tasks scheduled from follow-on schedule check
