[2023-06-29T20:01:04.383+0000] {taskinstance.py:1090} INFO - Dependencies all met for dep_context=non-requeueable deps ti=<TaskInstance: get_pnadc_data.get_mongodb_data manual__2023-06-29T16:01:00-04:00 [queued]>
[2023-06-29T20:01:04.399+0000] {taskinstance.py:1090} INFO - Dependencies all met for dep_context=requeueable deps ti=<TaskInstance: get_pnadc_data.get_mongodb_data manual__2023-06-29T16:01:00-04:00 [queued]>
[2023-06-29T20:01:04.399+0000] {taskinstance.py:1288} INFO - 
--------------------------------------------------------------------------------
[2023-06-29T20:01:04.399+0000] {taskinstance.py:1289} INFO - Starting attempt 1 of 1
[2023-06-29T20:01:04.399+0000] {taskinstance.py:1290} INFO - 
--------------------------------------------------------------------------------
[2023-06-29T20:01:04.455+0000] {taskinstance.py:1309} INFO - Executing <Task(PythonOperator): get_mongodb_data> on 2023-06-29 20:01:00+00:00
[2023-06-29T20:01:04.462+0000] {standard_task_runner.py:55} INFO - Started process 1448 to run task
[2023-06-29T20:01:04.465+0000] {standard_task_runner.py:82} INFO - Running: ['***', 'tasks', 'run', 'get_pnadc_data', 'get_mongodb_data', 'manual__2023-06-29T16:01:00-04:00', '--job-id', '14', '--raw', '--subdir', 'DAGS_FOLDER/get_pnadc_data_new.py', '--cfg-path', '/tmp/tmpb5bhgrku']
[2023-06-29T20:01:04.467+0000] {standard_task_runner.py:83} INFO - Job 14: Subtask get_mongodb_data
[2023-06-29T20:01:04.628+0000] {task_command.py:389} INFO - Running <TaskInstance: get_pnadc_data.get_mongodb_data manual__2023-06-29T16:01:00-04:00 [running]> on host b4b1b6c8b5f0
[2023-06-29T20:01:04.974+0000] {taskinstance.py:1518} INFO - Exporting the following env vars:
AIRFLOW_CTX_DAG_OWNER=***
AIRFLOW_CTX_DAG_ID=get_pnadc_data
AIRFLOW_CTX_TASK_ID=get_mongodb_data
AIRFLOW_CTX_EXECUTION_DATE=2023-06-29T20:01:00+00:00
AIRFLOW_CTX_TRY_NUMBER=1
AIRFLOW_CTX_DAG_RUN_ID=manual__2023-06-29T16:01:00-04:00
[2023-06-29T20:01:04.992+0000] {base.py:73} INFO - Using connection ID 'mongodb_conn' for task execution.
[2023-06-29T20:01:11.199+0000] {python.py:177} INFO - Done. Returned value was: None
[2023-06-29T20:01:11.210+0000] {taskinstance.py:1332} INFO - Marking task as SUCCESS. dag_id=get_pnadc_data, task_id=get_mongodb_data, execution_date=20230629T200100, start_date=20230629T200104, end_date=20230629T200111
[2023-06-29T20:01:11.328+0000] {local_task_job.py:212} INFO - Task exited with return code 0
[2023-06-29T20:01:11.384+0000] {taskinstance.py:2596} INFO - 1 downstream tasks scheduled from follow-on schedule check
