[2023-06-27T15:26:49.731+0000] {taskinstance.py:1090} INFO - Dependencies all met for dep_context=non-requeueable deps ti=<TaskInstance: get_pnadc_data_new.transfer_s3_to_rds manual__2023-06-27T11:26:09-04:00 [queued]>
[2023-06-27T15:26:49.745+0000] {taskinstance.py:1090} INFO - Dependencies all met for dep_context=requeueable deps ti=<TaskInstance: get_pnadc_data_new.transfer_s3_to_rds manual__2023-06-27T11:26:09-04:00 [queued]>
[2023-06-27T15:26:49.745+0000] {taskinstance.py:1288} INFO - 
--------------------------------------------------------------------------------
[2023-06-27T15:26:49.746+0000] {taskinstance.py:1289} INFO - Starting attempt 1 of 1
[2023-06-27T15:26:49.746+0000] {taskinstance.py:1290} INFO - 
--------------------------------------------------------------------------------
[2023-06-27T15:26:49.792+0000] {taskinstance.py:1309} INFO - Executing <Task(S3ToSqlOperator): transfer_s3_to_rds> on 2023-06-27 15:26:09+00:00
[2023-06-27T15:26:49.800+0000] {standard_task_runner.py:55} INFO - Started process 4010 to run task
[2023-06-27T15:26:49.804+0000] {standard_task_runner.py:82} INFO - Running: ['***', 'tasks', 'run', 'get_pnadc_data_new', 'transfer_s3_to_rds', 'manual__2023-06-27T11:26:09-04:00', '--job-id', '52', '--raw', '--subdir', 'DAGS_FOLDER/get_pnadc_data_new.py', '--cfg-path', '/tmp/tmp7l17oj4s']
[2023-06-27T15:26:49.806+0000] {standard_task_runner.py:83} INFO - Job 52: Subtask transfer_s3_to_rds
[2023-06-27T15:26:49.916+0000] {task_command.py:389} INFO - Running <TaskInstance: get_pnadc_data_new.transfer_s3_to_rds manual__2023-06-27T11:26:09-04:00 [running]> on host fef15d81d3ea
[2023-06-27T15:26:50.129+0000] {taskinstance.py:1518} INFO - Exporting the following env vars:
AIRFLOW_CTX_DAG_OWNER=***
AIRFLOW_CTX_DAG_ID=get_pnadc_data_new
AIRFLOW_CTX_TASK_ID=transfer_s3_to_rds
AIRFLOW_CTX_EXECUTION_DATE=2023-06-27T15:26:09+00:00
AIRFLOW_CTX_TRY_NUMBER=1
AIRFLOW_CTX_DAG_RUN_ID=manual__2023-06-27T11:26:09-04:00
[2023-06-27T15:26:50.129+0000] {s3_to_sql.py:101} INFO - Loading testfiles/processed/processed_data_pnadc_2023_06_27.csv to SQL table people_info...
[2023-06-27T15:26:50.144+0000] {base.py:73} INFO - Using connection ID 'aws_conn' for task execution.
[2023-06-27T15:26:50.145+0000] {connection_wrapper.py:337} INFO - AWS Connection (conn_id='aws_conn', conn_type='aws') credentials retrieved from login and password.
[2023-06-27T15:26:54.110+0000] {base.py:73} INFO - Using connection ID '***_conn' for task execution.
[2023-06-27T15:26:54.425+0000] {base.py:73} INFO - Using connection ID '***_conn' for task execution.
[2023-06-27T15:26:57.377+0000] {taskinstance.py:1776} ERROR - Task failed with exception
Traceback (most recent call last):
  File "/home/airflow/.local/lib/python3.7/site-packages/airflow/providers/amazon/aws/transfers/s3_to_sql.py", line 117, in execute
    commit_every=self.commit_every,
  File "/home/airflow/.local/lib/python3.7/site-packages/airflow/providers/common/sql/hooks/sql.py", line 453, in insert_rows
    with closing(self.get_conn()) as conn:
  File "/home/airflow/.local/lib/python3.7/site-packages/airflow/providers/postgres/hooks/postgres.py", line 144, in get_conn
    self.conn = psycopg2.connect(**conn_args)
  File "/home/airflow/.local/lib/python3.7/site-packages/psycopg2/__init__.py", line 122, in connect
    conn = _connect(dsn, connection_factory=connection_factory, **kwasync)
psycopg2.OperationalError: connection to server at "dbpeopleall.ci6rlhbtdtag.us-east-1.rds.amazonaws.com" (3.216.76.66), port 5432 failed: FATAL:  password authentication failed for user "***_root"
connection to server at "dbpeopleall.ci6rlhbtdtag.us-east-1.rds.amazonaws.com" (3.216.76.66), port 5432 failed: FATAL:  password authentication failed for user "***_root"

[2023-06-27T15:26:57.422+0000] {taskinstance.py:1332} INFO - Marking task as FAILED. dag_id=get_pnadc_data_new, task_id=transfer_s3_to_rds, execution_date=20230627T152609, start_date=20230627T152649, end_date=20230627T152657
[2023-06-27T15:26:57.480+0000] {standard_task_runner.py:105} ERROR - Failed to execute job 52 for task transfer_s3_to_rds (connection to server at "dbpeopleall.ci6rlhbtdtag.us-east-1.rds.amazonaws.com" (3.216.76.66), port 5432 failed: FATAL:  password authentication failed for user "***_root"
connection to server at "dbpeopleall.ci6rlhbtdtag.us-east-1.rds.amazonaws.com" (3.216.76.66), port 5432 failed: FATAL:  password authentication failed for user "***_root"
; 4010)
[2023-06-27T15:26:57.515+0000] {local_task_job.py:212} INFO - Task exited with return code 1
[2023-06-27T15:26:57.592+0000] {taskinstance.py:2596} INFO - 0 downstream tasks scheduled from follow-on schedule check
