[2023-06-29T21:09:19.312+0000] {taskinstance.py:1090} INFO - Dependencies all met for dep_context=non-requeueable deps ti=<TaskInstance: get_pnadc_data.get_mongodb_data manual__2023-06-29T17:09:14-04:00 [queued]>
[2023-06-29T21:09:19.326+0000] {taskinstance.py:1090} INFO - Dependencies all met for dep_context=requeueable deps ti=<TaskInstance: get_pnadc_data.get_mongodb_data manual__2023-06-29T17:09:14-04:00 [queued]>
[2023-06-29T21:09:19.326+0000] {taskinstance.py:1288} INFO - 
--------------------------------------------------------------------------------
[2023-06-29T21:09:19.326+0000] {taskinstance.py:1289} INFO - Starting attempt 1 of 1
[2023-06-29T21:09:19.326+0000] {taskinstance.py:1290} INFO - 
--------------------------------------------------------------------------------
[2023-06-29T21:09:19.382+0000] {taskinstance.py:1309} INFO - Executing <Task(PythonOperator): get_mongodb_data> on 2023-06-29 21:09:14+00:00
[2023-06-29T21:09:19.391+0000] {standard_task_runner.py:55} INFO - Started process 6746 to run task
[2023-06-29T21:09:19.394+0000] {standard_task_runner.py:82} INFO - Running: ['***', 'tasks', 'run', 'get_pnadc_data', 'get_mongodb_data', 'manual__2023-06-29T17:09:14-04:00', '--job-id', '69', '--raw', '--subdir', 'DAGS_FOLDER/get_pnadc_data.py', '--cfg-path', '/tmp/tmpvo0m7nfk']
[2023-06-29T21:09:19.396+0000] {standard_task_runner.py:83} INFO - Job 69: Subtask get_mongodb_data
[2023-06-29T21:09:19.529+0000] {task_command.py:389} INFO - Running <TaskInstance: get_pnadc_data.get_mongodb_data manual__2023-06-29T17:09:14-04:00 [running]> on host b4b1b6c8b5f0
[2023-06-29T21:09:19.897+0000] {taskinstance.py:1518} INFO - Exporting the following env vars:
AIRFLOW_CTX_DAG_OWNER=***
AIRFLOW_CTX_DAG_ID=get_pnadc_data
AIRFLOW_CTX_TASK_ID=get_mongodb_data
AIRFLOW_CTX_EXECUTION_DATE=2023-06-29T21:09:14+00:00
AIRFLOW_CTX_TRY_NUMBER=1
AIRFLOW_CTX_DAG_RUN_ID=manual__2023-06-29T17:09:14-04:00
[2023-06-29T21:09:19.907+0000] {base.py:73} INFO - Using connection ID 'mongodb_conn' for task execution.
[2023-06-29T21:09:56.467+0000] {python.py:177} INFO - Done. Returned value was: None
[2023-06-29T21:09:56.477+0000] {taskinstance.py:1332} INFO - Marking task as SUCCESS. dag_id=get_pnadc_data, task_id=get_mongodb_data, execution_date=20230629T210914, start_date=20230629T210919, end_date=20230629T210956
[2023-06-29T21:09:56.694+0000] {local_task_job.py:212} INFO - Task exited with return code 0
[2023-06-29T21:09:56.723+0000] {taskinstance.py:2596} INFO - 1 downstream tasks scheduled from follow-on schedule check
