[2023-06-26T21:23:25.277+0000] {taskinstance.py:1165} INFO - Dependencies all met for <TaskInstance: get_pnadc_data_new.get_mongodb_data manual__2023-06-26T21:23:23.148432+00:00 [queued]>
[2023-06-26T21:23:25.288+0000] {taskinstance.py:1165} INFO - Dependencies all met for <TaskInstance: get_pnadc_data_new.get_mongodb_data manual__2023-06-26T21:23:23.148432+00:00 [queued]>
[2023-06-26T21:23:25.289+0000] {taskinstance.py:1362} INFO - 
--------------------------------------------------------------------------------
[2023-06-26T21:23:25.289+0000] {taskinstance.py:1363} INFO - Starting attempt 1 of 1
[2023-06-26T21:23:25.289+0000] {taskinstance.py:1364} INFO - 
--------------------------------------------------------------------------------
[2023-06-26T21:23:25.330+0000] {taskinstance.py:1383} INFO - Executing <Task(PythonOperator): get_mongodb_data> on 2023-06-26 21:23:23.148432+00:00
[2023-06-26T21:23:25.337+0000] {standard_task_runner.py:55} INFO - Started process 1238 to run task
[2023-06-26T21:23:25.340+0000] {standard_task_runner.py:82} INFO - Running: ['***', 'tasks', 'run', 'get_pnadc_data_new', 'get_mongodb_data', 'manual__2023-06-26T21:23:23.148432+00:00', '--job-id', '43', '--raw', '--subdir', 'DAGS_FOLDER/get_pnadc_data_new.py', '--cfg-path', '/tmp/tmp8rwwjnlm']
[2023-06-26T21:23:25.341+0000] {standard_task_runner.py:83} INFO - Job 43: Subtask get_mongodb_data
[2023-06-26T21:23:25.432+0000] {task_command.py:376} INFO - Running <TaskInstance: get_pnadc_data_new.get_mongodb_data manual__2023-06-26T21:23:23.148432+00:00 [running]> on host f5a823219759
[2023-06-26T21:23:25.608+0000] {taskinstance.py:1592} INFO - Exporting the following env vars:
AIRFLOW_CTX_DAG_OWNER=***
AIRFLOW_CTX_DAG_ID=get_pnadc_data_new
AIRFLOW_CTX_TASK_ID=get_mongodb_data
AIRFLOW_CTX_EXECUTION_DATE=2023-06-26T21:23:23.148432+00:00
AIRFLOW_CTX_TRY_NUMBER=1
AIRFLOW_CTX_DAG_RUN_ID=manual__2023-06-26T21:23:23.148432+00:00
[2023-06-26T21:23:25.623+0000] {base.py:71} INFO - Using connection ID 'mongodb_conn' for task execution.
[2023-06-26T21:23:59.349+0000] {python.py:177} INFO - Done. Returned value was: None
[2023-06-26T21:23:59.359+0000] {taskinstance.py:1406} INFO - Marking task as SUCCESS. dag_id=get_pnadc_data_new, task_id=get_mongodb_data, execution_date=20230626T212323, start_date=20230626T212325, end_date=20230626T212359
[2023-06-26T21:23:59.453+0000] {local_task_job.py:164} INFO - Task exited with return code 0
[2023-06-26T21:23:59.550+0000] {local_task_job.py:273} INFO - 0 downstream tasks scheduled from follow-on schedule check
