[2023-06-26T22:05:09.729+0000] {taskinstance.py:1165} INFO - Dependencies all met for <TaskInstance: get_pnadc_data_new.cleans.clean_data_rename_cols manual__2023-06-26T18:03:35-04:00 [queued]>
[2023-06-26T22:05:09.740+0000] {taskinstance.py:1165} INFO - Dependencies all met for <TaskInstance: get_pnadc_data_new.cleans.clean_data_rename_cols manual__2023-06-26T18:03:35-04:00 [queued]>
[2023-06-26T22:05:09.740+0000] {taskinstance.py:1362} INFO - 
--------------------------------------------------------------------------------
[2023-06-26T22:05:09.740+0000] {taskinstance.py:1363} INFO - Starting attempt 1 of 1
[2023-06-26T22:05:09.740+0000] {taskinstance.py:1364} INFO - 
--------------------------------------------------------------------------------
[2023-06-26T22:05:09.776+0000] {taskinstance.py:1383} INFO - Executing <Task(PythonOperator): cleans.clean_data_rename_cols> on 2023-06-26 22:03:35+00:00
[2023-06-26T22:05:09.784+0000] {standard_task_runner.py:55} INFO - Started process 3247 to run task
[2023-06-26T22:05:09.788+0000] {standard_task_runner.py:82} INFO - Running: ['***', 'tasks', 'run', 'get_pnadc_data_new', 'cleans.clean_data_rename_cols', 'manual__2023-06-26T18:03:35-04:00', '--job-id', '57', '--raw', '--subdir', 'DAGS_FOLDER/get_pnadc_data_new.py', '--cfg-path', '/tmp/tmp36x2qz4p']
[2023-06-26T22:05:09.790+0000] {standard_task_runner.py:83} INFO - Job 57: Subtask cleans.clean_data_rename_cols
[2023-06-26T22:05:09.911+0000] {task_command.py:376} INFO - Running <TaskInstance: get_pnadc_data_new.cleans.clean_data_rename_cols manual__2023-06-26T18:03:35-04:00 [running]> on host f5a823219759
[2023-06-26T22:05:10.045+0000] {taskinstance.py:1592} INFO - Exporting the following env vars:
AIRFLOW_CTX_DAG_OWNER=***
AIRFLOW_CTX_DAG_ID=get_pnadc_data_new
AIRFLOW_CTX_TASK_ID=cleans.clean_data_rename_cols
AIRFLOW_CTX_EXECUTION_DATE=2023-06-26T22:03:35+00:00
AIRFLOW_CTX_TRY_NUMBER=1
AIRFLOW_CTX_DAG_RUN_ID=manual__2023-06-26T18:03:35-04:00
[2023-06-26T22:05:15.549+0000] {python.py:177} INFO - Done. Returned value was: None
[2023-06-26T22:05:15.557+0000] {taskinstance.py:1406} INFO - Marking task as SUCCESS. dag_id=get_pnadc_data_new, task_id=cleans.clean_data_rename_cols, execution_date=20230626T220335, start_date=20230626T220509, end_date=20230626T220515
[2023-06-26T22:05:15.678+0000] {local_task_job.py:164} INFO - Task exited with return code 0
[2023-06-26T22:05:15.760+0000] {local_task_job.py:273} INFO - 1 downstream tasks scheduled from follow-on schedule check
