[2023-06-29T01:52:09.952+0000] {taskinstance.py:1090} INFO - Dependencies all met for dep_context=non-requeueable deps ti=<TaskInstance: get_pnadc_data_new.transfer_s3_to_redshift manual__2023-06-28T21:30:21-04:00 [queued]>
[2023-06-29T01:52:09.963+0000] {taskinstance.py:1090} INFO - Dependencies all met for dep_context=requeueable deps ti=<TaskInstance: get_pnadc_data_new.transfer_s3_to_redshift manual__2023-06-28T21:30:21-04:00 [queued]>
[2023-06-29T01:52:09.964+0000] {taskinstance.py:1288} INFO - 
--------------------------------------------------------------------------------
[2023-06-29T01:52:09.964+0000] {taskinstance.py:1289} INFO - Starting attempt 1 of 1
[2023-06-29T01:52:09.964+0000] {taskinstance.py:1290} INFO - 
--------------------------------------------------------------------------------
[2023-06-29T01:52:10.003+0000] {taskinstance.py:1309} INFO - Executing <Task(S3ToRedshiftOperator): transfer_s3_to_redshift> on 2023-06-29 01:30:21+00:00
[2023-06-29T01:52:10.010+0000] {standard_task_runner.py:55} INFO - Started process 2058 to run task
[2023-06-29T01:52:10.013+0000] {standard_task_runner.py:82} INFO - Running: ['***', 'tasks', 'run', 'get_pnadc_data_new', 'transfer_s3_to_redshift', 'manual__2023-06-28T21:30:21-04:00', '--job-id', '356', '--raw', '--subdir', 'DAGS_FOLDER/get_pnadc_data_new.py', '--cfg-path', '/tmp/tmpu4eqxm5l']
[2023-06-29T01:52:10.015+0000] {standard_task_runner.py:83} INFO - Job 356: Subtask transfer_s3_to_redshift
[2023-06-29T01:52:10.130+0000] {task_command.py:389} INFO - Running <TaskInstance: get_pnadc_data_new.transfer_s3_to_redshift manual__2023-06-28T21:30:21-04:00 [running]> on host 201200ed1de4
[2023-06-29T01:52:10.541+0000] {taskinstance.py:1518} INFO - Exporting the following env vars:
AIRFLOW_CTX_DAG_OWNER=***
AIRFLOW_CTX_DAG_ID=get_pnadc_data_new
AIRFLOW_CTX_TASK_ID=transfer_s3_to_redshift
AIRFLOW_CTX_EXECUTION_DATE=2023-06-29T01:30:21+00:00
AIRFLOW_CTX_TRY_NUMBER=1
AIRFLOW_CTX_DAG_RUN_ID=manual__2023-06-28T21:30:21-04:00
[2023-06-29T01:52:10.555+0000] {base.py:73} INFO - Using connection ID 'aws_conn' for task execution.
[2023-06-29T01:52:10.562+0000] {base.py:73} INFO - Using connection ID 'aws_conn' for task execution.
[2023-06-29T01:52:10.562+0000] {connection_wrapper.py:337} INFO - AWS Connection (conn_id='aws_conn', conn_type='aws') credentials retrieved from login and password.
[2023-06-29T01:52:10.574+0000] {s3_to_redshift.py:164} INFO - Executing COPY command...
[2023-06-29T01:52:10.580+0000] {base.py:73} INFO - Using connection ID 'redshift_conn' for task execution.
[2023-06-29T01:52:12.681+0000] {sql.py:375} INFO - Running statement: 
                    COPY public.filtered_people_info_mulheres_adultas 
                    FROM 's3://ibgebucket-data-pnadc/pnadc_data_2023/filter/filter_processed_data_pnadc_2023_06_29.csv'
                    credentials
                    'aws_access_key_id=AKIARUML2T4G3H7J744G;aws_secret_access_key=***'
                    DELIMITER ','
			NULL AS ''
			IGNOREHEADER 1;
        , parameters: None
[2023-06-29T01:52:16.061+0000] {s3_to_redshift.py:166} INFO - COPY command complete...
[2023-06-29T01:52:16.084+0000] {taskinstance.py:1332} INFO - Marking task as SUCCESS. dag_id=get_pnadc_data_new, task_id=transfer_s3_to_redshift, execution_date=20230629T013021, start_date=20230629T015209, end_date=20230629T015216
[2023-06-29T01:52:16.191+0000] {local_task_job.py:212} INFO - Task exited with return code 0
[2023-06-29T01:52:16.217+0000] {taskinstance.py:2596} INFO - 0 downstream tasks scheduled from follow-on schedule check
