[2023-06-29T19:56:33.998+0000] {taskinstance.py:1090} INFO - Dependencies all met for dep_context=non-requeueable deps ti=<TaskInstance: get_igbe_data.get_ibge_data manual__2023-06-29T15:56:14-04:00 [queued]>
[2023-06-29T19:56:34.014+0000] {taskinstance.py:1090} INFO - Dependencies all met for dep_context=requeueable deps ti=<TaskInstance: get_igbe_data.get_ibge_data manual__2023-06-29T15:56:14-04:00 [queued]>
[2023-06-29T19:56:34.015+0000] {taskinstance.py:1288} INFO - 
--------------------------------------------------------------------------------
[2023-06-29T19:56:34.015+0000] {taskinstance.py:1289} INFO - Starting attempt 1 of 1
[2023-06-29T19:56:34.015+0000] {taskinstance.py:1290} INFO - 
--------------------------------------------------------------------------------
[2023-06-29T19:56:34.073+0000] {taskinstance.py:1309} INFO - Executing <Task(PythonOperator): get_ibge_data> on 2023-06-29 19:56:14+00:00
[2023-06-29T19:56:34.086+0000] {standard_task_runner.py:55} INFO - Started process 1093 to run task
[2023-06-29T19:56:34.091+0000] {standard_task_runner.py:82} INFO - Running: ['***', 'tasks', 'run', 'get_igbe_data', 'get_ibge_data', 'manual__2023-06-29T15:56:14-04:00', '--job-id', '5', '--raw', '--subdir', 'DAGS_FOLDER/get_ibge_data.py', '--cfg-path', '/tmp/tmp87095vni']
[2023-06-29T19:56:34.093+0000] {standard_task_runner.py:83} INFO - Job 5: Subtask get_ibge_data
[2023-06-29T19:56:34.231+0000] {task_command.py:389} INFO - Running <TaskInstance: get_igbe_data.get_ibge_data manual__2023-06-29T15:56:14-04:00 [running]> on host b4b1b6c8b5f0
[2023-06-29T19:56:34.687+0000] {taskinstance.py:1518} INFO - Exporting the following env vars:
AIRFLOW_CTX_DAG_OWNER=***
AIRFLOW_CTX_DAG_ID=get_igbe_data
AIRFLOW_CTX_TASK_ID=get_ibge_data
AIRFLOW_CTX_EXECUTION_DATE=2023-06-29T19:56:14+00:00
AIRFLOW_CTX_TRY_NUMBER=1
AIRFLOW_CTX_DAG_RUN_ID=manual__2023-06-29T15:56:14-04:00
[2023-06-29T19:56:35.391+0000] {python.py:177} INFO - Done. Returned value was: None
[2023-06-29T19:56:35.402+0000] {taskinstance.py:1332} INFO - Marking task as SUCCESS. dag_id=get_igbe_data, task_id=get_ibge_data, execution_date=20230629T195614, start_date=20230629T195633, end_date=20230629T195635
[2023-06-29T19:56:35.470+0000] {local_task_job.py:212} INFO - Task exited with return code 0
[2023-06-29T19:56:35.504+0000] {taskinstance.py:2596} INFO - 1 downstream tasks scheduled from follow-on schedule check
