[2023-06-27T20:25:22.700+0000] {taskinstance.py:1090} INFO - Dependencies all met for dep_context=non-requeueable deps ti=<TaskInstance: get_pnadc_data_new.cleans.clean_data_rename_cols manual__2023-06-27T16:25:03-04:00 [queued]>
[2023-06-27T20:25:22.713+0000] {taskinstance.py:1090} INFO - Dependencies all met for dep_context=requeueable deps ti=<TaskInstance: get_pnadc_data_new.cleans.clean_data_rename_cols manual__2023-06-27T16:25:03-04:00 [queued]>
[2023-06-27T20:25:22.713+0000] {taskinstance.py:1288} INFO - 
--------------------------------------------------------------------------------
[2023-06-27T20:25:22.713+0000] {taskinstance.py:1289} INFO - Starting attempt 1 of 1
[2023-06-27T20:25:22.713+0000] {taskinstance.py:1290} INFO - 
--------------------------------------------------------------------------------
[2023-06-27T20:25:22.751+0000] {taskinstance.py:1309} INFO - Executing <Task(PythonOperator): cleans.clean_data_rename_cols> on 2023-06-27 20:25:03+00:00
[2023-06-27T20:25:22.758+0000] {standard_task_runner.py:55} INFO - Started process 24753 to run task
[2023-06-27T20:25:22.762+0000] {standard_task_runner.py:82} INFO - Running: ['***', 'tasks', 'run', 'get_pnadc_data_new', 'cleans.clean_data_rename_cols', 'manual__2023-06-27T16:25:03-04:00', '--job-id', '111', '--raw', '--subdir', 'DAGS_FOLDER/get_pnadc_data_new.py', '--cfg-path', '/tmp/tmpfylr18th']
[2023-06-27T20:25:22.764+0000] {standard_task_runner.py:83} INFO - Job 111: Subtask cleans.clean_data_rename_cols
[2023-06-27T20:25:22.852+0000] {task_command.py:389} INFO - Running <TaskInstance: get_pnadc_data_new.cleans.clean_data_rename_cols manual__2023-06-27T16:25:03-04:00 [running]> on host fef15d81d3ea
[2023-06-27T20:25:23.009+0000] {taskinstance.py:1518} INFO - Exporting the following env vars:
AIRFLOW_CTX_DAG_OWNER=***
AIRFLOW_CTX_DAG_ID=get_pnadc_data_new
AIRFLOW_CTX_TASK_ID=cleans.clean_data_rename_cols
AIRFLOW_CTX_EXECUTION_DATE=2023-06-27T20:25:03+00:00
AIRFLOW_CTX_TRY_NUMBER=1
AIRFLOW_CTX_DAG_RUN_ID=manual__2023-06-27T16:25:03-04:00
[2023-06-27T20:25:23.067+0000] {python.py:177} INFO - Done. Returned value was: None
[2023-06-27T20:25:23.078+0000] {taskinstance.py:1332} INFO - Marking task as SUCCESS. dag_id=get_pnadc_data_new, task_id=cleans.clean_data_rename_cols, execution_date=20230627T202503, start_date=20230627T202522, end_date=20230627T202523
[2023-06-27T20:25:23.175+0000] {local_task_job.py:212} INFO - Task exited with return code 0
[2023-06-27T20:25:23.233+0000] {taskinstance.py:2596} INFO - 1 downstream tasks scheduled from follow-on schedule check
