[2023-06-27T20:37:11.883+0000] {taskinstance.py:1090} INFO - Dependencies all met for dep_context=non-requeueable deps ti=<TaskInstance: get_pnadc_data_new.cleans.clean_data_rename_cols manual__2023-06-27T16:36:36-04:00 [queued]>
[2023-06-27T20:37:11.899+0000] {taskinstance.py:1090} INFO - Dependencies all met for dep_context=requeueable deps ti=<TaskInstance: get_pnadc_data_new.cleans.clean_data_rename_cols manual__2023-06-27T16:36:36-04:00 [queued]>
[2023-06-27T20:37:11.899+0000] {taskinstance.py:1288} INFO - 
--------------------------------------------------------------------------------
[2023-06-27T20:37:11.899+0000] {taskinstance.py:1289} INFO - Starting attempt 1 of 1
[2023-06-27T20:37:11.900+0000] {taskinstance.py:1290} INFO - 
--------------------------------------------------------------------------------
[2023-06-27T20:37:11.946+0000] {taskinstance.py:1309} INFO - Executing <Task(PythonOperator): cleans.clean_data_rename_cols> on 2023-06-27 20:36:36+00:00
[2023-06-27T20:37:11.953+0000] {standard_task_runner.py:55} INFO - Started process 25657 to run task
[2023-06-27T20:37:11.958+0000] {standard_task_runner.py:82} INFO - Running: ['***', 'tasks', 'run', 'get_pnadc_data_new', 'cleans.clean_data_rename_cols', 'manual__2023-06-27T16:36:36-04:00', '--job-id', '119', '--raw', '--subdir', 'DAGS_FOLDER/get_pnadc_data_new.py', '--cfg-path', '/tmp/tmp29yw00uz']
[2023-06-27T20:37:11.961+0000] {standard_task_runner.py:83} INFO - Job 119: Subtask cleans.clean_data_rename_cols
[2023-06-27T20:37:12.059+0000] {task_command.py:389} INFO - Running <TaskInstance: get_pnadc_data_new.cleans.clean_data_rename_cols manual__2023-06-27T16:36:36-04:00 [running]> on host fef15d81d3ea
[2023-06-27T20:37:12.347+0000] {taskinstance.py:1518} INFO - Exporting the following env vars:
AIRFLOW_CTX_DAG_OWNER=***
AIRFLOW_CTX_DAG_ID=get_pnadc_data_new
AIRFLOW_CTX_TASK_ID=cleans.clean_data_rename_cols
AIRFLOW_CTX_EXECUTION_DATE=2023-06-27T20:36:36+00:00
AIRFLOW_CTX_TRY_NUMBER=1
AIRFLOW_CTX_DAG_RUN_ID=manual__2023-06-27T16:36:36-04:00
[2023-06-27T20:37:12.425+0000] {python.py:177} INFO - Done. Returned value was: None
[2023-06-27T20:37:12.442+0000] {taskinstance.py:1332} INFO - Marking task as SUCCESS. dag_id=get_pnadc_data_new, task_id=cleans.clean_data_rename_cols, execution_date=20230627T203636, start_date=20230627T203711, end_date=20230627T203712
[2023-06-27T20:37:12.531+0000] {local_task_job.py:212} INFO - Task exited with return code 0
[2023-06-27T20:37:12.589+0000] {taskinstance.py:2596} INFO - 1 downstream tasks scheduled from follow-on schedule check
