[2023-06-28T04:50:04.527+0000] {taskinstance.py:1090} INFO - Dependencies all met for dep_context=non-requeueable deps ti=<TaskInstance: get_pnadc_data_new.cleans.clean_data_mod_rows manual__2023-06-28T00:34:44-04:00 [queued]>
[2023-06-28T04:50:04.537+0000] {taskinstance.py:1090} INFO - Dependencies all met for dep_context=requeueable deps ti=<TaskInstance: get_pnadc_data_new.cleans.clean_data_mod_rows manual__2023-06-28T00:34:44-04:00 [queued]>
[2023-06-28T04:50:04.538+0000] {taskinstance.py:1288} INFO - 
--------------------------------------------------------------------------------
[2023-06-28T04:50:04.538+0000] {taskinstance.py:1289} INFO - Starting attempt 1 of 1
[2023-06-28T04:50:04.538+0000] {taskinstance.py:1290} INFO - 
--------------------------------------------------------------------------------
[2023-06-28T04:50:04.581+0000] {taskinstance.py:1309} INFO - Executing <Task(PythonOperator): cleans.clean_data_mod_rows> on 2023-06-28 04:34:44+00:00
[2023-06-28T04:50:04.589+0000] {standard_task_runner.py:55} INFO - Started process 26495 to run task
[2023-06-28T04:50:04.593+0000] {standard_task_runner.py:82} INFO - Running: ['***', 'tasks', 'run', 'get_pnadc_data_new', 'cleans.clean_data_mod_rows', 'manual__2023-06-28T00:34:44-04:00', '--job-id', '240', '--raw', '--subdir', 'DAGS_FOLDER/get_pnadc_data_new.py', '--cfg-path', '/tmp/tmpsgjfpofe']
[2023-06-28T04:50:04.594+0000] {standard_task_runner.py:83} INFO - Job 240: Subtask cleans.clean_data_mod_rows
[2023-06-28T04:50:04.718+0000] {task_command.py:389} INFO - Running <TaskInstance: get_pnadc_data_new.cleans.clean_data_mod_rows manual__2023-06-28T00:34:44-04:00 [running]> on host 8b415078c232
[2023-06-28T04:50:05.220+0000] {taskinstance.py:1518} INFO - Exporting the following env vars:
AIRFLOW_CTX_DAG_OWNER=***
AIRFLOW_CTX_DAG_ID=get_pnadc_data_new
AIRFLOW_CTX_TASK_ID=cleans.clean_data_mod_rows
AIRFLOW_CTX_EXECUTION_DATE=2023-06-28T04:34:44+00:00
AIRFLOW_CTX_TRY_NUMBER=1
AIRFLOW_CTX_DAG_RUN_ID=manual__2023-06-28T00:34:44-04:00
[2023-06-28T04:50:19.123+0000] {python.py:177} INFO - Done. Returned value was: None
[2023-06-28T04:50:19.132+0000] {taskinstance.py:1332} INFO - Marking task as SUCCESS. dag_id=get_pnadc_data_new, task_id=cleans.clean_data_mod_rows, execution_date=20230628T043444, start_date=20230628T045004, end_date=20230628T045019
[2023-06-28T04:50:19.281+0000] {local_task_job.py:212} INFO - Task exited with return code 0
[2023-06-28T04:50:19.334+0000] {taskinstance.py:2596} INFO - 1 downstream tasks scheduled from follow-on schedule check
