[2023-06-29T18:48:57.693+0000] {taskinstance.py:1090} INFO - Dependencies all met for dep_context=non-requeueable deps ti=<TaskInstance: get_igbe_data.clean_data manual__2023-06-29T14:48:21-04:00 [queued]>
[2023-06-29T18:48:57.712+0000] {taskinstance.py:1090} INFO - Dependencies all met for dep_context=requeueable deps ti=<TaskInstance: get_igbe_data.clean_data manual__2023-06-29T14:48:21-04:00 [queued]>
[2023-06-29T18:48:57.712+0000] {taskinstance.py:1288} INFO - 
--------------------------------------------------------------------------------
[2023-06-29T18:48:57.712+0000] {taskinstance.py:1289} INFO - Starting attempt 1 of 1
[2023-06-29T18:48:57.712+0000] {taskinstance.py:1290} INFO - 
--------------------------------------------------------------------------------
[2023-06-29T18:48:57.776+0000] {taskinstance.py:1309} INFO - Executing <Task(PythonOperator): clean_data> on 2023-06-29 18:48:21+00:00
[2023-06-29T18:48:57.785+0000] {standard_task_runner.py:55} INFO - Started process 3400 to run task
[2023-06-29T18:48:57.790+0000] {standard_task_runner.py:82} INFO - Running: ['***', 'tasks', 'run', 'get_igbe_data', 'clean_data', 'manual__2023-06-29T14:48:21-04:00', '--job-id', '364', '--raw', '--subdir', 'DAGS_FOLDER/get_ibge_data.py', '--cfg-path', '/tmp/tmployyl04_']
[2023-06-29T18:48:57.792+0000] {standard_task_runner.py:83} INFO - Job 364: Subtask clean_data
[2023-06-29T18:48:57.912+0000] {task_command.py:389} INFO - Running <TaskInstance: get_igbe_data.clean_data manual__2023-06-29T14:48:21-04:00 [running]> on host 41bc33bbab58
[2023-06-29T18:48:58.389+0000] {taskinstance.py:1518} INFO - Exporting the following env vars:
AIRFLOW_CTX_DAG_OWNER=***
AIRFLOW_CTX_DAG_ID=get_igbe_data
AIRFLOW_CTX_TASK_ID=clean_data
AIRFLOW_CTX_EXECUTION_DATE=2023-06-29T18:48:21+00:00
AIRFLOW_CTX_TRY_NUMBER=1
AIRFLOW_CTX_DAG_RUN_ID=manual__2023-06-29T14:48:21-04:00
[2023-06-29T18:48:58.624+0000] {taskinstance.py:1776} ERROR - Task failed with exception
Traceback (most recent call last):
  File "/home/airflow/.local/lib/python3.7/site-packages/airflow/operators/python.py", line 175, in execute
    return_value = self.execute_callable()
  File "/home/airflow/.local/lib/python3.7/site-packages/airflow/operators/python.py", line 192, in execute_callable
    return self.python_callable(*self.op_args, **self.op_kwargs)
  File "/opt/airflow/dags/scripts/transform.py", line 48, in _clean_rows
    df = pd.read_csv(path_to_data)
  File "/home/airflow/.local/lib/python3.7/site-packages/pandas/util/_decorators.py", line 311, in wrapper
    return func(*args, **kwargs)
  File "/home/airflow/.local/lib/python3.7/site-packages/pandas/io/parsers/readers.py", line 586, in read_csv
    return _read(filepath_or_buffer, kwds)
  File "/home/airflow/.local/lib/python3.7/site-packages/pandas/io/parsers/readers.py", line 482, in _read
    parser = TextFileReader(filepath_or_buffer, **kwds)
  File "/home/airflow/.local/lib/python3.7/site-packages/pandas/io/parsers/readers.py", line 811, in __init__
    self._engine = self._make_engine(self.engine)
  File "/home/airflow/.local/lib/python3.7/site-packages/pandas/io/parsers/readers.py", line 1040, in _make_engine
    return mapping[engine](self.f, **self.options)  # type: ignore[call-arg]
  File "/home/airflow/.local/lib/python3.7/site-packages/pandas/io/parsers/c_parser_wrapper.py", line 69, in __init__
    self._reader = parsers.TextReader(self.handles.handle, **kwds)
  File "pandas/_libs/parsers.pyx", line 542, in pandas._libs.parsers.TextReader.__cinit__
  File "pandas/_libs/parsers.pyx", line 642, in pandas._libs.parsers.TextReader._get_header
  File "pandas/_libs/parsers.pyx", line 843, in pandas._libs.parsers.TextReader._tokenize_rows
  File "pandas/_libs/parsers.pyx", line 1917, in pandas._libs.parsers.raise_parser_error
UnicodeDecodeError: 'utf-8' codec can't decode byte 0xe1 in position 75: invalid continuation byte
[2023-06-29T18:48:59.064+0000] {taskinstance.py:1332} INFO - Marking task as FAILED. dag_id=get_igbe_data, task_id=clean_data, execution_date=20230629T184821, start_date=20230629T184857, end_date=20230629T184859
[2023-06-29T18:48:59.583+0000] {standard_task_runner.py:105} ERROR - Failed to execute job 364 for task clean_data ('utf-8' codec can't decode byte 0xe1 in position 75: invalid continuation byte; 3400)
[2023-06-29T18:48:59.613+0000] {local_task_job.py:212} INFO - Task exited with return code 1
[2023-06-29T18:48:59.663+0000] {taskinstance.py:2596} INFO - 0 downstream tasks scheduled from follow-on schedule check
