[2023-06-29T21:06:50.247+0000] {taskinstance.py:1090} INFO - Dependencies all met for dep_context=non-requeueable deps ti=<TaskInstance: get_igbe_data.get_ibge_data manual__2023-06-29T17:06:32-04:00 [queued]>
[2023-06-29T21:06:50.263+0000] {taskinstance.py:1090} INFO - Dependencies all met for dep_context=requeueable deps ti=<TaskInstance: get_igbe_data.get_ibge_data manual__2023-06-29T17:06:32-04:00 [queued]>
[2023-06-29T21:06:50.264+0000] {taskinstance.py:1288} INFO - 
--------------------------------------------------------------------------------
[2023-06-29T21:06:50.264+0000] {taskinstance.py:1289} INFO - Starting attempt 1 of 1
[2023-06-29T21:06:50.264+0000] {taskinstance.py:1290} INFO - 
--------------------------------------------------------------------------------
[2023-06-29T21:06:50.316+0000] {taskinstance.py:1309} INFO - Executing <Task(PythonOperator): get_ibge_data> on 2023-06-29 21:06:32+00:00
[2023-06-29T21:06:50.324+0000] {standard_task_runner.py:55} INFO - Started process 6542 to run task
[2023-06-29T21:06:50.327+0000] {standard_task_runner.py:82} INFO - Running: ['***', 'tasks', 'run', 'get_igbe_data', 'get_ibge_data', 'manual__2023-06-29T17:06:32-04:00', '--job-id', '60', '--raw', '--subdir', 'DAGS_FOLDER/get_ibge_data.py', '--cfg-path', '/tmp/tmpke9onavu']
[2023-06-29T21:06:50.329+0000] {standard_task_runner.py:83} INFO - Job 60: Subtask get_ibge_data
[2023-06-29T21:06:50.434+0000] {task_command.py:389} INFO - Running <TaskInstance: get_igbe_data.get_ibge_data manual__2023-06-29T17:06:32-04:00 [running]> on host b4b1b6c8b5f0
[2023-06-29T21:06:50.866+0000] {taskinstance.py:1518} INFO - Exporting the following env vars:
AIRFLOW_CTX_DAG_OWNER=***
AIRFLOW_CTX_DAG_ID=get_igbe_data
AIRFLOW_CTX_TASK_ID=get_ibge_data
AIRFLOW_CTX_EXECUTION_DATE=2023-06-29T21:06:32+00:00
AIRFLOW_CTX_TRY_NUMBER=1
AIRFLOW_CTX_DAG_RUN_ID=manual__2023-06-29T17:06:32-04:00
[2023-06-29T21:06:51.609+0000] {python.py:177} INFO - Done. Returned value was: None
[2023-06-29T21:06:52.000+0000] {taskinstance.py:1332} INFO - Marking task as SUCCESS. dag_id=get_igbe_data, task_id=get_ibge_data, execution_date=20230629T210632, start_date=20230629T210650, end_date=20230629T210652
[2023-06-29T21:06:52.392+0000] {local_task_job.py:212} INFO - Task exited with return code 0
[2023-06-29T21:06:52.451+0000] {taskinstance.py:2596} INFO - 1 downstream tasks scheduled from follow-on schedule check
