[2023-06-27T07:52:59.156+0000] {taskinstance.py:1090} INFO - Dependencies all met for dep_context=non-requeueable deps ti=<TaskInstance: get_pnadc_data_new.generate_filter_data manual__2023-06-27T07:52:53.961901+00:00 [queued]>
[2023-06-27T07:52:59.168+0000] {taskinstance.py:1090} INFO - Dependencies all met for dep_context=requeueable deps ti=<TaskInstance: get_pnadc_data_new.generate_filter_data manual__2023-06-27T07:52:53.961901+00:00 [queued]>
[2023-06-27T07:52:59.168+0000] {taskinstance.py:1288} INFO - 
--------------------------------------------------------------------------------
[2023-06-27T07:52:59.168+0000] {taskinstance.py:1289} INFO - Starting attempt 1 of 1
[2023-06-27T07:52:59.169+0000] {taskinstance.py:1290} INFO - 
--------------------------------------------------------------------------------
[2023-06-27T07:52:59.231+0000] {taskinstance.py:1309} INFO - Executing <Task(SqlToS3Operator): generate_filter_data> on 2023-06-27 07:52:53.961901+00:00
[2023-06-27T07:52:59.240+0000] {standard_task_runner.py:55} INFO - Started process 4944 to run task
[2023-06-27T07:52:59.245+0000] {standard_task_runner.py:82} INFO - Running: ['***', 'tasks', 'run', 'get_pnadc_data_new', 'generate_filter_data', 'manual__2023-06-27T07:52:53.961901+00:00', '--job-id', '13', '--raw', '--subdir', 'DAGS_FOLDER/get_pnadc_data_new.py', '--cfg-path', '/tmp/tmp2j06z48y']
[2023-06-27T07:52:59.248+0000] {standard_task_runner.py:83} INFO - Job 13: Subtask generate_filter_data
[2023-06-27T07:52:59.369+0000] {task_command.py:389} INFO - Running <TaskInstance: get_pnadc_data_new.generate_filter_data manual__2023-06-27T07:52:53.961901+00:00 [running]> on host 33a038a7552c
[2023-06-27T07:52:59.578+0000] {taskinstance.py:1518} INFO - Exporting the following env vars:
AIRFLOW_CTX_DAG_OWNER=***
AIRFLOW_CTX_DAG_ID=get_pnadc_data_new
AIRFLOW_CTX_TASK_ID=generate_filter_data
AIRFLOW_CTX_EXECUTION_DATE=2023-06-27T07:52:53.961901+00:00
AIRFLOW_CTX_TRY_NUMBER=1
AIRFLOW_CTX_DAG_RUN_ID=manual__2023-06-27T07:52:53.961901+00:00
[2023-06-27T07:52:59.595+0000] {base.py:73} INFO - Using connection ID '***_conn' for task execution.
[2023-06-27T07:53:00.781+0000] {base.py:73} INFO - Using connection ID '***_conn' for task execution.
[2023-06-27T07:53:02.966+0000] {taskinstance.py:1776} ERROR - Task failed with exception
Traceback (most recent call last):
  File "/home/airflow/.local/lib/python3.7/site-packages/airflow/providers/amazon/aws/transfers/sql_to_s3.py", line 167, in execute
    data_df = sql_hook.get_pandas_df(sql=self.query, parameters=self.parameters)
  File "/home/airflow/.local/lib/python3.7/site-packages/airflow/providers/common/sql/hooks/sql.py", line 200, in get_pandas_df
    with closing(self.get_conn()) as conn:
  File "/home/airflow/.local/lib/python3.7/site-packages/airflow/providers/postgres/hooks/postgres.py", line 144, in get_conn
    self.conn = psycopg2.connect(**conn_args)
  File "/home/airflow/.local/lib/python3.7/site-packages/psycopg2/__init__.py", line 122, in connect
    conn = _connect(dsn, connection_factory=connection_factory, **kwasync)
psycopg2.OperationalError: connection to server at "dbpeopleall.ci6rlhbtdtag.us-east-1.rds.amazonaws.com" (3.216.76.66), port 5432 failed: FATAL:  password authentication failed for user "***_root"
connection to server at "dbpeopleall.ci6rlhbtdtag.us-east-1.rds.amazonaws.com" (3.216.76.66), port 5432 failed: FATAL:  password authentication failed for user "***_root"

[2023-06-27T07:53:02.990+0000] {taskinstance.py:1332} INFO - Marking task as FAILED. dag_id=get_pnadc_data_new, task_id=generate_filter_data, execution_date=20230627T075253, start_date=20230627T075259, end_date=20230627T075302
[2023-06-27T07:53:03.050+0000] {standard_task_runner.py:105} ERROR - Failed to execute job 13 for task generate_filter_data (connection to server at "dbpeopleall.ci6rlhbtdtag.us-east-1.rds.amazonaws.com" (3.216.76.66), port 5432 failed: FATAL:  password authentication failed for user "***_root"
connection to server at "dbpeopleall.ci6rlhbtdtag.us-east-1.rds.amazonaws.com" (3.216.76.66), port 5432 failed: FATAL:  password authentication failed for user "***_root"
; 4944)
[2023-06-27T07:53:03.086+0000] {local_task_job.py:212} INFO - Task exited with return code 1
[2023-06-27T07:53:03.120+0000] {taskinstance.py:2596} INFO - 0 downstream tasks scheduled from follow-on schedule check
