[2023-06-28T04:34:50.832+0000] {taskinstance.py:1090} INFO - Dependencies all met for dep_context=non-requeueable deps ti=<TaskInstance: get_pnadc_data_new.get_mongodb_data manual__2023-06-28T00:34:44-04:00 [queued]>
[2023-06-28T04:34:50.849+0000] {taskinstance.py:1090} INFO - Dependencies all met for dep_context=requeueable deps ti=<TaskInstance: get_pnadc_data_new.get_mongodb_data manual__2023-06-28T00:34:44-04:00 [queued]>
[2023-06-28T04:34:50.850+0000] {taskinstance.py:1288} INFO - 
--------------------------------------------------------------------------------
[2023-06-28T04:34:50.850+0000] {taskinstance.py:1289} INFO - Starting attempt 1 of 1
[2023-06-28T04:34:50.850+0000] {taskinstance.py:1290} INFO - 
--------------------------------------------------------------------------------
[2023-06-28T04:34:50.902+0000] {taskinstance.py:1309} INFO - Executing <Task(PythonOperator): get_mongodb_data> on 2023-06-28 04:34:44+00:00
[2023-06-28T04:34:50.914+0000] {standard_task_runner.py:55} INFO - Started process 25309 to run task
[2023-06-28T04:34:50.920+0000] {standard_task_runner.py:82} INFO - Running: ['***', 'tasks', 'run', 'get_pnadc_data_new', 'get_mongodb_data', 'manual__2023-06-28T00:34:44-04:00', '--job-id', '236', '--raw', '--subdir', 'DAGS_FOLDER/get_pnadc_data_new.py', '--cfg-path', '/tmp/tmpe2wxw6ke']
[2023-06-28T04:34:50.922+0000] {standard_task_runner.py:83} INFO - Job 236: Subtask get_mongodb_data
[2023-06-28T04:34:51.066+0000] {task_command.py:389} INFO - Running <TaskInstance: get_pnadc_data_new.get_mongodb_data manual__2023-06-28T00:34:44-04:00 [running]> on host 8b415078c232
[2023-06-28T04:34:51.516+0000] {taskinstance.py:1518} INFO - Exporting the following env vars:
AIRFLOW_CTX_DAG_OWNER=***
AIRFLOW_CTX_DAG_ID=get_pnadc_data_new
AIRFLOW_CTX_TASK_ID=get_mongodb_data
AIRFLOW_CTX_EXECUTION_DATE=2023-06-28T04:34:44+00:00
AIRFLOW_CTX_TRY_NUMBER=1
AIRFLOW_CTX_DAG_RUN_ID=manual__2023-06-28T00:34:44-04:00
[2023-06-28T04:34:51.529+0000] {base.py:73} INFO - Using connection ID 'mongodb_conn' for task execution.
[2023-06-28T04:49:08.920+0000] {python.py:177} INFO - Done. Returned value was: None
[2023-06-28T04:49:09.047+0000] {taskinstance.py:1332} INFO - Marking task as SUCCESS. dag_id=get_pnadc_data_new, task_id=get_mongodb_data, execution_date=20230628T043444, start_date=20230628T043450, end_date=20230628T044909
[2023-06-28T04:49:09.165+0000] {local_task_job.py:212} INFO - Task exited with return code 0
[2023-06-28T04:49:09.436+0000] {taskinstance.py:2596} INFO - 1 downstream tasks scheduled from follow-on schedule check
