[2023-06-26T21:04:13.953+0000] {taskinstance.py:1165} INFO - Dependencies all met for <TaskInstance: get_pnadc_data_new.get_mongodb_data manual__2023-06-26T21:04:10.726820+00:00 [queued]>
[2023-06-26T21:04:13.962+0000] {taskinstance.py:1165} INFO - Dependencies all met for <TaskInstance: get_pnadc_data_new.get_mongodb_data manual__2023-06-26T21:04:10.726820+00:00 [queued]>
[2023-06-26T21:04:13.962+0000] {taskinstance.py:1362} INFO - 
--------------------------------------------------------------------------------
[2023-06-26T21:04:13.962+0000] {taskinstance.py:1363} INFO - Starting attempt 1 of 1
[2023-06-26T21:04:13.962+0000] {taskinstance.py:1364} INFO - 
--------------------------------------------------------------------------------
[2023-06-26T21:04:14.019+0000] {taskinstance.py:1383} INFO - Executing <Task(PythonOperator): get_mongodb_data> on 2023-06-26 21:04:10.726820+00:00
[2023-06-26T21:04:14.025+0000] {standard_task_runner.py:55} INFO - Started process 348 to run task
[2023-06-26T21:04:14.028+0000] {standard_task_runner.py:82} INFO - Running: ['***', 'tasks', 'run', 'get_pnadc_data_new', 'get_mongodb_data', 'manual__2023-06-26T21:04:10.726820+00:00', '--job-id', '41', '--raw', '--subdir', 'DAGS_FOLDER/get_pnadc_data_new.py', '--cfg-path', '/tmp/tmpya1gjx3b']
[2023-06-26T21:04:14.029+0000] {standard_task_runner.py:83} INFO - Job 41: Subtask get_mongodb_data
[2023-06-26T21:04:14.116+0000] {task_command.py:376} INFO - Running <TaskInstance: get_pnadc_data_new.get_mongodb_data manual__2023-06-26T21:04:10.726820+00:00 [running]> on host f5a823219759
[2023-06-26T21:04:14.251+0000] {taskinstance.py:1592} INFO - Exporting the following env vars:
AIRFLOW_CTX_DAG_OWNER=***
AIRFLOW_CTX_DAG_ID=get_pnadc_data_new
AIRFLOW_CTX_TASK_ID=get_mongodb_data
AIRFLOW_CTX_EXECUTION_DATE=2023-06-26T21:04:10.726820+00:00
AIRFLOW_CTX_TRY_NUMBER=1
AIRFLOW_CTX_DAG_RUN_ID=manual__2023-06-26T21:04:10.726820+00:00
[2023-06-26T21:04:14.264+0000] {base.py:71} INFO - Using connection ID 'mongodb_conn' for task execution.
[2023-06-26T21:05:07.111+0000] {python.py:177} INFO - Done. Returned value was: None
[2023-06-26T21:05:07.123+0000] {taskinstance.py:1406} INFO - Marking task as SUCCESS. dag_id=get_pnadc_data_new, task_id=get_mongodb_data, execution_date=20230626T210410, start_date=20230626T210413, end_date=20230626T210507
[2023-06-26T21:05:07.256+0000] {local_task_job.py:164} INFO - Task exited with return code 0
[2023-06-26T21:05:07.328+0000] {local_task_job.py:273} INFO - 1 downstream tasks scheduled from follow-on schedule check
