[2023-06-28T23:41:34.447+0000] {taskinstance.py:1090} INFO - Dependencies all met for dep_context=non-requeueable deps ti=<TaskInstance: get_pnadc_data_new.transfer_rds_data_to_s3 manual__2023-06-28T19:19:18-04:00 [queued]>
[2023-06-28T23:41:34.464+0000] {taskinstance.py:1090} INFO - Dependencies all met for dep_context=requeueable deps ti=<TaskInstance: get_pnadc_data_new.transfer_rds_data_to_s3 manual__2023-06-28T19:19:18-04:00 [queued]>
[2023-06-28T23:41:34.464+0000] {taskinstance.py:1288} INFO - 
--------------------------------------------------------------------------------
[2023-06-28T23:41:34.464+0000] {taskinstance.py:1289} INFO - Starting attempt 1 of 1
[2023-06-28T23:41:34.465+0000] {taskinstance.py:1290} INFO - 
--------------------------------------------------------------------------------
[2023-06-28T23:41:34.514+0000] {taskinstance.py:1309} INFO - Executing <Task(PythonOperator): transfer_rds_data_to_s3> on 2023-06-28 23:19:18+00:00
[2023-06-28T23:41:34.526+0000] {standard_task_runner.py:55} INFO - Started process 12339 to run task
[2023-06-28T23:41:34.532+0000] {standard_task_runner.py:82} INFO - Running: ['***', 'tasks', 'run', 'get_pnadc_data_new', 'transfer_rds_data_to_s3', 'manual__2023-06-28T19:19:18-04:00', '--job-id', '321', '--raw', '--subdir', 'DAGS_FOLDER/get_pnadc_data_new.py', '--cfg-path', '/tmp/tmpgktgih69']
[2023-06-28T23:41:34.535+0000] {standard_task_runner.py:83} INFO - Job 321: Subtask transfer_rds_data_to_s3
[2023-06-28T23:41:34.677+0000] {task_command.py:389} INFO - Running <TaskInstance: get_pnadc_data_new.transfer_rds_data_to_s3 manual__2023-06-28T19:19:18-04:00 [running]> on host d9b032dfc97f
[2023-06-28T23:41:35.311+0000] {taskinstance.py:1518} INFO - Exporting the following env vars:
AIRFLOW_CTX_DAG_OWNER=***
AIRFLOW_CTX_DAG_ID=get_pnadc_data_new
AIRFLOW_CTX_TASK_ID=transfer_rds_data_to_s3
AIRFLOW_CTX_EXECUTION_DATE=2023-06-28T23:19:18+00:00
AIRFLOW_CTX_TRY_NUMBER=1
AIRFLOW_CTX_DAG_RUN_ID=manual__2023-06-28T19:19:18-04:00
[2023-06-28T23:41:35.327+0000] {base.py:73} INFO - Using connection ID 'aws_conn' for task execution.
[2023-06-28T23:41:35.328+0000] {connection_wrapper.py:337} INFO - AWS Connection (conn_id='aws_conn', conn_type='aws') credentials retrieved from login and password.
[2023-06-28T23:41:36.081+0000] {base.py:73} INFO - Using connection ID 'postgres_conn' for task execution.
[2023-06-28T23:41:54.981+0000] {python.py:177} INFO - Done. Returned value was: None
[2023-06-28T23:41:54.991+0000] {taskinstance.py:1332} INFO - Marking task as SUCCESS. dag_id=get_pnadc_data_new, task_id=transfer_rds_data_to_s3, execution_date=20230628T231918, start_date=20230628T234134, end_date=20230628T234154
[2023-06-28T23:41:55.077+0000] {local_task_job.py:212} INFO - Task exited with return code 0
[2023-06-28T23:41:55.105+0000] {taskinstance.py:2596} INFO - 1 downstream tasks scheduled from follow-on schedule check
