[2023-06-28T21:20:03.004+0000] {taskinstance.py:1090} INFO - Dependencies all met for dep_context=non-requeueable deps ti=<TaskInstance: get_pnadc_data_new.transfer_s3_to_redshift manual__2023-06-28T17:19:09-04:00 [queued]>
[2023-06-28T21:20:03.015+0000] {taskinstance.py:1090} INFO - Dependencies all met for dep_context=requeueable deps ti=<TaskInstance: get_pnadc_data_new.transfer_s3_to_redshift manual__2023-06-28T17:19:09-04:00 [queued]>
[2023-06-28T21:20:03.015+0000] {taskinstance.py:1288} INFO - 
--------------------------------------------------------------------------------
[2023-06-28T21:20:03.015+0000] {taskinstance.py:1289} INFO - Starting attempt 1 of 1
[2023-06-28T21:20:03.016+0000] {taskinstance.py:1290} INFO - 
--------------------------------------------------------------------------------
[2023-06-28T21:20:03.070+0000] {taskinstance.py:1309} INFO - Executing <Task(S3ToRedshiftOperator): transfer_s3_to_redshift> on 2023-06-28 21:19:09+00:00
[2023-06-28T21:20:03.078+0000] {standard_task_runner.py:55} INFO - Started process 1902 to run task
[2023-06-28T21:20:03.081+0000] {standard_task_runner.py:82} INFO - Running: ['***', 'tasks', 'run', 'get_pnadc_data_new', 'transfer_s3_to_redshift', 'manual__2023-06-28T17:19:09-04:00', '--job-id', '283', '--raw', '--subdir', 'DAGS_FOLDER/get_pnadc_data_new.py', '--cfg-path', '/tmp/tmp9vu5r8rr']
[2023-06-28T21:20:03.083+0000] {standard_task_runner.py:83} INFO - Job 283: Subtask transfer_s3_to_redshift
[2023-06-28T21:20:03.227+0000] {task_command.py:389} INFO - Running <TaskInstance: get_pnadc_data_new.transfer_s3_to_redshift manual__2023-06-28T17:19:09-04:00 [running]> on host d9b032dfc97f
[2023-06-28T21:20:03.658+0000] {taskinstance.py:1518} INFO - Exporting the following env vars:
AIRFLOW_CTX_DAG_OWNER=***
AIRFLOW_CTX_DAG_ID=get_pnadc_data_new
AIRFLOW_CTX_TASK_ID=transfer_s3_to_redshift
AIRFLOW_CTX_EXECUTION_DATE=2023-06-28T21:19:09+00:00
AIRFLOW_CTX_TRY_NUMBER=1
AIRFLOW_CTX_DAG_RUN_ID=manual__2023-06-28T17:19:09-04:00
[2023-06-28T21:20:03.670+0000] {base.py:73} INFO - Using connection ID 'aws_conn' for task execution.
[2023-06-28T21:20:03.678+0000] {base.py:73} INFO - Using connection ID 'aws_conn' for task execution.
[2023-06-28T21:20:03.679+0000] {connection_wrapper.py:337} INFO - AWS Connection (conn_id='aws_conn', conn_type='aws') credentials retrieved from login and password.
[2023-06-28T21:20:03.692+0000] {s3_to_redshift.py:164} INFO - Executing COPY command...
[2023-06-28T21:20:03.699+0000] {base.py:73} INFO - Using connection ID 'redshift_conn' for task execution.
[2023-06-28T21:20:05.998+0000] {sql.py:375} INFO - Running statement: 
                    COPY public.filtered_people_info_mulheres_adultas 
                    FROM 's3://ibgebucket-data-pnadc/pnadc_data_2023/filter/filter_processed_data_pnadc_2023_06_28.csv'
                    credentials
                    'aws_access_key_id=AKIARUML2T4G3H7J744G;aws_secret_access_key=***'
                    DELIMITER ','
			NULL AS ''
			IGNOREHEADER 1;
        , parameters: None
[2023-06-28T21:20:11.939+0000] {s3_to_redshift.py:166} INFO - COPY command complete...
[2023-06-28T21:20:11.980+0000] {taskinstance.py:1332} INFO - Marking task as SUCCESS. dag_id=get_pnadc_data_new, task_id=transfer_s3_to_redshift, execution_date=20230628T211909, start_date=20230628T212003, end_date=20230628T212011
[2023-06-28T21:20:12.146+0000] {local_task_job.py:212} INFO - Task exited with return code 0
[2023-06-28T21:20:12.171+0000] {taskinstance.py:2596} INFO - 0 downstream tasks scheduled from follow-on schedule check
