[2023-06-29T19:09:00.818+0000] {taskinstance.py:1090} INFO - Dependencies all met for dep_context=non-requeueable deps ti=<TaskInstance: get_igbe_data.get_ibge_data manual__2023-06-29T15:08:38-04:00 [queued]>
[2023-06-29T19:09:00.832+0000] {taskinstance.py:1090} INFO - Dependencies all met for dep_context=requeueable deps ti=<TaskInstance: get_igbe_data.get_ibge_data manual__2023-06-29T15:08:38-04:00 [queued]>
[2023-06-29T19:09:00.832+0000] {taskinstance.py:1288} INFO - 
--------------------------------------------------------------------------------
[2023-06-29T19:09:00.832+0000] {taskinstance.py:1289} INFO - Starting attempt 1 of 1
[2023-06-29T19:09:00.833+0000] {taskinstance.py:1290} INFO - 
--------------------------------------------------------------------------------
[2023-06-29T19:09:00.872+0000] {taskinstance.py:1309} INFO - Executing <Task(PythonOperator): get_ibge_data> on 2023-06-29 19:08:38+00:00
[2023-06-29T19:09:00.878+0000] {standard_task_runner.py:55} INFO - Started process 4931 to run task
[2023-06-29T19:09:00.881+0000] {standard_task_runner.py:82} INFO - Running: ['***', 'tasks', 'run', 'get_igbe_data', 'get_ibge_data', 'manual__2023-06-29T15:08:38-04:00', '--job-id', '375', '--raw', '--subdir', 'DAGS_FOLDER/get_ibge_data.py', '--cfg-path', '/tmp/tmphlzo3s5p']
[2023-06-29T19:09:00.884+0000] {standard_task_runner.py:83} INFO - Job 375: Subtask get_ibge_data
[2023-06-29T19:09:00.965+0000] {task_command.py:389} INFO - Running <TaskInstance: get_igbe_data.get_ibge_data manual__2023-06-29T15:08:38-04:00 [running]> on host 41bc33bbab58
[2023-06-29T19:09:01.266+0000] {taskinstance.py:1518} INFO - Exporting the following env vars:
AIRFLOW_CTX_DAG_OWNER=***
AIRFLOW_CTX_DAG_ID=get_igbe_data
AIRFLOW_CTX_TASK_ID=get_ibge_data
AIRFLOW_CTX_EXECUTION_DATE=2023-06-29T19:08:38+00:00
AIRFLOW_CTX_TRY_NUMBER=1
AIRFLOW_CTX_DAG_RUN_ID=manual__2023-06-29T15:08:38-04:00
[2023-06-29T19:09:01.676+0000] {python.py:177} INFO - Done. Returned value was: None
[2023-06-29T19:09:01.686+0000] {taskinstance.py:1332} INFO - Marking task as SUCCESS. dag_id=get_igbe_data, task_id=get_ibge_data, execution_date=20230629T190838, start_date=20230629T190900, end_date=20230629T190901
[2023-06-29T19:09:01.777+0000] {local_task_job.py:212} INFO - Task exited with return code 0
[2023-06-29T19:09:01.934+0000] {taskinstance.py:2596} INFO - 0 downstream tasks scheduled from follow-on schedule check
