[2023-06-29T20:20:51.244+0000] {taskinstance.py:1090} INFO - Dependencies all met for dep_context=non-requeueable deps ti=<TaskInstance: get_pnadc_data.transfer_rds_data_to_s3 manual__2023-06-29T16:19:51-04:00 [queued]>
[2023-06-29T20:20:51.255+0000] {taskinstance.py:1090} INFO - Dependencies all met for dep_context=requeueable deps ti=<TaskInstance: get_pnadc_data.transfer_rds_data_to_s3 manual__2023-06-29T16:19:51-04:00 [queued]>
[2023-06-29T20:20:51.255+0000] {taskinstance.py:1288} INFO - 
--------------------------------------------------------------------------------
[2023-06-29T20:20:51.255+0000] {taskinstance.py:1289} INFO - Starting attempt 1 of 1
[2023-06-29T20:20:51.255+0000] {taskinstance.py:1290} INFO - 
--------------------------------------------------------------------------------
[2023-06-29T20:20:51.297+0000] {taskinstance.py:1309} INFO - Executing <Task(PythonOperator): transfer_rds_data_to_s3> on 2023-06-29 20:19:51+00:00
[2023-06-29T20:20:51.304+0000] {standard_task_runner.py:55} INFO - Started process 2992 to run task
[2023-06-29T20:20:51.308+0000] {standard_task_runner.py:82} INFO - Running: ['***', 'tasks', 'run', 'get_pnadc_data', 'transfer_rds_data_to_s3', 'manual__2023-06-29T16:19:51-04:00', '--job-id', '40', '--raw', '--subdir', 'DAGS_FOLDER/get_pnadc_data.py', '--cfg-path', '/tmp/tmpk0ieo2mu']
[2023-06-29T20:20:51.310+0000] {standard_task_runner.py:83} INFO - Job 40: Subtask transfer_rds_data_to_s3
[2023-06-29T20:20:51.414+0000] {task_command.py:389} INFO - Running <TaskInstance: get_pnadc_data.transfer_rds_data_to_s3 manual__2023-06-29T16:19:51-04:00 [running]> on host b4b1b6c8b5f0
[2023-06-29T20:20:51.819+0000] {taskinstance.py:1518} INFO - Exporting the following env vars:
AIRFLOW_CTX_DAG_OWNER=***
AIRFLOW_CTX_DAG_ID=get_pnadc_data
AIRFLOW_CTX_TASK_ID=transfer_rds_data_to_s3
AIRFLOW_CTX_EXECUTION_DATE=2023-06-29T20:19:51+00:00
AIRFLOW_CTX_TRY_NUMBER=1
AIRFLOW_CTX_DAG_RUN_ID=manual__2023-06-29T16:19:51-04:00
[2023-06-29T20:20:51.843+0000] {base.py:73} INFO - Using connection ID 'aws_conn' for task execution.
[2023-06-29T20:20:51.844+0000] {connection_wrapper.py:337} INFO - AWS Connection (conn_id='aws_conn', conn_type='aws') credentials retrieved from login and password.
[2023-06-29T20:20:52.400+0000] {base.py:73} INFO - Using connection ID 'postgres_conn' for task execution.
[2023-06-29T20:20:59.334+0000] {python.py:177} INFO - Done. Returned value was: None
[2023-06-29T20:20:59.350+0000] {taskinstance.py:1332} INFO - Marking task as SUCCESS. dag_id=get_pnadc_data, task_id=transfer_rds_data_to_s3, execution_date=20230629T201951, start_date=20230629T202051, end_date=20230629T202059
[2023-06-29T20:20:59.490+0000] {local_task_job.py:212} INFO - Task exited with return code 0
[2023-06-29T20:20:59.543+0000] {taskinstance.py:2596} INFO - 0 downstream tasks scheduled from follow-on schedule check
