[2023-06-28T21:01:54.533+0000] {taskinstance.py:1090} INFO - Dependencies all met for dep_context=non-requeueable deps ti=<TaskInstance: get_pnadc_data_new.upload_raw_data_to_s3 manual__2023-06-28T17:01:35-04:00 [queued]>
[2023-06-28T21:01:54.546+0000] {taskinstance.py:1090} INFO - Dependencies all met for dep_context=requeueable deps ti=<TaskInstance: get_pnadc_data_new.upload_raw_data_to_s3 manual__2023-06-28T17:01:35-04:00 [queued]>
[2023-06-28T21:01:54.546+0000] {taskinstance.py:1288} INFO - 
--------------------------------------------------------------------------------
[2023-06-28T21:01:54.546+0000] {taskinstance.py:1289} INFO - Starting attempt 1 of 1
[2023-06-28T21:01:54.546+0000] {taskinstance.py:1290} INFO - 
--------------------------------------------------------------------------------
[2023-06-28T21:01:54.645+0000] {taskinstance.py:1309} INFO - Executing <Task(LocalFilesystemToS3Operator): upload_raw_data_to_s3> on 2023-06-28 21:01:35+00:00
[2023-06-28T21:01:54.680+0000] {standard_task_runner.py:55} INFO - Started process 394 to run task
[2023-06-28T21:01:54.692+0000] {standard_task_runner.py:82} INFO - Running: ['***', 'tasks', 'run', 'get_pnadc_data_new', 'upload_raw_data_to_s3', 'manual__2023-06-28T17:01:35-04:00', '--job-id', '252', '--raw', '--subdir', 'DAGS_FOLDER/get_pnadc_data_new.py', '--cfg-path', '/tmp/tmpm3bjlnw2']
[2023-06-28T21:01:54.698+0000] {standard_task_runner.py:83} INFO - Job 252: Subtask upload_raw_data_to_s3
[2023-06-28T21:01:54.893+0000] {task_command.py:389} INFO - Running <TaskInstance: get_pnadc_data_new.upload_raw_data_to_s3 manual__2023-06-28T17:01:35-04:00 [running]> on host d9b032dfc97f
[2023-06-28T21:01:55.418+0000] {taskinstance.py:1518} INFO - Exporting the following env vars:
AIRFLOW_CTX_DAG_OWNER=***
AIRFLOW_CTX_DAG_ID=get_pnadc_data_new
AIRFLOW_CTX_TASK_ID=upload_raw_data_to_s3
AIRFLOW_CTX_EXECUTION_DATE=2023-06-28T21:01:35+00:00
AIRFLOW_CTX_TRY_NUMBER=1
AIRFLOW_CTX_DAG_RUN_ID=manual__2023-06-28T17:01:35-04:00
[2023-06-28T21:01:55.429+0000] {base.py:73} INFO - Using connection ID 'aws_conn' for task execution.
[2023-06-28T21:01:55.430+0000] {connection_wrapper.py:337} INFO - AWS Connection (conn_id='aws_conn', conn_type='aws') credentials retrieved from login and password.
[2023-06-28T21:02:01.402+0000] {taskinstance.py:1332} INFO - Marking task as SUCCESS. dag_id=get_pnadc_data_new, task_id=upload_raw_data_to_s3, execution_date=20230628T210135, start_date=20230628T210154, end_date=20230628T210201
[2023-06-28T21:02:01.504+0000] {local_task_job.py:212} INFO - Task exited with return code 0
[2023-06-28T21:02:01.548+0000] {taskinstance.py:2596} INFO - 1 downstream tasks scheduled from follow-on schedule check
