[2023-06-27T18:52:16.331+0000] {taskinstance.py:1090} INFO - Dependencies all met for dep_context=non-requeueable deps ti=<TaskInstance: get_pnadc_data_new.get_s3_raw_data manual__2023-06-27T14:51:26-04:00 [queued]>
[2023-06-27T18:52:16.352+0000] {taskinstance.py:1090} INFO - Dependencies all met for dep_context=requeueable deps ti=<TaskInstance: get_pnadc_data_new.get_s3_raw_data manual__2023-06-27T14:51:26-04:00 [queued]>
[2023-06-27T18:52:16.353+0000] {taskinstance.py:1288} INFO - 
--------------------------------------------------------------------------------
[2023-06-27T18:52:16.353+0000] {taskinstance.py:1289} INFO - Starting attempt 1 of 1
[2023-06-27T18:52:16.353+0000] {taskinstance.py:1290} INFO - 
--------------------------------------------------------------------------------
[2023-06-27T18:52:16.509+0000] {taskinstance.py:1309} INFO - Executing <Task(PythonOperator): get_s3_raw_data> on 2023-06-27 18:51:26+00:00
[2023-06-27T18:52:16.517+0000] {standard_task_runner.py:55} INFO - Started process 17827 to run task
[2023-06-27T18:52:16.522+0000] {standard_task_runner.py:82} INFO - Running: ['***', 'tasks', 'run', 'get_pnadc_data_new', 'get_s3_raw_data', 'manual__2023-06-27T14:51:26-04:00', '--job-id', '78', '--raw', '--subdir', 'DAGS_FOLDER/get_pnadc_data_new.py', '--cfg-path', '/tmp/tmp9m5v8pal']
[2023-06-27T18:52:16.525+0000] {standard_task_runner.py:83} INFO - Job 78: Subtask get_s3_raw_data
[2023-06-27T18:52:17.018+0000] {task_command.py:389} INFO - Running <TaskInstance: get_pnadc_data_new.get_s3_raw_data manual__2023-06-27T14:51:26-04:00 [running]> on host fef15d81d3ea
[2023-06-27T18:52:17.506+0000] {taskinstance.py:1518} INFO - Exporting the following env vars:
AIRFLOW_CTX_DAG_OWNER=***
AIRFLOW_CTX_DAG_ID=get_pnadc_data_new
AIRFLOW_CTX_TASK_ID=get_s3_raw_data
AIRFLOW_CTX_EXECUTION_DATE=2023-06-27T18:51:26+00:00
AIRFLOW_CTX_TRY_NUMBER=1
AIRFLOW_CTX_DAG_RUN_ID=manual__2023-06-27T14:51:26-04:00
[2023-06-27T18:52:17.521+0000] {base.py:73} INFO - Using connection ID 'aws_conn' for task execution.
[2023-06-27T18:52:17.521+0000] {connection_wrapper.py:337} INFO - AWS Connection (conn_id='aws_conn', conn_type='aws') credentials retrieved from login and password.
[2023-06-27T18:52:20.270+0000] {python.py:177} INFO - Done. Returned value was: None
[2023-06-27T18:52:20.300+0000] {taskinstance.py:1332} INFO - Marking task as SUCCESS. dag_id=get_pnadc_data_new, task_id=get_s3_raw_data, execution_date=20230627T185126, start_date=20230627T185216, end_date=20230627T185220
[2023-06-27T18:52:20.558+0000] {local_task_job.py:212} INFO - Task exited with return code 0
[2023-06-27T18:52:20.618+0000] {taskinstance.py:2596} INFO - 1 downstream tasks scheduled from follow-on schedule check
