[2023-06-29T19:15:48.850+0000] {taskinstance.py:1090} INFO - Dependencies all met for dep_context=non-requeueable deps ti=<TaskInstance: get_igbe_data.clean_data manual__2023-06-29T15:14:41-04:00 [queued]>
[2023-06-29T19:15:48.861+0000] {taskinstance.py:1090} INFO - Dependencies all met for dep_context=requeueable deps ti=<TaskInstance: get_igbe_data.clean_data manual__2023-06-29T15:14:41-04:00 [queued]>
[2023-06-29T19:15:48.861+0000] {taskinstance.py:1288} INFO - 
--------------------------------------------------------------------------------
[2023-06-29T19:15:48.862+0000] {taskinstance.py:1289} INFO - Starting attempt 1 of 1
[2023-06-29T19:15:48.862+0000] {taskinstance.py:1290} INFO - 
--------------------------------------------------------------------------------
[2023-06-29T19:15:48.970+0000] {taskinstance.py:1309} INFO - Executing <Task(PythonOperator): clean_data> on 2023-06-29 19:14:41+00:00
[2023-06-29T19:15:48.977+0000] {standard_task_runner.py:55} INFO - Started process 5489 to run task
[2023-06-29T19:15:48.980+0000] {standard_task_runner.py:82} INFO - Running: ['***', 'tasks', 'run', 'get_igbe_data', 'clean_data', 'manual__2023-06-29T15:14:41-04:00', '--job-id', '387', '--raw', '--subdir', 'DAGS_FOLDER/get_ibge_data.py', '--cfg-path', '/tmp/tmphux020ud']
[2023-06-29T19:15:48.982+0000] {standard_task_runner.py:83} INFO - Job 387: Subtask clean_data
[2023-06-29T19:15:49.115+0000] {task_command.py:389} INFO - Running <TaskInstance: get_igbe_data.clean_data manual__2023-06-29T15:14:41-04:00 [running]> on host 41bc33bbab58
[2023-06-29T19:15:49.512+0000] {taskinstance.py:1518} INFO - Exporting the following env vars:
AIRFLOW_CTX_DAG_OWNER=***
AIRFLOW_CTX_DAG_ID=get_igbe_data
AIRFLOW_CTX_TASK_ID=clean_data
AIRFLOW_CTX_EXECUTION_DATE=2023-06-29T19:14:41+00:00
AIRFLOW_CTX_TRY_NUMBER=1
AIRFLOW_CTX_DAG_RUN_ID=manual__2023-06-29T15:14:41-04:00
[2023-06-29T19:15:49.880+0000] {python.py:177} INFO - Done. Returned value was: None
[2023-06-29T19:15:49.891+0000] {taskinstance.py:1332} INFO - Marking task as SUCCESS. dag_id=get_igbe_data, task_id=clean_data, execution_date=20230629T191441, start_date=20230629T191548, end_date=20230629T191549
[2023-06-29T19:15:50.038+0000] {local_task_job.py:212} INFO - Task exited with return code 0
[2023-06-29T19:15:50.087+0000] {taskinstance.py:2596} INFO - 1 downstream tasks scheduled from follow-on schedule check
