[2023-06-29T21:08:11.213+0000] {taskinstance.py:1090} INFO - Dependencies all met for dep_context=non-requeueable deps ti=<TaskInstance: get_igbe_data.transfer_s3_to_redshift_states manual__2023-06-29T17:06:32-04:00 [queued]>
[2023-06-29T21:08:11.224+0000] {taskinstance.py:1090} INFO - Dependencies all met for dep_context=requeueable deps ti=<TaskInstance: get_igbe_data.transfer_s3_to_redshift_states manual__2023-06-29T17:06:32-04:00 [queued]>
[2023-06-29T21:08:11.224+0000] {taskinstance.py:1288} INFO - 
--------------------------------------------------------------------------------
[2023-06-29T21:08:11.224+0000] {taskinstance.py:1289} INFO - Starting attempt 1 of 1
[2023-06-29T21:08:11.224+0000] {taskinstance.py:1290} INFO - 
--------------------------------------------------------------------------------
[2023-06-29T21:08:11.269+0000] {taskinstance.py:1309} INFO - Executing <Task(S3ToRedshiftOperator): transfer_s3_to_redshift_states> on 2023-06-29 21:06:32+00:00
[2023-06-29T21:08:11.276+0000] {standard_task_runner.py:55} INFO - Started process 6660 to run task
[2023-06-29T21:08:11.279+0000] {standard_task_runner.py:82} INFO - Running: ['***', 'tasks', 'run', 'get_igbe_data', 'transfer_s3_to_redshift_states', 'manual__2023-06-29T17:06:32-04:00', '--job-id', '67', '--raw', '--subdir', 'DAGS_FOLDER/get_ibge_data.py', '--cfg-path', '/tmp/tmp_gg8plxj']
[2023-06-29T21:08:11.281+0000] {standard_task_runner.py:83} INFO - Job 67: Subtask transfer_s3_to_redshift_states
[2023-06-29T21:08:11.396+0000] {task_command.py:389} INFO - Running <TaskInstance: get_igbe_data.transfer_s3_to_redshift_states manual__2023-06-29T17:06:32-04:00 [running]> on host b4b1b6c8b5f0
[2023-06-29T21:08:11.747+0000] {taskinstance.py:1518} INFO - Exporting the following env vars:
AIRFLOW_CTX_DAG_OWNER=***
AIRFLOW_CTX_DAG_ID=get_igbe_data
AIRFLOW_CTX_TASK_ID=transfer_s3_to_redshift_states
AIRFLOW_CTX_EXECUTION_DATE=2023-06-29T21:06:32+00:00
AIRFLOW_CTX_TRY_NUMBER=1
AIRFLOW_CTX_DAG_RUN_ID=manual__2023-06-29T17:06:32-04:00
[2023-06-29T21:08:11.757+0000] {base.py:73} INFO - Using connection ID 'aws_conn' for task execution.
[2023-06-29T21:08:11.763+0000] {base.py:73} INFO - Using connection ID 'aws_conn' for task execution.
[2023-06-29T21:08:11.763+0000] {connection_wrapper.py:337} INFO - AWS Connection (conn_id='aws_conn', conn_type='aws') credentials retrieved from login and password.
[2023-06-29T21:08:11.774+0000] {s3_to_redshift.py:164} INFO - Executing COPY command...
[2023-06-29T21:08:11.780+0000] {base.py:73} INFO - Using connection ID 'redshift_conn' for task execution.
[2023-06-29T21:08:13.914+0000] {sql.py:375} INFO - Running statement: 
                    COPY public.ibge_data_states 
                    FROM 's3://ibgebucket-data-pnadc/ibge/filter/filter_geoloc_data_igbe_processed_states_2023_06_29.csv'
                    credentials
                    'aws_access_key_id=AKIARUML2T4G3H7J744G;aws_secret_access_key=***'
                    DELIMITER ','
			NULL AS ''
			IGNOREHEADER 1;
        , parameters: None
[2023-06-29T21:08:20.721+0000] {s3_to_redshift.py:166} INFO - COPY command complete...
[2023-06-29T21:08:20.736+0000] {taskinstance.py:1332} INFO - Marking task as SUCCESS. dag_id=get_igbe_data, task_id=transfer_s3_to_redshift_states, execution_date=20230629T210632, start_date=20230629T210811, end_date=20230629T210820
[2023-06-29T21:08:20.870+0000] {local_task_job.py:212} INFO - Task exited with return code 0
[2023-06-29T21:08:20.893+0000] {taskinstance.py:2596} INFO - 0 downstream tasks scheduled from follow-on schedule check
