[2023-06-29T20:20:18.751+0000] {taskinstance.py:1090} INFO - Dependencies all met for dep_context=non-requeueable deps ti=<TaskInstance: get_pnadc_data.cleans.clean_data_mod_rows manual__2023-06-29T16:19:51-04:00 [queued]>
[2023-06-29T20:20:18.764+0000] {taskinstance.py:1090} INFO - Dependencies all met for dep_context=requeueable deps ti=<TaskInstance: get_pnadc_data.cleans.clean_data_mod_rows manual__2023-06-29T16:19:51-04:00 [queued]>
[2023-06-29T20:20:18.764+0000] {taskinstance.py:1288} INFO - 
--------------------------------------------------------------------------------
[2023-06-29T20:20:18.764+0000] {taskinstance.py:1289} INFO - Starting attempt 1 of 1
[2023-06-29T20:20:18.764+0000] {taskinstance.py:1290} INFO - 
--------------------------------------------------------------------------------
[2023-06-29T20:20:18.810+0000] {taskinstance.py:1309} INFO - Executing <Task(PythonOperator): cleans.clean_data_mod_rows> on 2023-06-29 20:19:51+00:00
[2023-06-29T20:20:18.817+0000] {standard_task_runner.py:55} INFO - Started process 2931 to run task
[2023-06-29T20:20:18.821+0000] {standard_task_runner.py:82} INFO - Running: ['***', 'tasks', 'run', 'get_pnadc_data', 'cleans.clean_data_mod_rows', 'manual__2023-06-29T16:19:51-04:00', '--job-id', '37', '--raw', '--subdir', 'DAGS_FOLDER/get_pnadc_data.py', '--cfg-path', '/tmp/tmp8ylceeof']
[2023-06-29T20:20:18.823+0000] {standard_task_runner.py:83} INFO - Job 37: Subtask cleans.clean_data_mod_rows
[2023-06-29T20:20:18.907+0000] {task_command.py:389} INFO - Running <TaskInstance: get_pnadc_data.cleans.clean_data_mod_rows manual__2023-06-29T16:19:51-04:00 [running]> on host b4b1b6c8b5f0
[2023-06-29T20:20:19.372+0000] {taskinstance.py:1518} INFO - Exporting the following env vars:
AIRFLOW_CTX_DAG_OWNER=***
AIRFLOW_CTX_DAG_ID=get_pnadc_data
AIRFLOW_CTX_TASK_ID=cleans.clean_data_mod_rows
AIRFLOW_CTX_EXECUTION_DATE=2023-06-29T20:19:51+00:00
AIRFLOW_CTX_TRY_NUMBER=1
AIRFLOW_CTX_DAG_RUN_ID=manual__2023-06-29T16:19:51-04:00
[2023-06-29T20:20:19.696+0000] {python.py:177} INFO - Done. Returned value was: None
[2023-06-29T20:20:19.706+0000] {taskinstance.py:1332} INFO - Marking task as SUCCESS. dag_id=get_pnadc_data, task_id=cleans.clean_data_mod_rows, execution_date=20230629T201951, start_date=20230629T202018, end_date=20230629T202019
[2023-06-29T20:20:19.798+0000] {local_task_job.py:212} INFO - Task exited with return code 0
[2023-06-29T20:20:19.836+0000] {taskinstance.py:2596} INFO - 1 downstream tasks scheduled from follow-on schedule check
