[2023-06-29T19:57:23.436+0000] {taskinstance.py:1090} INFO - Dependencies all met for dep_context=non-requeueable deps ti=<TaskInstance: get_igbe_data.transfer_rds_states_data_to_s3 manual__2023-06-29T15:56:14-04:00 [queued]>
[2023-06-29T19:57:23.446+0000] {taskinstance.py:1090} INFO - Dependencies all met for dep_context=requeueable deps ti=<TaskInstance: get_igbe_data.transfer_rds_states_data_to_s3 manual__2023-06-29T15:56:14-04:00 [queued]>
[2023-06-29T19:57:23.446+0000] {taskinstance.py:1288} INFO - 
--------------------------------------------------------------------------------
[2023-06-29T19:57:23.446+0000] {taskinstance.py:1289} INFO - Starting attempt 1 of 1
[2023-06-29T19:57:23.446+0000] {taskinstance.py:1290} INFO - 
--------------------------------------------------------------------------------
[2023-06-29T19:57:23.485+0000] {taskinstance.py:1309} INFO - Executing <Task(PythonOperator): transfer_rds_states_data_to_s3> on 2023-06-29 19:56:14+00:00
[2023-06-29T19:57:23.492+0000] {standard_task_runner.py:55} INFO - Started process 1165 to run task
[2023-06-29T19:57:23.495+0000] {standard_task_runner.py:82} INFO - Running: ['***', 'tasks', 'run', 'get_igbe_data', 'transfer_rds_states_data_to_s3', 'manual__2023-06-29T15:56:14-04:00', '--job-id', '11', '--raw', '--subdir', 'DAGS_FOLDER/get_ibge_data.py', '--cfg-path', '/tmp/tmp2dil4u5w']
[2023-06-29T19:57:23.497+0000] {standard_task_runner.py:83} INFO - Job 11: Subtask transfer_rds_states_data_to_s3
[2023-06-29T19:57:23.591+0000] {task_command.py:389} INFO - Running <TaskInstance: get_igbe_data.transfer_rds_states_data_to_s3 manual__2023-06-29T15:56:14-04:00 [running]> on host b4b1b6c8b5f0
[2023-06-29T19:57:23.967+0000] {taskinstance.py:1518} INFO - Exporting the following env vars:
AIRFLOW_CTX_DAG_OWNER=***
AIRFLOW_CTX_DAG_ID=get_igbe_data
AIRFLOW_CTX_TASK_ID=transfer_rds_states_data_to_s3
AIRFLOW_CTX_EXECUTION_DATE=2023-06-29T19:56:14+00:00
AIRFLOW_CTX_TRY_NUMBER=1
AIRFLOW_CTX_DAG_RUN_ID=manual__2023-06-29T15:56:14-04:00
[2023-06-29T19:57:23.984+0000] {base.py:73} INFO - Using connection ID 'aws_conn' for task execution.
[2023-06-29T19:57:23.985+0000] {connection_wrapper.py:337} INFO - AWS Connection (conn_id='aws_conn', conn_type='aws') credentials retrieved from login and password.
[2023-06-29T19:57:24.648+0000] {base.py:73} INFO - Using connection ID 'postgres_conn' for task execution.
[2023-06-29T19:57:33.074+0000] {python.py:177} INFO - Done. Returned value was: None
[2023-06-29T19:57:33.090+0000] {taskinstance.py:1332} INFO - Marking task as SUCCESS. dag_id=get_igbe_data, task_id=transfer_rds_states_data_to_s3, execution_date=20230629T195614, start_date=20230629T195723, end_date=20230629T195733
[2023-06-29T19:57:33.227+0000] {local_task_job.py:212} INFO - Task exited with return code 0
[2023-06-29T19:57:33.346+0000] {taskinstance.py:2596} INFO - 0 downstream tasks scheduled from follow-on schedule check
