[2023-06-27T21:52:39.899+0000] {taskinstance.py:1090} INFO - Dependencies all met for dep_context=non-requeueable deps ti=<TaskInstance: get_pnadc_data_new.transfer_s3_to_rds manual__2023-06-27T17:52:03-04:00 [queued]>
[2023-06-27T21:52:39.934+0000] {taskinstance.py:1090} INFO - Dependencies all met for dep_context=requeueable deps ti=<TaskInstance: get_pnadc_data_new.transfer_s3_to_rds manual__2023-06-27T17:52:03-04:00 [queued]>
[2023-06-27T21:52:39.935+0000] {taskinstance.py:1288} INFO - 
--------------------------------------------------------------------------------
[2023-06-27T21:52:39.935+0000] {taskinstance.py:1289} INFO - Starting attempt 1 of 1
[2023-06-27T21:52:39.935+0000] {taskinstance.py:1290} INFO - 
--------------------------------------------------------------------------------
[2023-06-27T21:52:40.011+0000] {taskinstance.py:1309} INFO - Executing <Task(S3ToSqlOperator): transfer_s3_to_rds> on 2023-06-27 21:52:03+00:00
[2023-06-27T21:52:40.027+0000] {standard_task_runner.py:55} INFO - Started process 31221 to run task
[2023-06-27T21:52:40.032+0000] {standard_task_runner.py:82} INFO - Running: ['***', 'tasks', 'run', 'get_pnadc_data_new', 'transfer_s3_to_rds', 'manual__2023-06-27T17:52:03-04:00', '--job-id', '146', '--raw', '--subdir', 'DAGS_FOLDER/get_pnadc_data_new.py', '--cfg-path', '/tmp/tmpp0l0mp_j']
[2023-06-27T21:52:40.035+0000] {standard_task_runner.py:83} INFO - Job 146: Subtask transfer_s3_to_rds
[2023-06-27T21:52:40.171+0000] {task_command.py:389} INFO - Running <TaskInstance: get_pnadc_data_new.transfer_s3_to_rds manual__2023-06-27T17:52:03-04:00 [running]> on host fef15d81d3ea
[2023-06-27T21:52:40.553+0000] {taskinstance.py:1518} INFO - Exporting the following env vars:
AIRFLOW_CTX_DAG_OWNER=***
AIRFLOW_CTX_DAG_ID=get_pnadc_data_new
AIRFLOW_CTX_TASK_ID=transfer_s3_to_rds
AIRFLOW_CTX_EXECUTION_DATE=2023-06-27T21:52:03+00:00
AIRFLOW_CTX_TRY_NUMBER=1
AIRFLOW_CTX_DAG_RUN_ID=manual__2023-06-27T17:52:03-04:00
[2023-06-27T21:52:40.554+0000] {s3_to_sql.py:101} INFO - Loading testfiles/processed/processed_data_pnadc_2023_06_27.csv to SQL table people_info...
[2023-06-27T21:52:40.565+0000] {base.py:73} INFO - Using connection ID 'aws_conn' for task execution.
[2023-06-27T21:52:40.566+0000] {connection_wrapper.py:337} INFO - AWS Connection (conn_id='aws_conn', conn_type='aws') credentials retrieved from login and password.
[2023-06-27T21:52:42.196+0000] {base.py:73} INFO - Using connection ID 'postgres_conn' for task execution.
[2023-06-27T21:52:48.093+0000] {base.py:73} INFO - Using connection ID 'postgres_conn' for task execution.
[2023-06-27T21:53:07.894+0000] {sql.py:473} INFO - Done loading. Loaded a total of 100 rows into people_info
[2023-06-27T21:53:07.905+0000] {taskinstance.py:1332} INFO - Marking task as SUCCESS. dag_id=get_pnadc_data_new, task_id=transfer_s3_to_rds, execution_date=20230627T215203, start_date=20230627T215239, end_date=20230627T215307
[2023-06-27T21:53:08.105+0000] {local_task_job.py:212} INFO - Task exited with return code 0
[2023-06-27T21:53:08.147+0000] {taskinstance.py:2596} INFO - 1 downstream tasks scheduled from follow-on schedule check
