[2023-06-29T20:16:42.277+0000] {taskinstance.py:1090} INFO - Dependencies all met for dep_context=non-requeueable deps ti=<TaskInstance: get_igbe_data.upload_to_s3 manual__2023-06-29T16:16:06-04:00 [queued]>
[2023-06-29T20:16:42.287+0000] {taskinstance.py:1090} INFO - Dependencies all met for dep_context=requeueable deps ti=<TaskInstance: get_igbe_data.upload_to_s3 manual__2023-06-29T16:16:06-04:00 [queued]>
[2023-06-29T20:16:42.287+0000] {taskinstance.py:1288} INFO - 
--------------------------------------------------------------------------------
[2023-06-29T20:16:42.288+0000] {taskinstance.py:1289} INFO - Starting attempt 1 of 1
[2023-06-29T20:16:42.288+0000] {taskinstance.py:1290} INFO - 
--------------------------------------------------------------------------------
[2023-06-29T20:16:42.328+0000] {taskinstance.py:1309} INFO - Executing <Task(LocalFilesystemToS3Operator): upload_to_s3> on 2023-06-29 20:16:06+00:00
[2023-06-29T20:16:42.335+0000] {standard_task_runner.py:55} INFO - Started process 2602 to run task
[2023-06-29T20:16:42.338+0000] {standard_task_runner.py:82} INFO - Running: ['***', 'tasks', 'run', 'get_igbe_data', 'upload_to_s3', 'manual__2023-06-29T16:16:06-04:00', '--job-id', '25', '--raw', '--subdir', 'DAGS_FOLDER/get_ibge_data.py', '--cfg-path', '/tmp/tmp27dx57nc']
[2023-06-29T20:16:42.340+0000] {standard_task_runner.py:83} INFO - Job 25: Subtask upload_to_s3
[2023-06-29T20:16:42.445+0000] {task_command.py:389} INFO - Running <TaskInstance: get_igbe_data.upload_to_s3 manual__2023-06-29T16:16:06-04:00 [running]> on host b4b1b6c8b5f0
[2023-06-29T20:16:42.750+0000] {taskinstance.py:1518} INFO - Exporting the following env vars:
AIRFLOW_CTX_DAG_OWNER=***
AIRFLOW_CTX_DAG_ID=get_igbe_data
AIRFLOW_CTX_TASK_ID=upload_to_s3
AIRFLOW_CTX_EXECUTION_DATE=2023-06-29T20:16:06+00:00
AIRFLOW_CTX_TRY_NUMBER=1
AIRFLOW_CTX_DAG_RUN_ID=manual__2023-06-29T16:16:06-04:00
[2023-06-29T20:16:42.764+0000] {base.py:73} INFO - Using connection ID 'aws_conn' for task execution.
[2023-06-29T20:16:42.765+0000] {connection_wrapper.py:337} INFO - AWS Connection (conn_id='aws_conn', conn_type='aws') credentials retrieved from login and password.
[2023-06-29T20:16:50.746+0000] {taskinstance.py:1332} INFO - Marking task as SUCCESS. dag_id=get_igbe_data, task_id=upload_to_s3, execution_date=20230629T201606, start_date=20230629T201642, end_date=20230629T201650
[2023-06-29T20:16:50.853+0000] {local_task_job.py:212} INFO - Task exited with return code 0
[2023-06-29T20:16:50.880+0000] {taskinstance.py:2596} INFO - 1 downstream tasks scheduled from follow-on schedule check
