[2023-06-27T19:12:57.068+0000] {taskinstance.py:1090} INFO - Dependencies all met for dep_context=non-requeueable deps ti=<TaskInstance: get_pnadc_data_new.upload_raw_data_to_s3 manual__2023-06-27T15:12:36-04:00 [queued]>
[2023-06-27T19:12:57.080+0000] {taskinstance.py:1090} INFO - Dependencies all met for dep_context=requeueable deps ti=<TaskInstance: get_pnadc_data_new.upload_raw_data_to_s3 manual__2023-06-27T15:12:36-04:00 [queued]>
[2023-06-27T19:12:57.081+0000] {taskinstance.py:1288} INFO - 
--------------------------------------------------------------------------------
[2023-06-27T19:12:57.081+0000] {taskinstance.py:1289} INFO - Starting attempt 1 of 1
[2023-06-27T19:12:57.081+0000] {taskinstance.py:1290} INFO - 
--------------------------------------------------------------------------------
[2023-06-27T19:12:57.137+0000] {taskinstance.py:1309} INFO - Executing <Task(LocalFilesystemToS3Operator): upload_raw_data_to_s3> on 2023-06-27 19:12:36+00:00
[2023-06-27T19:12:57.145+0000] {standard_task_runner.py:55} INFO - Started process 19363 to run task
[2023-06-27T19:12:57.150+0000] {standard_task_runner.py:82} INFO - Running: ['***', 'tasks', 'run', 'get_pnadc_data_new', 'upload_raw_data_to_s3', 'manual__2023-06-27T15:12:36-04:00', '--job-id', '85', '--raw', '--subdir', 'DAGS_FOLDER/get_pnadc_data_new.py', '--cfg-path', '/tmp/tmp3s92na22']
[2023-06-27T19:12:57.152+0000] {standard_task_runner.py:83} INFO - Job 85: Subtask upload_raw_data_to_s3
[2023-06-27T19:12:57.290+0000] {task_command.py:389} INFO - Running <TaskInstance: get_pnadc_data_new.upload_raw_data_to_s3 manual__2023-06-27T15:12:36-04:00 [running]> on host fef15d81d3ea
[2023-06-27T19:12:57.465+0000] {taskinstance.py:1518} INFO - Exporting the following env vars:
AIRFLOW_CTX_DAG_OWNER=***
AIRFLOW_CTX_DAG_ID=get_pnadc_data_new
AIRFLOW_CTX_TASK_ID=upload_raw_data_to_s3
AIRFLOW_CTX_EXECUTION_DATE=2023-06-27T19:12:36+00:00
AIRFLOW_CTX_TRY_NUMBER=1
AIRFLOW_CTX_DAG_RUN_ID=manual__2023-06-27T15:12:36-04:00
[2023-06-27T19:12:57.477+0000] {base.py:73} INFO - Using connection ID 'aws_conn' for task execution.
[2023-06-27T19:12:57.478+0000] {connection_wrapper.py:337} INFO - AWS Connection (conn_id='aws_conn', conn_type='aws') credentials retrieved from login and password.
[2023-06-27T19:13:03.853+0000] {taskinstance.py:1332} INFO - Marking task as SUCCESS. dag_id=get_pnadc_data_new, task_id=upload_raw_data_to_s3, execution_date=20230627T191236, start_date=20230627T191257, end_date=20230627T191303
[2023-06-27T19:13:04.039+0000] {local_task_job.py:212} INFO - Task exited with return code 0
[2023-06-27T19:13:04.121+0000] {taskinstance.py:2596} INFO - 0 downstream tasks scheduled from follow-on schedule check
